≡ƒÅü Initiating 5-Minute Dedicated Node Micro-Arbitrage Test...
[dotenv@17.3.1] injecting env (16) from .env -- tip: ≡ƒ¢í∩╕Å auth for agents: https://vestauth.com
node : C:\pcprotocol\optimized-ju
piter-bot\src\utils\logger.js:49
At line:1 char:1
+ node scripts\run_5min.js > 
c:\pcprotocol\5min_live.log 2>&1
+ ~~~~~~~~~~~~~~~~~~~~~~~~~~~~~~~
~~~~~~~~~~~~~~~~~~~~~~~~~~~~
    + CategoryInfo          : No 
   tSpecified: (C:\pcprotocol\o  
  ...ls\logger.js:49:String) [   
 ], RemoteException
    + FullyQualifiedErrorId : Na 
   tiveCommandError
 
var db = new better_sqlite3_1.def
ault(config_1.config.LOG_DB_PATH)
;
         ^
TypeError: 
better_sqlite3_1.default is not 
a constructor
    at Object.<anonymous> (C:\pcp
rotocol\optimized-jupiter-bot\src
\utils\logger.js:49:10)
    at Module._compile (node:inte
rnal/modules/cjs/loader:1812:14)
    at node:internal/modules/cjs/
loader:1943:10
    at Object.require.extensions.
<computed> [as .js] (C:\pcprotoco
l\optimized-jupiter-bot\node_modu
les\ts-node\src\index.ts:1608:43)
    at Module.load (node:internal
/modules/cjs/loader:1533:32)
    at Module._load (node:interna
l/modules/cjs/loader:1335:12)
    at wrapModuleLoad (node:inter
nal/modules/cjs/loader:255:19)
    at Module.require (node:inter
nal/modules/cjs/loader:1556:12)
    at require (node:internal/mod
ules/helpers:152:16)
    at Object.<anonymous> (C:\pcp
rotocol\optimized-jupiter-bot\src
\geyser\client.ts:2:1)

ΓÅ▒∩╕Å 5 Minutes elapsed. Terminating Engine...
