   🏁 [MULTIPLEXER] Completed concurrent target sweep block.

======================================================
🟢 ArbitraSaaS CORE METEOR-ENGINE LIVE DAEMON
======================================================
[CORE] Initialized Engine with Active Wallet: DnQhJawMXW7ZWA19XbzrV1q3KWZvMnpfyrxe4f74FHVj
[CORE] Initializing mempool listeners starting at Block Height:  407458531

💼 [BAGS.FM] Syncing Protocol Analytics for PocketChange (PKC)...
[SCANNER] Subscribing to Raydium AMM V4 & Pump.fun Migration Events...

⚡ [EXEC] Scanning public DEX liquidity (Jupiter V6) & pushing to fleet...
   📡 [MULTIPLEXER] Sweep allocated to 1 pair (QuickNode Throttle)...
   📊 [TRIANGULAR] Route: SOL -> RAY -> SOL | Est Profit: -0.000040 SOL

⚡ [EXEC] Scanning public DEX liquidity (Jupiter V6) & pushing to fleet...
   📡 [MULTIPLEXER] Sweep allocated to 1 pair (QuickNode Throttle)...

   🌐 [SPATIAL CEX-DEX SCANNER] Testing WIF Spread...
      [BITGET]  Bid: $0.171400 | Ask: $0.171600
      [JUPITER] Bid: $0.170867 | Ask: $0.172427
      🔴 No >0.001% Threshold Spread for WIF. Best Route: -0.427%

   🌐 [SPATIAL CEX-DEX SCANNER] Testing WIF Spread...
      [BITGET]  Bid: $0.171500 | Ask: $0.171700
      [JUPITER] Bid: $0.170867 | Ask: $0.172427
      🔴 No >0.001% Threshold Spread for WIF. Best Route: -0.485%
   📊 [TRIANGULAR] Route: SOL -> RAY -> SOL | Est Profit: -0.000040 SOL
   🚨 [JUPITER SWAP 2 ERROR] Rate limit exceeded - Upgrade at https://marketplace.quicknode.com/add-on/metis-jupiter-v6-swap-api

   🏁 [MULTIPLEXER] Completed concurrent target sweep block.

⚡ [EXEC] Scanning public DEX liquidity (Jupiter V6) & pushing to fleet...
   📡 [MULTIPLEXER] Sweep allocated to 1 pair (QuickNode Throttle)...

   🌐 [SPATIAL CEX-DEX SCANNER] Testing RAY Spread...
      [BITGET]  Bid: $0.605000 | Ask: $0.606000
      [JUPITER] Bid: $0.604872 | Ask: $0.607902
      🔴 No >0.001% Threshold Spread for RAY. Best Route: -0.186%
   --> [DEBUG DEX COMM] Leg 1 Instructions Keys Object:  [
  'tokenLedgerInstruction',
  'computeBudgetInstructions',
  'setupInstructions',
  'swapInstruction',
  'cleanupInstruction',
  'otherInstructions',
  'addressLookupTableAddresses',
  'prioritizationFeeLamports',
  'computeUnitLimit',
  'prioritizationType',
  'simulationSlot',
  'dynamicSlippageReport',
  'simulationError',
  'addressesByLookupTableAddress',
  'blockhashWithMetadata'
]
   --> [DEBUG DEX COMM] Leg 2 Instructions Keys Object:  [
  'tokenLedgerInstruction',
  'computeBudgetInstructions',
  'setupInstructions',
  'swapInstruction',
  'cleanupInstruction',
  'otherInstructions',
  'addressLookupTableAddresses',
  'prioritizationFeeLamports',
  'computeUnitLimit',
  'prioritizationType',
  'simulationSlot',
  'dynamicSlippageReport',
  'simulationError',
  'addressesByLookupTableAddress',
  'blockhashWithMetadata'
]
   --> [DEBUG LEG CONSTRUCTION] Assembling ALTs (Count: 1)...
   --> [DEBUG LEG CONSTRUCTION] Total Binary Instructions Array Length Filtered: 12
   --> [DEBUG LEG CONSTRUCTION] Total Serialized Payload Size: 886 bytes / MTU limit = 1232
   🚀 [RAY] Atomic Arbitrage Payload Built! Dispatching via RPC...
   🏁 [MULTIPLEXER] Completed concurrent target sweep block.
   ✅ [BLOXROUTE-UDP] Atomic Transmission Subsumed! TX Signature: 5Qe2SJKAByiUK5rEX9ai63xh6yEgEnZRAUgz64UcZjLNgQvAeDUYjDzKJU5CHpnta7fp5gNR93pfbb4goR7yDEgw
   🏁 [MULTIPLEXER] Completed concurrent target sweep block.

⚡ [EXEC] Scanning public DEX liquidity (Jupiter V6) & pushing to fleet...
   📡 [MULTIPLEXER] Sweep allocated to 1 pair (QuickNode Throttle)...

   🌐 [SPATIAL CEX-DEX SCANNER] Testing WIF Spread...
      [BITGET]  Bid: $0.171400 | Ask: $0.171600
      [JUPITER] Bid: $0.170838 | Ask: $0.172405
      🔴 No >0.001% Threshold Spread for WIF. Best Route: -0.444%
   📊 [TRIANGULAR] Route: SOL -> WIF -> SOL | Est Profit: -0.000036 SOL

⚡ [EXEC] Scanning public DEX liquidity (Jupiter V6) & pushing to fleet...
   📡 [MULTIPLEXER] Sweep allocated to 1 pair (QuickNode Throttle)...
   --> [DEBUG DEX COMM] Leg 1 Instructions Keys Object:  [
  'tokenLedgerInstruction',
  'computeBudgetInstructions',
  'setupInstructions',
  'swapInstruction',
  'cleanupInstruction',
  'otherInstructions',
  'addressLookupTableAddresses',
  'prioritizationFeeLamports',
  'computeUnitLimit',
  'prioritizationType',
  'simulationSlot',
  'dynamicSlippageReport',
  'simulationError',
  'addressesByLookupTableAddress',
  'blockhashWithMetadata'
]
   --> [DEBUG DEX COMM] Leg 2 Instructions Keys Object:  [
  'tokenLedgerInstruction',
  'computeBudgetInstructions',
  'setupInstructions',
  'swapInstruction',
  'cleanupInstruction',
  'otherInstructions',
  'addressLookupTableAddresses',
  'prioritizationFeeLamports',
  'computeUnitLimit',
  'prioritizationType',
  'simulationSlot',
  'dynamicSlippageReport',
  'simulationError',
  'addressesByLookupTableAddress',
  'blockhashWithMetadata'
]
   --> [DEBUG LEG CONSTRUCTION] Assembling ALTs (Count: 3)...

   🌐 [SPATIAL CEX-DEX SCANNER] Testing WIF Spread...
      [BITGET]  Bid: $0.171500 | Ask: $0.171600
      [JUPITER] Bid: $0.170832 | Ask: $0.172395
      🔴 No >0.001% Threshold Spread for WIF. Best Route: -0.448%
   --> [DEBUG LEG CONSTRUCTION] Total Binary Instructions Array Length Filtered: 12
   --> [DEBUG LEG CONSTRUCTION] Total Serialized Payload Size: 1234 bytes / MTU limit = 1232
   ❌ [DEBUG LEG ERROR] Transaction exceeds MTU! Bailing compilation...
   🏁 [MULTIPLEXER] Completed concurrent target sweep block.
   📊 [TRIANGULAR] Route: SOL -> PNUT -> SOL | Est Profit: -0.000052 SOL
   🚨 [JUPITER SWAP 1 ERROR] Rate limit exceeded - Upgrade at https://marketplace.quicknode.com/add-on/metis-jupiter-v6-swap-api

   🏁 [MULTIPLEXER] Completed concurrent target sweep block.

⚡ [EXEC] Scanning public DEX liquidity (Jupiter V6) & pushing to fleet...
   📡 [MULTIPLEXER] Sweep allocated to 1 pair (QuickNode Throttle)...

   🌐 [SPATIAL CEX-DEX SCANNER] Testing WIF Spread...
      [BITGET]  Bid: $0.171400 | Ask: $0.171600
      [JUPITER] Bid: $0.170822 | Ask: $0.172369
      🔴 No >0.001% Threshold Spread for WIF. Best Route: -0.453%
   🏁 [MULTIPLEXER] Completed concurrent target sweep block.

⚡ [EXEC] Scanning public DEX liquidity (Jupiter V6) & pushing to fleet...
   📡 [MULTIPLEXER] Sweep allocated to 1 pair (QuickNode Throttle)...

   🌐 [SPATIAL CEX-DEX SCANNER] Testing WIF Spread...
      [BITGET]  Bid: $0.171400 | Ask: $0.171600
      [JUPITER] Bid: $0.170833 | Ask: $0.172387
      🔴 No >0.001% Threshold Spread for WIF. Best Route: -0.447%
   🏁 [MULTIPLEXER] Completed concurrent target sweep block.

⚡ [EXEC] Scanning public DEX liquidity (Jupiter V6) & pushing to fleet...
   📡 [MULTIPLEXER] Sweep allocated to 1 pair (QuickNode Throttle)...

   🌐 [SPATIAL CEX-DEX SCANNER] Testing WIF Spread...
      [BITGET]  Bid: $0.171400 | Ask: $0.171600
      [JUPITER] Bid: $0.170841 | Ask: $0.172401
      🔴 No >0.001% Threshold Spread for WIF. Best Route: -0.442%
   📊 [TRIANGULAR] Route: SOL -> RAY -> SOL | Est Profit: -0.000040 SOL

⚡ [EXEC] Scanning public DEX liquidity (Jupiter V6) & pushing to fleet...
   📡 [MULTIPLEXER] Sweep allocated to 1 pair (QuickNode Throttle)...

   🌐 [SPATIAL CEX-DEX SCANNER] Testing RAY Spread...
      [BITGET]  Bid: $0.605000 | Ask: $0.607000
      [JUPITER] Bid: $0.604800 | Ask: $0.607875
      🔴 No >0.001% Threshold Spread for RAY. Best Route: -0.362%
   --> [DEBUG DEX COMM] Leg 1 Instructions Keys Object:  [
  'tokenLedgerInstruction',
  'computeBudgetInstructions',
  'setupInstructions',
  'swapInstruction',
  'cleanupInstruction',
  'otherInstructions',
  'addressLookupTableAddresses',
  'prioritizationFeeLamports',
  'computeUnitLimit',
  'prioritizationType',
  'simulationSlot',
  'dynamicSlippageReport',
  'simulationError',
  'addressesByLookupTableAddress',
  'blockhashWithMetadata'
]
   --> [DEBUG DEX COMM] Leg 2 Instructions Keys Object:  [
  'tokenLedgerInstruction',
  'computeBudgetInstructions',
  'setupInstructions',
  'swapInstruction',
  'cleanupInstruction',
  'otherInstructions',
  'addressLookupTableAddresses',
  'prioritizationFeeLamports',
  'computeUnitLimit',
  'prioritizationType',
  'simulationSlot',
  'dynamicSlippageReport',
  'simulationError',
  'addressesByLookupTableAddress',
  'blockhashWithMetadata'
]
   --> [DEBUG LEG CONSTRUCTION] Assembling ALTs (Count: 4)...
   --> [DEBUG LEG CONSTRUCTION] Total Binary Instructions Array Length Filtered: 12
   --> [DEBUG LEG CONSTRUCTION] Total Serialized Payload Size: 1140 bytes / MTU limit = 1232
   🚀 [RAY] Atomic Arbitrage Payload Built! Dispatching via RPC...
   🏁 [MULTIPLEXER] Completed concurrent target sweep block.
   ✅ [BLOXROUTE-UDP] Atomic Transmission Subsumed! TX Signature: 54kP63vFRU3dK34vvzwY1iqfrDqX491D51VMBsL1PHb3irqJVqxvSu3zHYEufTaYsNyLX8hFQWw6MmaRYH1se2si
   🏁 [MULTIPLEXER] Completed concurrent target sweep block.

⚡ [EXEC] Scanning public DEX liquidity (Jupiter V6) & pushing to fleet...
   📡 [MULTIPLEXER] Sweep allocated to 1 pair (QuickNode Throttle)...

   🌐 [SPATIAL CEX-DEX SCANNER] Testing BONK Spread...
      [BITGET]  Bid: $0.000006 | Ask: $0.000006
      [JUPITER] Bid: $0.000006 | Ask: $0.000006
      🔴 No >0.001% Threshold Spread for BONK. Best Route: -0.225%
   📊 [CROSS-DEX] Route: SOL -> PNUT -> SOL | Est Profit: -0.000052 SOL

⚡ [EXEC] Scanning public DEX liquidity (Jupiter V6) & pushing to fleet...
   📡 [MULTIPLEXER] Sweep allocated to 1 pair (QuickNode Throttle)...
   --> [DEBUG DEX COMM] Leg 1 Instructions Keys Object:  [
  'tokenLedgerInstruction',
  'computeBudgetInstructions',
  'setupInstructions',
  'swapInstruction',
  'cleanupInstruction',
  'otherInstructions',
  'addressLookupTableAddresses',
  'prioritizationFeeLamports',
  'computeUnitLimit',
  'prioritizationType',
  'simulationSlot',
  'dynamicSlippageReport',
  'simulationError',
  'addressesByLookupTableAddress',
  'blockhashWithMetadata'
]
   --> [DEBUG DEX COMM] Leg 2 Instructions Keys Object:  [
  'tokenLedgerInstruction',
  'computeBudgetInstructions',
  'setupInstructions',
  'swapInstruction',
  'cleanupInstruction',
  'otherInstructions',
  'addressLookupTableAddresses',
  'prioritizationFeeLamports',
  'computeUnitLimit',
  'prioritizationType',
  'simulationSlot',
  'dynamicSlippageReport',
  'simulationError',
  'addressesByLookupTableAddress',
  'blockhashWithMetadata'
]
   --> [DEBUG LEG CONSTRUCTION] Assembling ALTs (Count: 1)...
   --> [DEBUG LEG CONSTRUCTION] Total Binary Instructions Array Length Filtered: 12
   --> [DEBUG LEG CONSTRUCTION] Total Serialized Payload Size: 743 bytes / MTU limit = 1232
   🚀 [PNUT] Atomic Arbitrage Payload Built! Dispatching via RPC...

   🌐 [SPATIAL CEX-DEX SCANNER] Testing WIF Spread...
      [BITGET]  Bid: $0.171500 | Ask: $0.171600
      [JUPITER] Bid: $0.170787 | Ask: $0.172357
      🔴 No >0.001% Threshold Spread for WIF. Best Route: -0.474%
   ✅ [BLOXROUTE-UDP] Atomic Transmission Subsumed! TX Signature: 3jS8fG9qYFM49hCeW3QonQXnx1fi1Q4iGAWjPacCHqRPqgRKbMPLY7Ri7RQStxWKedcATusZ19zMqCEoKcRC3WKg
   🏁 [MULTIPLEXER] Completed concurrent target sweep block.
   🏁 [MULTIPLEXER] Completed concurrent target sweep block.

⚡ [EXEC] Scanning public DEX liquidity (Jupiter V6) & pushing to fleet...
   📡 [MULTIPLEXER] Sweep allocated to 1 pair (QuickNode Throttle)...

   🌐 [SPATIAL CEX-DEX SCANNER] Testing WIF Spread...
      [BITGET]  Bid: $0.171500 | Ask: $0.171600
      [JUPITER] Bid: $0.170791 | Ask: $0.172358
      🔴 No >0.001% Threshold Spread for WIF. Best Route: -0.472%
   🏁 [MULTIPLEXER] Completed concurrent target sweep block.

⚡ [EXEC] Scanning public DEX liquidity (Jupiter V6) & pushing to fleet...
   📡 [MULTIPLEXER] Sweep allocated to 1 pair (QuickNode Throttle)...

   🌐 [SPATIAL CEX-DEX SCANNER] Testing BONK Spread...
      [BITGET]  Bid: $0.000006 | Ask: $0.000006
      [JUPITER] Bid: $0.000006 | Ask: $0.000006
      🔴 No >0.001% Threshold Spread for BONK. Best Route: -0.245%
   🏁 [MULTIPLEXER] Completed concurrent target sweep block.

⚡ [EXEC] Scanning public DEX liquidity (Jupiter V6) & pushing to fleet...
   📡 [MULTIPLEXER] Sweep allocated to 1 pair (QuickNode Throttle)...

   🌐 [SPATIAL CEX-DEX SCANNER] Testing RAY Spread...
      [BITGET]  Bid: $0.605000 | Ask: $0.606000
      [JUPITER] Bid: $0.604684 | Ask: $0.607726
      🔴 No >0.001% Threshold Spread for RAY. Best Route: -0.217%
   📊 [TRIANGULAR] Route: SOL -> RAY -> SOL | Est Profit: -0.000040 SOL

⚡ [EXEC] Scanning public DEX liquidity (Jupiter V6) & pushing to fleet...
   📡 [MULTIPLEXER] Sweep allocated to 1 pair (QuickNode Throttle)...

   🌐 [SPATIAL CEX-DEX SCANNER] Testing RAY Spread...
      [BITGET]  Bid: $0.605000 | Ask: $0.606000
      [JUPITER] Bid: $0.604789 | Ask: $0.607829
      🔴 No >0.001% Threshold Spread for RAY. Best Route: -0.200%
   --> [DEBUG DEX COMM] Leg 1 Instructions Keys Object:  [
  'tokenLedgerInstruction',
  'computeBudgetInstructions',
  'setupInstructions',
  'swapInstruction',
  'cleanupInstruction',
  'otherInstructions',
  'addressLookupTableAddresses',
  'prioritizationFeeLamports',
  'computeUnitLimit',
  'prioritizationType',
  'simulationSlot',
  'dynamicSlippageReport',
  'simulationError',
  'addressesByLookupTableAddress',
  'blockhashWithMetadata'
]
   --> [DEBUG DEX COMM] Leg 2 Instructions Keys Object:  [
  'tokenLedgerInstruction',
  'computeBudgetInstructions',
  'setupInstructions',
  'swapInstruction',
  'cleanupInstruction',
  'otherInstructions',
  'addressLookupTableAddresses',
  'prioritizationFeeLamports',
  'computeUnitLimit',
  'prioritizationType',
  'simulationSlot',
  'dynamicSlippageReport',
  'simulationError',
  'addressesByLookupTableAddress',
  'blockhashWithMetadata'
]
   --> [DEBUG LEG CONSTRUCTION] Assembling ALTs (Count: 4)...
   --> [DEBUG LEG CONSTRUCTION] Total Binary Instructions Array Length Filtered: 12
   --> [DEBUG LEG CONSTRUCTION] Total Serialized Payload Size: 1243 bytes / MTU limit = 1232
   ❌ [DEBUG LEG ERROR] Transaction exceeds MTU! Bailing compilation...
   🏁 [MULTIPLEXER] Completed concurrent target sweep block.
   🏁 [MULTIPLEXER] Completed concurrent target sweep block.

⚡ [EXEC] Scanning public DEX liquidity (Jupiter V6) & pushing to fleet...
   📡 [MULTIPLEXER] Sweep allocated to 1 pair (QuickNode Throttle)...

   🌐 [SPATIAL CEX-DEX SCANNER] Testing BONK Spread...
      [BITGET]  Bid: $0.000006 | Ask: $0.000006
      [JUPITER] Bid: $0.000006 | Ask: $0.000006
      🔴 No >0.001% Threshold Spread for BONK. Best Route: -0.259%
   🏁 [MULTIPLEXER] Completed concurrent target sweep block.

⚡ [EXEC] Scanning public DEX liquidity (Jupiter V6) & pushing to fleet...
   📡 [MULTIPLEXER] Sweep allocated to 1 pair (QuickNode Throttle)...

   🌐 [SPATIAL CEX-DEX SCANNER] Testing WIF Spread...
      [BITGET]  Bid: $0.171500 | Ask: $0.171600
      [JUPITER] Bid: $0.170856 | Ask: $0.172383
      🔴 No >0.001% Threshold Spread for WIF. Best Route: -0.434%
   🏁 [MULTIPLEXER] Completed concurrent target sweep block.

⚡ [EXEC] Scanning public DEX liquidity (Jupiter V6) & pushing to fleet...
   📡 [MULTIPLEXER] Sweep allocated to 1 pair (QuickNode Throttle)...

   🌐 [SPATIAL CEX-DEX SCANNER] Testing RAY Spread...
      [BITGET]  Bid: $0.605000 | Ask: $0.607000
      [JUPITER] Bid: $0.604829 | Ask: $0.607888
      🔴 No >0.001% Threshold Spread for RAY. Best Route: -0.358%
   📊 [CROSS-DEX] Route: SOL -> BONK -> SOL | Est Profit: -0.000039 SOL

⚡ [EXEC] Scanning public DEX liquidity (Jupiter V6) & pushing to fleet...
   📡 [MULTIPLEXER] Sweep allocated to 1 pair (QuickNode Throttle)...

   🌐 [SPATIAL CEX-DEX SCANNER] Testing RAY Spread...
      [BITGET]  Bid: $0.605000 | Ask: $0.607000
      [JUPITER] Bid: $0.604820 | Ask: $0.607888
      🔴 No >0.001% Threshold Spread for RAY. Best Route: -0.359%
   --> [DEBUG DEX COMM] Leg 1 Instructions Keys Object:  [
  'tokenLedgerInstruction',
  'computeBudgetInstructions',
  'setupInstructions',
  'swapInstruction',
  'cleanupInstruction',
  'otherInstructions',
  'addressLookupTableAddresses',
  'prioritizationFeeLamports',
  'computeUnitLimit',
  'prioritizationType',
  'simulationSlot',
  'dynamicSlippageReport',
  'simulationError',
  'addressesByLookupTableAddress',
  'blockhashWithMetadata'
]
   --> [DEBUG DEX COMM] Leg 2 Instructions Keys Object:  [
  'tokenLedgerInstruction',
  'computeBudgetInstructions',
  'setupInstructions',
  'swapInstruction',
  'cleanupInstruction',
  'otherInstructions',
  'addressLookupTableAddresses',
  'prioritizationFeeLamports',
  'computeUnitLimit',
  'prioritizationType',
  'simulationSlot',
  'dynamicSlippageReport',
  'simulationError',
  'addressesByLookupTableAddress',
  'blockhashWithMetadata'
]
   --> [DEBUG LEG CONSTRUCTION] Assembling ALTs (Count: 2)...
   --> [DEBUG LEG CONSTRUCTION] Total Binary Instructions Array Length Filtered: 12
   --> [DEBUG LEG CONSTRUCTION] Total Serialized Payload Size: 991 bytes / MTU limit = 1232
   🚀 [BONK] Atomic Arbitrage Payload Built! Dispatching via RPC...
   🏁 [MULTIPLEXER] Completed concurrent target sweep block.
   ✅ [BLOXROUTE-UDP] Atomic Transmission Subsumed! TX Signature: 2L1ZfcTvo1cv4zHxo2eML8AiHuGEG62EpeERi17R3TdDrsFAt8zuvS9w4A9jnGmtGUS3dnqTENNrBSjWYNaoPCyX
   🏁 [MULTIPLEXER] Completed concurrent target sweep block.

⚡ [EXEC] Scanning public DEX liquidity (Jupiter V6) & pushing to fleet...
   📡 [MULTIPLEXER] Sweep allocated to 1 pair (QuickNode Throttle)...

   🌐 [SPATIAL CEX-DEX SCANNER] Testing WIF Spread...
      [BITGET]  Bid: $0.171500 | Ask: $0.171600
      [JUPITER] Bid: $0.170840 | Ask: $0.172406
      🔴 No >0.001% Threshold Spread for WIF. Best Route: -0.443%
   🏁 [MULTIPLEXER] Completed concurrent target sweep block.

⚡ [EXEC] Scanning public DEX liquidity (Jupiter V6) & pushing to fleet...
   📡 [MULTIPLEXER] Sweep allocated to 1 pair (QuickNode Throttle)...
   🏁 [MULTIPLEXER] Completed concurrent target sweep block.

   🌐 [SPATIAL CEX-DEX SCANNER] Testing RAY Spread...
      [BITGET]  Bid: $0.605000 | Ask: $0.607000
      [JUPITER] Bid: $0.604799 | Ask: $0.607893
      🔴 No >0.001% Threshold Spread for RAY. Best Route: -0.363%

⚡ [EXEC] Scanning public DEX liquidity (Jupiter V6) & pushing to fleet...
   📡 [MULTIPLEXER] Sweep allocated to 1 pair (QuickNode Throttle)...

   🌐 [SPATIAL CEX-DEX SCANNER] Testing RAY Spread...
      [BITGET]  Bid: $0.605000 | Ask: $0.607000
      [JUPITER] Bid: $0.604813 | Ask: $0.607911
      🔴 No >0.001% Threshold Spread for RAY. Best Route: -0.360%
   🏁 [MULTIPLEXER] Completed concurrent target sweep block.

⚡ [EXEC] Scanning public DEX liquidity (Jupiter V6) & pushing to fleet...
   📡 [MULTIPLEXER] Sweep allocated to 1 pair (QuickNode Throttle)...

   🌐 [SPATIAL CEX-DEX SCANNER] Testing RAY Spread...
      [BITGET]  Bid: $0.605000 | Ask: $0.607000
      [JUPITER] Bid: $0.604872 | Ask: $0.607892
      🔴 No >0.001% Threshold Spread for RAY. Best Route: -0.351%
   📊 [TRIANGULAR] Route: SOL -> WIF -> SOL | Est Profit: -0.000037 SOL

⚡ [EXEC] Scanning public DEX liquidity (Jupiter V6) & pushing to fleet...
   📡 [MULTIPLEXER] Sweep allocated to 1 pair (QuickNode Throttle)...
   --> [DEBUG DEX COMM] Leg 1 Instructions Keys Object:  [
  'tokenLedgerInstruction',
  'computeBudgetInstructions',
  'setupInstructions',
  'swapInstruction',
  'cleanupInstruction',
  'otherInstructions',
  'addressLookupTableAddresses',
  'prioritizationFeeLamports',
  'computeUnitLimit',
  'prioritizationType',
  'simulationSlot',
  'dynamicSlippageReport',
  'simulationError',
  'addressesByLookupTableAddress',
  'blockhashWithMetadata'
]
   --> [DEBUG DEX COMM] Leg 2 Instructions Keys Object:  [
  'tokenLedgerInstruction',
  'computeBudgetInstructions',
  'setupInstructions',
  'swapInstruction',
  'cleanupInstruction',
  'otherInstructions',
  'addressLookupTableAddresses',
  'prioritizationFeeLamports',
  'computeUnitLimit',
  'prioritizationType',
  'simulationSlot',
  'dynamicSlippageReport',
  'simulationError',
  'addressesByLookupTableAddress',
  'blockhashWithMetadata'
]
   --> [DEBUG LEG CONSTRUCTION] Assembling ALTs (Count: 4)...

   🌐 [SPATIAL CEX-DEX SCANNER] Testing BONK Spread...
      [BITGET]  Bid: $0.000006 | Ask: $0.000006
      [JUPITER] Bid: $0.000006 | Ask: $0.000006
      🔴 No >0.001% Threshold Spread for BONK. Best Route: -0.277%
   --> [DEBUG LEG CONSTRUCTION] Total Binary Instructions Array Length Filtered: 12
   🏁 [MULTIPLEXER] Completed concurrent target sweep block.
   📊 [TRIANGULAR] Route: SOL -> BONK -> SOL | Est Profit: -0.000038 SOL
   🚨 [JUPITER SWAP 1 ERROR] Rate limit exceeded - Upgrade at https://marketplace.quicknode.com/add-on/metis-jupiter-v6-swap-api

   🏁 [MULTIPLEXER] Completed concurrent target sweep block.

⚡ [EXEC] Scanning public DEX liquidity (Jupiter V6) & pushing to fleet...
   📡 [MULTIPLEXER] Sweep allocated to 1 pair (QuickNode Throttle)...

   🌐 [SPATIAL CEX-DEX SCANNER] Testing RAY Spread...
      [BITGET]  Bid: $0.605000 | Ask: $0.607000
      [JUPITER] Bid: $0.604844 | Ask: $0.607918
      🔴 No >0.001% Threshold Spread for RAY. Best Route: -0.355%
   🏁 [MULTIPLEXER] Completed concurrent target sweep block.

⚡ [EXEC] Scanning public DEX liquidity (Jupiter V6) & pushing to fleet...
   📡 [MULTIPLEXER] Sweep allocated to 1 pair (QuickNode Throttle)...

   🌐 [SPATIAL CEX-DEX SCANNER] Testing WIF Spread...
      [BITGET]  Bid: $0.171500 | Ask: $0.171700
      [JUPITER] Bid: $0.170857 | Ask: $0.172429
      🔴 No >0.001% Threshold Spread for WIF. Best Route: -0.491%
   📊 [TRIANGULAR] Route: SOL -> BONK -> SOL | Est Profit: -0.000038 SOL

⚡ [EXEC] Scanning public DEX liquidity (Jupiter V6) & pushing to fleet...
   📡 [MULTIPLEXER] Sweep allocated to 1 pair (QuickNode Throttle)...

   🌐 [SPATIAL CEX-DEX SCANNER] Testing WIF Spread...
      [BITGET]  Bid: $0.171500 | Ask: $0.171700
      [JUPITER] Bid: $0.170892 | Ask: $0.172451
      🔴 No >0.001% Threshold Spread for WIF. Best Route: -0.471%
   --> [DEBUG DEX COMM] Leg 1 Instructions Keys Object:  [
  'tokenLedgerInstruction',
  'computeBudgetInstructions',
  'setupInstructions',
  'swapInstruction',
  'cleanupInstruction',
  'otherInstructions',
  'addressLookupTableAddresses',
  'prioritizationFeeLamports',
  'computeUnitLimit',
  'prioritizationType',
  'simulationSlot',
  'dynamicSlippageReport',
  'simulationError',
  'addressesByLookupTableAddress',
  'blockhashWithMetadata'
]
   --> [DEBUG DEX COMM] Leg 2 Instructions Keys Object:  [
  'tokenLedgerInstruction',
  'computeBudgetInstructions',
  'setupInstructions',
  'swapInstruction',
  'cleanupInstruction',
  'otherInstructions',
  'addressLookupTableAddresses',
  'prioritizationFeeLamports',
  'computeUnitLimit',
  'prioritizationType',
  'simulationSlot',
  'dynamicSlippageReport',
  'simulationError',
  'addressesByLookupTableAddress',
  'blockhashWithMetadata'
]
   --> [DEBUG LEG CONSTRUCTION] Assembling ALTs (Count: 3)...
   --> [DEBUG LEG CONSTRUCTION] Total Binary Instructions Array Length Filtered: 12
   --> [DEBUG LEG CONSTRUCTION] Total Serialized Payload Size: 1180 bytes / MTU limit = 1232
   🚀 [BONK] Atomic Arbitrage Payload Built! Dispatching via RPC...
   📊 [CROSS-DEX] Route: SOL -> BONK -> SOL | Est Profit: -0.000039 SOL
   🚨 [JUPITER SWAP 1 ERROR] Rate limit exceeded - Upgrade at https://marketplace.quicknode.com/add-on/metis-jupiter-v6-swap-api

   🏁 [MULTIPLEXER] Completed concurrent target sweep block.
   ✅ [BLOXROUTE-UDP] Atomic Transmission Subsumed! TX Signature: 46BMXKwKt6VapqmnVKzuKUaFGYRfboAfk2BKMhgeWerki6gH2VNYFCiMuPSVqXgFdpVseGu1Rdf6STECMb6hTmtK
   🏁 [MULTIPLEXER] Completed concurrent target sweep block.

⚡ [EXEC] Scanning public DEX liquidity (Jupiter V6) & pushing to fleet...
   📡 [MULTIPLEXER] Sweep allocated to 1 pair (QuickNode Throttle)...

   🌐 [SPATIAL CEX-DEX SCANNER] Testing RAY Spread...
      [BITGET]  Bid: $0.605000 | Ask: $0.607000
      [JUPITER] Bid: $0.604989 | Ask: $0.608071
      🔴 No >0.001% Threshold Spread for RAY. Best Route: -0.331%
   🏁 [MULTIPLEXER] Completed concurrent target sweep block.

⚡ [EXEC] Scanning public DEX liquidity (Jupiter V6) & pushing to fleet...
   📡 [MULTIPLEXER] Sweep allocated to 1 pair (QuickNode Throttle)...
   🏁 [MULTIPLEXER] Completed concurrent target sweep block.

   🌐 [SPATIAL CEX-DEX SCANNER] Testing BONK Spread...
      [BITGET]  Bid: $0.000006 | Ask: $0.000006
      [JUPITER] Bid: $0.000006 | Ask: $0.000006
      🔴 No >0.001% Threshold Spread for BONK. Best Route: -0.298%

⚡ [EXEC] Scanning public DEX liquidity (Jupiter V6) & pushing to fleet...
   📡 [MULTIPLEXER] Sweep allocated to 1 pair (QuickNode Throttle)...

   🌐 [SPATIAL CEX-DEX SCANNER] Testing BONK Spread...
      [BITGET]  Bid: $0.000006 | Ask: $0.000006
      [JUPITER] Bid: $0.000006 | Ask: $0.000006
      🔴 No >0.001% Threshold Spread for BONK. Best Route: -0.287%
   📊 [TRIANGULAR] Route: SOL -> RAY -> SOL | Est Profit: -0.000040 SOL

⚡ [EXEC] Scanning public DEX liquidity (Jupiter V6) & pushing to fleet...
   📡 [MULTIPLEXER] Sweep allocated to 1 pair (QuickNode Throttle)...

   🌐 [SPATIAL CEX-DEX SCANNER] Testing BONK Spread...
      [BITGET]  Bid: $0.000006 | Ask: $0.000006
      [JUPITER] Bid: $0.000006 | Ask: $0.000006
      🔴 No >0.001% Threshold Spread for BONK. Best Route: -0.277%
   --> [DEBUG DEX COMM] Leg 1 Instructions Keys Object:  [
  'tokenLedgerInstruction',
  'computeBudgetInstructions',
  'setupInstructions',
  'swapInstruction',
  'cleanupInstruction',
  'otherInstructions',
  'addressLookupTableAddresses',
  'prioritizationFeeLamports',
  'computeUnitLimit',
  'prioritizationType',
  'simulationSlot',
  'dynamicSlippageReport',
  'simulationError',
  'addressesByLookupTableAddress',
  'blockhashWithMetadata'
]
   --> [DEBUG DEX COMM] Leg 2 Instructions Keys Object:  [
  'tokenLedgerInstruction',
  'computeBudgetInstructions',
  'setupInstructions',
  'swapInstruction',
  'cleanupInstruction',
  'otherInstructions',
  'addressLookupTableAddresses',
  'prioritizationFeeLamports',
  'computeUnitLimit',
  'prioritizationType',
  'simulationSlot',
  'dynamicSlippageReport',
  'simulationError',
  'addressesByLookupTableAddress',
  'blockhashWithMetadata'
]
   --> [DEBUG LEG CONSTRUCTION] Assembling ALTs (Count: 1)...
   --> [DEBUG LEG CONSTRUCTION] Total Binary Instructions Array Length Filtered: 12
   --> [DEBUG LEG CONSTRUCTION] Total Serialized Payload Size: 886 bytes / MTU limit = 1232
   🚀 [RAY] Atomic Arbitrage Payload Built! Dispatching via RPC...
   🏁 [MULTIPLEXER] Completed concurrent target sweep block.
   ✅ [BLOXROUTE-UDP] Atomic Transmission Subsumed! TX Signature: 3QYwktqdNB1eW5xUaMgDTikq3rE73kGtwM17enpfk927pneJ9s1TxKc7dNxRaNfPDc4LEgGdRAY2kxDbL4ZARXdW
   🏁 [MULTIPLEXER] Completed concurrent target sweep block.

⚡ [EXEC] Scanning public DEX liquidity (Jupiter V6) & pushing to fleet...
   📡 [MULTIPLEXER] Sweep allocated to 1 pair (QuickNode Throttle)...

   🌐 [SPATIAL CEX-DEX SCANNER] Testing WIF Spread...
      [BITGET]  Bid: $0.171500 | Ask: $0.171700
      [JUPITER] Bid: $0.170945 | Ask: $0.172458
      🔴 No >0.001% Threshold Spread for WIF. Best Route: -0.440%
   🏁 [MULTIPLEXER] Completed concurrent target sweep block.

⚡ [EXEC] Scanning public DEX liquidity (Jupiter V6) & pushing to fleet...
   📡 [MULTIPLEXER] Sweep allocated to 1 pair (QuickNode Throttle)...

   🌐 [SPATIAL CEX-DEX SCANNER] Testing WIF Spread...
      [BITGET]  Bid: $0.171600 | Ask: $0.171700
      [JUPITER] Bid: $0.170959 | Ask: $0.172518
      🔴 No >0.001% Threshold Spread for WIF. Best Route: -0.432%
   🏁 [MULTIPLEXER] Completed concurrent target sweep block.

⚡ [EXEC] Scanning public DEX liquidity (Jupiter V6) & pushing to fleet...
   📡 [MULTIPLEXER] Sweep allocated to 1 pair (QuickNode Throttle)...

   🌐 [SPATIAL CEX-DEX SCANNER] Testing RAY Spread...
      [BITGET]  Bid: $0.605000 | Ask: $0.607000
      [JUPITER] Bid: $0.605060 | Ask: $0.608113
      🔴 No >0.001% Threshold Spread for RAY. Best Route: -0.320%
   🏁 [MULTIPLEXER] Completed concurrent target sweep block.

⚡ [EXEC] Scanning public DEX liquidity (Jupiter V6) & pushing to fleet...
   📡 [MULTIPLEXER] Sweep allocated to 1 pair (QuickNode Throttle)...

   🌐 [SPATIAL CEX-DEX SCANNER] Testing WIF Spread...
      [BITGET]  Bid: $0.171500 | Ask: $0.171700
      [JUPITER] Bid: $0.170904 | Ask: $0.172474
      🔴 No >0.001% Threshold Spread for WIF. Best Route: -0.464%
   🏁 [MULTIPLEXER] Completed concurrent target sweep block.

⚡ [EXEC] Scanning public DEX liquidity (Jupiter V6) & pushing to fleet...
   📡 [MULTIPLEXER] Sweep allocated to 1 pair (QuickNode Throttle)...

   🌐 [SPATIAL CEX-DEX SCANNER] Testing RAY Spread...
      [BITGET]  Bid: $0.605000 | Ask: $0.607000
      [JUPITER] Bid: $0.605057 | Ask: $0.608114
      🔴 No >0.001% Threshold Spread for RAY. Best Route: -0.320%
   📊 [TRIANGULAR] Route: SOL -> BONK -> SOL | Est Profit: -0.000019 SOL

⚡ [EXEC] Scanning public DEX liquidity (Jupiter V6) & pushing to fleet...
   📡 [MULTIPLEXER] Sweep allocated to 1 pair (QuickNode Throttle)...

   🌐 [SPATIAL CEX-DEX SCANNER] Testing WIF Spread...
      [BITGET]  Bid: $0.171600 | Ask: $0.171700
      [JUPITER] Bid: $0.170904 | Ask: $0.172452
      🔴 No >0.001% Threshold Spread for WIF. Best Route: -0.464%
   --> [DEBUG DEX COMM] Leg 1 Instructions Keys Object:  [
  'tokenLedgerInstruction',
  'computeBudgetInstructions',
  'setupInstructions',
  'swapInstruction',
  'cleanupInstruction',
  'otherInstructions',
  'addressLookupTableAddresses',
  'prioritizationFeeLamports',
  'computeUnitLimit',
  'prioritizationType',
  'simulationSlot',
  'dynamicSlippageReport',
  'simulationError',
  'addressesByLookupTableAddress',
  'blockhashWithMetadata'
]
   --> [DEBUG DEX COMM] Leg 2 Instructions Keys Object:  [
  'tokenLedgerInstruction',
  'computeBudgetInstructions',
  'setupInstructions',
  'swapInstruction',
  'cleanupInstruction',
  'otherInstructions',
  'addressLookupTableAddresses',
  'prioritizationFeeLamports',
  'computeUnitLimit',
  'prioritizationType',
  'simulationSlot',
  'dynamicSlippageReport',
  'simulationError',
  'addressesByLookupTableAddress',
  'blockhashWithMetadata'
]
   --> [DEBUG LEG CONSTRUCTION] Assembling ALTs (Count: 3)...
   --> [DEBUG LEG CONSTRUCTION] Total Binary Instructions Array Length Filtered: 12
   --> [DEBUG LEG CONSTRUCTION] Total Serialized Payload Size: 1078 bytes / MTU limit = 1232
   🚀 [BONK] Atomic Arbitrage Payload Built! Dispatching via RPC...
   🏁 [MULTIPLEXER] Completed concurrent target sweep block.
   ✅ [BLOXROUTE-UDP] Atomic Transmission Subsumed! TX Signature: 3MvGcsJQJdCbZerf6PhLFfz96C2WCyidp2aq7Qjp1DL1fPaTP26t4tGT1oVGdMUUr3dYDg9TqaCc3i7gYPoptJgb
   🏁 [MULTIPLEXER] Completed concurrent target sweep block.

⚡ [EXEC] Scanning public DEX liquidity (Jupiter V6) & pushing to fleet...
   📡 [MULTIPLEXER] Sweep allocated to 1 pair (QuickNode Throttle)...

   🌐 [SPATIAL CEX-DEX SCANNER] Testing WIF Spread...
      [BITGET]  Bid: $0.171600 | Ask: $0.171700
      [JUPITER] Bid: $0.170904 | Ask: $0.172455
      🔴 No >0.001% Threshold Spread for WIF. Best Route: -0.464%
   📊 [TRIANGULAR] Route: SOL -> RAY -> SOL | Est Profit: -0.000039 SOL

⚡ [EXEC] Scanning public DEX liquidity (Jupiter V6) & pushing to fleet...
   📡 [MULTIPLEXER] Sweep allocated to 1 pair (QuickNode Throttle)...
   --> [DEBUG DEX COMM] Leg 1 Instructions Keys Object:  [
  'tokenLedgerInstruction',
  'computeBudgetInstructions',
  'setupInstructions',
  'swapInstruction',
  'cleanupInstruction',
  'otherInstructions',
  'addressLookupTableAddresses',
  'prioritizationFeeLamports',
  'computeUnitLimit',
  'prioritizationType',
  'simulationSlot',
  'dynamicSlippageReport',
  'simulationError',
  'addressesByLookupTableAddress',
  'blockhashWithMetadata'
]
   --> [DEBUG DEX COMM] Leg 2 Instructions Keys Object:  [
  'tokenLedgerInstruction',
  'computeBudgetInstructions',
  'setupInstructions',
  'swapInstruction',
  'cleanupInstruction',
  'otherInstructions',
  'addressLookupTableAddresses',
  'prioritizationFeeLamports',
  'computeUnitLimit',
  'prioritizationType',
  'simulationSlot',
  'dynamicSlippageReport',
  'simulationError',
  'addressesByLookupTableAddress',
  'blockhashWithMetadata'
]
   --> [DEBUG LEG CONSTRUCTION] Assembling ALTs (Count: 4)...

   🌐 [SPATIAL CEX-DEX SCANNER] Testing BONK Spread...
      [BITGET]  Bid: $0.000006 | Ask: $0.000006
      [JUPITER] Bid: $0.000006 | Ask: $0.000006
      🔴 No >0.001% Threshold Spread for BONK. Best Route: -0.287%
   --> [DEBUG LEG CONSTRUCTION] Total Binary Instructions Array Length Filtered: 12
   --> [DEBUG LEG CONSTRUCTION] Total Serialized Payload Size: 1210 bytes / MTU limit = 1232
   🚀 [RAY] Atomic Arbitrage Payload Built! Dispatching via RPC...
   ✅ [BLOXROUTE-UDP] Atomic Transmission Subsumed! TX Signature: 73DcZHsoHiDHyv2QGhPsRxXCbcd6BVcbuRT9iDMFPgYe3jaGG7gJ3rmCHaGxsbdrA3Lzjs9XNadGFErFRn6W66t
   🏁 [MULTIPLEXER] Completed concurrent target sweep block.
   🏁 [MULTIPLEXER] Completed concurrent target sweep block.

💼 [BAGS.FM] Syncing Protocol Analytics for PocketChange (PKC)...

   📡 [AGGREGATOR] Fetching Top Trending Pairs from DexScreener...

⚡ [EXEC] Scanning public DEX liquidity (Jupiter V6) & pushing to fleet...
   📡 [MULTIPLEXER] Sweep allocated to 1 pair (QuickNode Throttle)...

   🌐 [SPATIAL CEX-DEX SCANNER] Testing WIF Spread...
      [BITGET]  Bid: $0.171600 | Ask: $0.171700
      [JUPITER] Bid: $0.170903 | Ask: $0.172474
      🔴 No >0.001% Threshold Spread for WIF. Best Route: -0.464%
   📊 [TRIANGULAR] Route: SOL -> WIF -> SOL | Est Profit: -0.000039 SOL

⚡ [EXEC] Scanning public DEX liquidity (Jupiter V6) & pushing to fleet...
   📡 [MULTIPLEXER] Sweep allocated to 1 pair (QuickNode Throttle)...
   --> [DEBUG DEX COMM] Leg 1 Instructions Keys Object:  [
  'tokenLedgerInstruction',
  'computeBudgetInstructions',
  'setupInstructions',
  'swapInstruction',
  'cleanupInstruction',
  'otherInstructions',
  'addressLookupTableAddresses',
  'prioritizationFeeLamports',
  'computeUnitLimit',
  'prioritizationType',
  'simulationSlot',
  'dynamicSlippageReport',
  'simulationError',
  'addressesByLookupTableAddress',
  'blockhashWithMetadata'
]
   --> [DEBUG DEX COMM] Leg 2 Instructions Keys Object:  [
  'tokenLedgerInstruction',
  'computeBudgetInstructions',
  'setupInstructions',
  'swapInstruction',
  'cleanupInstruction',
  'otherInstructions',
  'addressLookupTableAddresses',
  'prioritizationFeeLamports',
  'computeUnitLimit',
  'prioritizationType',
  'simulationSlot',
  'dynamicSlippageReport',
  'simulationError',
  'addressesByLookupTableAddress',
  'blockhashWithMetadata'
]
   --> [DEBUG LEG CONSTRUCTION] Assembling ALTs (Count: 4)...

   🌐 [SPATIAL CEX-DEX SCANNER] Testing BONK Spread...
      [BITGET]  Bid: $0.000006 | Ask: $0.000006
      [JUPITER] Bid: $0.000006 | Ask: $0.000006
      🔴 No >0.001% Threshold Spread for BONK. Best Route: -0.249%
   --> [DEBUG LEG CONSTRUCTION] Total Binary Instructions Array Length Filtered: 12
   --> [DEBUG LEG CONSTRUCTION] Total Serialized Payload Size: 1237 bytes / MTU limit = 1232
   ❌ [DEBUG LEG ERROR] Transaction exceeds MTU! Bailing compilation...
   🏁 [MULTIPLEXER] Completed concurrent target sweep block.
   📊 [TRIANGULAR] Route: SOL -> PNUT -> SOL | Est Profit: -0.000052 SOL
   🚨 [JUPITER SWAP 1 ERROR] Rate limit exceeded - Upgrade at https://marketplace.quicknode.com/add-on/metis-jupiter-v6-swap-api

   🏁 [MULTIPLEXER] Completed concurrent target sweep block.
