≡ƒÅü Initiating 60-Second Micro-Amount Arbitrage Refinement Test...
[dotenv@17.3.1] injecting env (15) from .env -- tip: ≡ƒöÉ prevent committing .env to code: https://dotenvx.com/precommit
node : C:\pcprotocol\optimized-jupite
r-bot\src\utils\logger.js:49
At line:1 char:1
+ node scripts\run_1min.js > 
c:\pcprotocol\final_live.log 2>&1
+ ~~~~~~~~~~~~~~~~~~~~~~~~~~~~~~~~~~~
~~~~~~~~~~~~~~~~~~~~~~~~~
    + CategoryInfo          : No    
tSpecified: (C:\pcprotocol\o    
...ls\logger.js:49:String) [    ], 
RemoteException
    + FullyQualifiedErrorId : Na    
tiveCommandError
 
var db = new better_sqlite3_1.default
(config_1.config.LOG_DB_PATH);
         ^
TypeError: better_sqlite3_1.default 
is not a constructor
    at Object.<anonymous> (C:\pcproto
col\optimized-jupiter-bot\src\utils\l
ogger.js:49:10)
    at Module._compile (node:internal
/modules/cjs/loader:1812:14)
    at node:internal/modules/cjs/load
er:1943:10
    at 
Object.require.extensions.<computed> 
[as .js] (C:\pcprotocol\optimized-jup
iter-bot\node_modules\ts-node\src\ind
ex.ts:1608:43)
    at Module.load (node:internal/mod
ules/cjs/loader:1533:32)
    at Module._load (node:internal/mo
dules/cjs/loader:1335:12)
    at wrapModuleLoad (node:internal/
modules/cjs/loader:255:19)
    at Module.require (node:internal/
modules/cjs/loader:1556:12)
    at require (node:internal/modules
/helpers:152:16)
    at Object.<anonymous> (C:\pcproto
col\optimized-jupiter-bot\src\geyser\
client.ts:2:1)

ΓÅ▒∩╕Å 60 seconds elapsed. Terminating Sandbox Engine...
≡ƒôè Tracking 'SQLite trades.db' & Running Native Refinement Analytics...
C:\pcprotocol\optimized-jupiter-bot\s
rc\utils\logger.js:49
var db = new better_sqlite3_1.default
(config_1.config.LOG_DB_PATH);
         ^
TypeError: better_sqlite3_1.default 
is not a constructor
    at Object.<anonymous> (C:\pcproto
col\optimized-jupiter-bot\src\utils\l
ogger.js:49:10)
    at Module._compile (node:internal
/modules/cjs/loader:1812:14)
    at node:internal/modules/cjs/load
er:1943:10
    at 
Object.require.extensions.<computed> 
[as .js] (C:\pcprotocol\optimized-jup
iter-bot\node_modules\ts-node\src\ind
ex.ts:1608:43)
    at Module.load (node:internal/mod
ules/cjs/loader:1533:32)
    at Module._load (node:internal/mo
dules/cjs/loader:1335:12)
    at wrapModuleLoad (node:internal/
modules/cjs/loader:255:19)
    at Module.require (node:internal/
modules/cjs/loader:1556:12)
    at require (node:internal/modules
/helpers:152:16)
    at Object.<anonymous> (C:\pcproto
col\optimized-jupiter-bot\scripts\ref
inement_tool.ts:3:1)
Refinement analytics failed 
natively: Command failed: npx 
ts-node scripts/refinement_tool.ts
C:\pcprotocol\optimized-jupiter-bot\s
rc\utils\logger.js:49
var db = new better_sqlite3_1.default
(config_1.config.LOG_DB_PATH);
         ^
TypeError: better_sqlite3_1.default 
is not a constructor
    at Object.<anonymous> (C:\pcproto
col\optimized-jupiter-bot\src\utils\l
ogger.js:49:10)
    at Module._compile (node:internal
/modules/cjs/loader:1812:14)
    at node:internal/modules/cjs/load
er:1943:10
    at 
Object.require.extensions.<computed> 
[as .js] (C:\pcprotocol\optimized-jup
iter-bot\node_modules\ts-node\src\ind
ex.ts:1608:43)
    at Module.load (node:internal/mod
ules/cjs/loader:1533:32)
    at Module._load (node:internal/mo
dules/cjs/loader:1335:12)
    at wrapModuleLoad (node:internal/
modules/cjs/loader:255:19)
    at Module.require (node:internal/
modules/cjs/loader:1556:12)
    at require (node:internal/modules
/helpers:152:16)
    at Object.<anonymous> (C:\pcproto
col\optimized-jupiter-bot\scripts\ref
inement_tool.ts:3:1)

