[ERROR] 2026-03-20T09:01:25.674Z - Failed to build versioned transaction: Error: No cached blockhash available
    at buildVersionedTransaction (/opt/pcprotocol/optimized-jupiter-bot/dist/execution/transaction.js:49:19)
    at ArbEngine.executeArbitrage (/opt/pcprotocol/optimized-jupiter-bot/dist/local_calc/arb_engine.js:283:83)
    at process.processTicksAndRejections (node:internal/process/task_queues:95:5)
    at async Timeout._onTimeout (/opt/pcprotocol/optimized-jupiter-bot/scripts/run_1min.js:16:9)
[ERROR] 2026-03-20T09:02:19.473Z - Failed to build versioned transaction: Error: No cached blockhash available
    at buildVersionedTransaction (/opt/pcprotocol/optimized-jupiter-bot/dist/execution/transaction.js:49:19)
    at ArbEngine.executeArbitrage (/opt/pcprotocol/optimized-jupiter-bot/dist/local_calc/arb_engine.js:283:83)
    at process.processTicksAndRejections (node:internal/process/task_queues:95:5)
    at async Timeout._onTimeout (/opt/pcprotocol/optimized-jupiter-bot/scripts/run_1min.js:16:9)
[ERROR] 2026-03-20T09:03:20.024Z - Failed to build versioned transaction: Error: No cached blockhash available
    at buildVersionedTransaction (/opt/pcprotocol/optimized-jupiter-bot/dist/execution/transaction.js:49:19)
    at ArbEngine.executeArbitrage (/opt/pcprotocol/optimized-jupiter-bot/dist/local_calc/arb_engine.js:283:83)
    at process.processTicksAndRejections (node:internal/process/task_queues:95:5)
    at async Timeout._onTimeout (/opt/pcprotocol/optimized-jupiter-bot/scripts/run_1min.js:16:9)
[ERROR] 2026-03-20T09:04:20.393Z - Failed to build versioned transaction: Error: No cached blockhash available
    at buildVersionedTransaction (/opt/pcprotocol/optimized-jupiter-bot/dist/execution/transaction.js:49:19)
    at ArbEngine.executeArbitrage (/opt/pcprotocol/optimized-jupiter-bot/dist/local_calc/arb_engine.js:283:83)
    at process.processTicksAndRejections (node:internal/process/task_queues:95:5)
    at async Timeout._onTimeout (/opt/pcprotocol/optimized-jupiter-bot/scripts/run_1min.js:16:9)
[ERROR] 2026-03-20T09:05:20.952Z - Failed to build versioned transaction: Error: No cached blockhash available
    at buildVersionedTransaction (/opt/pcprotocol/optimized-jupiter-bot/dist/execution/transaction.js:49:19)
    at ArbEngine.executeArbitrage (/opt/pcprotocol/optimized-jupiter-bot/dist/local_calc/arb_engine.js:283:83)
    at process.processTicksAndRejections (node:internal/process/task_queues:95:5)
    at async Timeout._onTimeout (/opt/pcprotocol/optimized-jupiter-bot/scripts/run_1min.js:16:9)
[ERROR] 2026-03-20T09:06:21.363Z - Failed to build versioned transaction: Error: No cached blockhash available
    at buildVersionedTransaction (/opt/pcprotocol/optimized-jupiter-bot/dist/execution/transaction.js:49:19)
    at ArbEngine.executeArbitrage (/opt/pcprotocol/optimized-jupiter-bot/dist/local_calc/arb_engine.js:283:83)
    at process.processTicksAndRejections (node:internal/process/task_queues:95:5)
    at async Timeout._onTimeout (/opt/pcprotocol/optimized-jupiter-bot/scripts/run_1min.js:16:9)
[ERROR] 2026-03-20T09:07:21.987Z - Failed to build versioned transaction: Error: No cached blockhash available
    at buildVersionedTransaction (/opt/pcprotocol/optimized-jupiter-bot/dist/execution/transaction.js:49:19)
    at ArbEngine.executeArbitrage (/opt/pcprotocol/optimized-jupiter-bot/dist/local_calc/arb_engine.js:283:83)
    at process.processTicksAndRejections (node:internal/process/task_queues:95:5)
    at async Timeout._onTimeout (/opt/pcprotocol/optimized-jupiter-bot/scripts/run_1min.js:16:9)
[ERROR] 2026-03-20T09:08:22.360Z - Failed to build versioned transaction: Error: No cached blockhash available
    at buildVersionedTransaction (/opt/pcprotocol/optimized-jupiter-bot/dist/execution/transaction.js:49:19)
    at ArbEngine.executeArbitrage (/opt/pcprotocol/optimized-jupiter-bot/dist/local_calc/arb_engine.js:283:83)
    at process.processTicksAndRejections (node:internal/process/task_queues:95:5)
    at async Timeout._onTimeout (/opt/pcprotocol/optimized-jupiter-bot/scripts/run_1min.js:16:9)
[ERROR] 2026-03-20T09:09:22.692Z - Failed to build versioned transaction: Error: No cached blockhash available
    at buildVersionedTransaction (/opt/pcprotocol/optimized-jupiter-bot/dist/execution/transaction.js:49:19)
    at ArbEngine.executeArbitrage (/opt/pcprotocol/optimized-jupiter-bot/dist/local_calc/arb_engine.js:283:83)
    at process.processTicksAndRejections (node:internal/process/task_queues:95:5)
    at async Timeout._onTimeout (/opt/pcprotocol/optimized-jupiter-bot/scripts/run_1min.js:16:9)
[ERROR] 2026-03-20T09:10:23.224Z - Failed to build versioned transaction: Error: No cached blockhash available
    at buildVersionedTransaction (/opt/pcprotocol/optimized-jupiter-bot/dist/execution/transaction.js:49:19)
    at ArbEngine.executeArbitrage (/opt/pcprotocol/optimized-jupiter-bot/dist/local_calc/arb_engine.js:283:83)
    at process.processTicksAndRejections (node:internal/process/task_queues:95:5)
    at async Timeout._onTimeout (/opt/pcprotocol/optimized-jupiter-bot/scripts/run_1min.js:16:9)
[ERROR] 2026-03-20T09:11:23.741Z - Failed to build versioned transaction: Error: No cached blockhash available
    at buildVersionedTransaction (/opt/pcprotocol/optimized-jupiter-bot/dist/execution/transaction.js:49:19)
    at ArbEngine.executeArbitrage (/opt/pcprotocol/optimized-jupiter-bot/dist/local_calc/arb_engine.js:283:83)
    at process.processTicksAndRejections (node:internal/process/task_queues:95:5)
    at async Timeout._onTimeout (/opt/pcprotocol/optimized-jupiter-bot/scripts/run_1min.js:16:9)
[ERROR] 2026-03-20T09:12:24.195Z - Failed to build versioned transaction: Error: No cached blockhash available
    at buildVersionedTransaction (/opt/pcprotocol/optimized-jupiter-bot/dist/execution/transaction.js:49:19)
    at ArbEngine.executeArbitrage (/opt/pcprotocol/optimized-jupiter-bot/dist/local_calc/arb_engine.js:283:83)
    at process.processTicksAndRejections (node:internal/process/task_queues:95:5)
    at async Timeout._onTimeout (/opt/pcprotocol/optimized-jupiter-bot/scripts/run_1min.js:16:9)
[ERROR] 2026-03-20T09:13:24.722Z - Failed to build versioned transaction: Error: No cached blockhash available
    at buildVersionedTransaction (/opt/pcprotocol/optimized-jupiter-bot/dist/execution/transaction.js:49:19)
    at ArbEngine.executeArbitrage (/opt/pcprotocol/optimized-jupiter-bot/dist/local_calc/arb_engine.js:283:83)
    at process.processTicksAndRejections (node:internal/process/task_queues:95:5)
    at async Timeout._onTimeout (/opt/pcprotocol/optimized-jupiter-bot/scripts/run_1min.js:16:9)
[ERROR] 2026-03-20T09:14:25.144Z - Failed to build versioned transaction: Error: No cached blockhash available
    at buildVersionedTransaction (/opt/pcprotocol/optimized-jupiter-bot/dist/execution/transaction.js:49:19)
    at ArbEngine.executeArbitrage (/opt/pcprotocol/optimized-jupiter-bot/dist/local_calc/arb_engine.js:283:83)
    at process.processTicksAndRejections (node:internal/process/task_queues:95:5)
    at async Timeout._onTimeout (/opt/pcprotocol/optimized-jupiter-bot/scripts/run_1min.js:16:9)
[ERROR] 2026-03-20T09:15:25.756Z - Failed to build versioned transaction: Error: No cached blockhash available
    at buildVersionedTransaction (/opt/pcprotocol/optimized-jupiter-bot/dist/execution/transaction.js:49:19)
    at ArbEngine.executeArbitrage (/opt/pcprotocol/optimized-jupiter-bot/dist/local_calc/arb_engine.js:283:83)
    at process.processTicksAndRejections (node:internal/process/task_queues:95:5)
    at async Timeout._onTimeout (/opt/pcprotocol/optimized-jupiter-bot/scripts/run_1min.js:16:9)
[ERROR] 2026-03-20T09:16:26.159Z - Failed to build versioned transaction: Error: No cached blockhash available
    at buildVersionedTransaction (/opt/pcprotocol/optimized-jupiter-bot/dist/execution/transaction.js:49:19)
    at ArbEngine.executeArbitrage (/opt/pcprotocol/optimized-jupiter-bot/dist/local_calc/arb_engine.js:283:83)
    at process.processTicksAndRejections (node:internal/process/task_queues:95:5)
    at async Timeout._onTimeout (/opt/pcprotocol/optimized-jupiter-bot/scripts/run_1min.js:16:9)
[ERROR] 2026-03-20T09:17:26.731Z - Failed to build versioned transaction: Error: No cached blockhash available
    at buildVersionedTransaction (/opt/pcprotocol/optimized-jupiter-bot/dist/execution/transaction.js:49:19)
    at ArbEngine.executeArbitrage (/opt/pcprotocol/optimized-jupiter-bot/dist/local_calc/arb_engine.js:283:83)
    at process.processTicksAndRejections (node:internal/process/task_queues:95:5)
    at async Timeout._onTimeout (/opt/pcprotocol/optimized-jupiter-bot/scripts/run_1min.js:16:9)
[ERROR] 2026-03-20T09:18:09.913Z - Failed to build versioned transaction: Error: No cached blockhash available
    at buildVersionedTransaction (/opt/pcprotocol/optimized-jupiter-bot/dist/execution/transaction.js:49:19)
    at ArbEngine.executeArbitrage (/opt/pcprotocol/optimized-jupiter-bot/dist/local_calc/arb_engine.js:283:83)
    at process.processTicksAndRejections (node:internal/process/task_queues:95:5)
    at async Timeout._onTimeout (/opt/pcprotocol/optimized-jupiter-bot/scripts/run_1min.js:16:9)
[ERROR] 2026-03-20T09:19:11.446Z - Failed to build versioned transaction: Error: No cached blockhash available
    at buildVersionedTransaction (/opt/pcprotocol/optimized-jupiter-bot/dist/execution/transaction.js:49:19)
    at ArbEngine.executeArbitrage (/opt/pcprotocol/optimized-jupiter-bot/dist/local_calc/arb_engine.js:283:83)
    at process.processTicksAndRejections (node:internal/process/task_queues:95:5)
    at async Timeout._onTimeout (/opt/pcprotocol/optimized-jupiter-bot/scripts/run_1min.js:16:9)
[ERROR] 2026-03-20T09:20:11.936Z - Failed to build versioned transaction: Error: No cached blockhash available
    at buildVersionedTransaction (/opt/pcprotocol/optimized-jupiter-bot/dist/execution/transaction.js:49:19)
    at ArbEngine.executeArbitrage (/opt/pcprotocol/optimized-jupiter-bot/dist/local_calc/arb_engine.js:283:83)
    at process.processTicksAndRejections (node:internal/process/task_queues:95:5)
    at async Timeout._onTimeout (/opt/pcprotocol/optimized-jupiter-bot/scripts/run_1min.js:16:9)
[ERROR] 2026-03-20T09:21:12.484Z - Failed to build versioned transaction: Error: No cached blockhash available
    at buildVersionedTransaction (/opt/pcprotocol/optimized-jupiter-bot/dist/execution/transaction.js:49:19)
    at ArbEngine.executeArbitrage (/opt/pcprotocol/optimized-jupiter-bot/dist/local_calc/arb_engine.js:283:83)
    at process.processTicksAndRejections (node:internal/process/task_queues:95:5)
    at async Timeout._onTimeout (/opt/pcprotocol/optimized-jupiter-bot/scripts/run_1min.js:16:9)
[ERROR] 2026-03-20T09:22:12.819Z - Failed to build versioned transaction: Error: No cached blockhash available
    at buildVersionedTransaction (/opt/pcprotocol/optimized-jupiter-bot/dist/execution/transaction.js:49:19)
    at ArbEngine.executeArbitrage (/opt/pcprotocol/optimized-jupiter-bot/dist/local_calc/arb_engine.js:283:83)
    at process.processTicksAndRejections (node:internal/process/task_queues:95:5)
    at async Timeout._onTimeout (/opt/pcprotocol/optimized-jupiter-bot/scripts/run_1min.js:16:9)
[ERROR] 2026-03-20T09:23:13.376Z - Failed to build versioned transaction: Error: No cached blockhash available
    at buildVersionedTransaction (/opt/pcprotocol/optimized-jupiter-bot/dist/execution/transaction.js:49:19)
    at ArbEngine.executeArbitrage (/opt/pcprotocol/optimized-jupiter-bot/dist/local_calc/arb_engine.js:283:83)
    at process.processTicksAndRejections (node:internal/process/task_queues:95:5)
    at async Timeout._onTimeout (/opt/pcprotocol/optimized-jupiter-bot/scripts/run_1min.js:16:9)
[ERROR] 2026-03-20T09:24:13.892Z - Failed to build versioned transaction: Error: No cached blockhash available
    at buildVersionedTransaction (/opt/pcprotocol/optimized-jupiter-bot/dist/execution/transaction.js:49:19)
    at ArbEngine.executeArbitrage (/opt/pcprotocol/optimized-jupiter-bot/dist/local_calc/arb_engine.js:283:83)
    at process.processTicksAndRejections (node:internal/process/task_queues:95:5)
    at async Timeout._onTimeout (/opt/pcprotocol/optimized-jupiter-bot/scripts/run_1min.js:16:9)
[ERROR] 2026-03-20T09:25:14.267Z - Failed to build versioned transaction: Error: No cached blockhash available
    at buildVersionedTransaction (/opt/pcprotocol/optimized-jupiter-bot/dist/execution/transaction.js:49:19)
    at ArbEngine.executeArbitrage (/opt/pcprotocol/optimized-jupiter-bot/dist/local_calc/arb_engine.js:283:83)
    at process.processTicksAndRejections (node:internal/process/task_queues:95:5)
    at async Timeout._onTimeout (/opt/pcprotocol/optimized-jupiter-bot/scripts/run_1min.js:16:9)
