[dotenv@17.3.1] injecting env (16) from .env -- tip: 🔐 prevent committing .env to code: https://dotenvx.com/precommit
[dotenv@17.3.1] injecting env (0) from .env -- tip: 🔐 prevent building .env in docker: https://dotenvx.com/prebuild
[INFO] 2026-03-20T09:01:21.891Z - 🏁 Initiating 60-Second Micro-Amount Arbitrage Refinement Test...
[INFO] 2026-03-20T09:01:24.891Z - [BOOT] Executing initial boot test trace dynamically!
[INFO] 2026-03-20T09:01:24.892Z - [COMPILATION] Constructing payload for Simple-2-Hop-Test with tip: 0.002 SOL
[dotenv@17.3.1] injecting env (16) from .env -- tip: ⚙️  suppress all logs with { quiet: true }
[dotenv@17.3.1] injecting env (0) from .env -- tip: 🤖 agentic secret storage: https://dotenvx.com/as2
[INFO] 2026-03-20T09:02:15.692Z - 🏁 Initiating 60-Second Micro-Amount Arbitrage Refinement Test...
[INFO] 2026-03-20T09:02:18.694Z - [BOOT] Executing initial boot test trace dynamically!
[INFO] 2026-03-20T09:02:18.695Z - [COMPILATION] Constructing payload for Simple-2-Hop-Test with tip: 0.002 SOL
[INFO] 2026-03-20T09:03:15.695Z - ✅ 60-Second Refinement Concluded. Exiting gracefully.
[dotenv@17.3.1] injecting env (16) from .env -- tip: ⚙️  load multiple .env files with { path: ['.env.local', '.env'] }
[dotenv@17.3.1] injecting env (0) from .env -- tip: ⚙️  suppress all logs with { quiet: true }
[INFO] 2026-03-20T09:03:16.188Z - 🏁 Initiating 60-Second Micro-Amount Arbitrage Refinement Test...
[INFO] 2026-03-20T09:03:19.189Z - [BOOT] Executing initial boot test trace dynamically!
[INFO] 2026-03-20T09:03:19.189Z - [COMPILATION] Constructing payload for Simple-2-Hop-Test with tip: 0.002 SOL
[INFO] 2026-03-20T09:04:16.189Z - ✅ 60-Second Refinement Concluded. Exiting gracefully.
[dotenv@17.3.1] injecting env (16) from .env -- tip: ⚙️  override existing env vars with { override: true }
[dotenv@17.3.1] injecting env (0) from .env -- tip: ⚙️  specify custom .env file path with { path: '/custom/path/.env' }
[INFO] 2026-03-20T09:04:16.612Z - 🏁 Initiating 60-Second Micro-Amount Arbitrage Refinement Test...
[INFO] 2026-03-20T09:04:19.613Z - [BOOT] Executing initial boot test trace dynamically!
[INFO] 2026-03-20T09:04:19.613Z - [COMPILATION] Constructing payload for Simple-2-Hop-Test with tip: 0.002 SOL
[INFO] 2026-03-20T09:05:16.613Z - ✅ 60-Second Refinement Concluded. Exiting gracefully.
[dotenv@17.3.1] injecting env (16) from .env -- tip: ⚙️  suppress all logs with { quiet: true }
[dotenv@17.3.1] injecting env (0) from .env -- tip: 🤖 agentic secret storage: https://dotenvx.com/as2
[INFO] 2026-03-20T09:05:17.128Z - 🏁 Initiating 60-Second Micro-Amount Arbitrage Refinement Test...
[INFO] 2026-03-20T09:05:20.129Z - [BOOT] Executing initial boot test trace dynamically!
[INFO] 2026-03-20T09:05:20.130Z - [COMPILATION] Constructing payload for Simple-2-Hop-Test with tip: 0.002 SOL
[INFO] 2026-03-20T09:06:17.130Z - ✅ 60-Second Refinement Concluded. Exiting gracefully.
[dotenv@17.3.1] injecting env (16) from .env -- tip: ⚙️  enable debug logging with { debug: true }
[dotenv@17.3.1] injecting env (0) from .env -- tip: ⚙️  load multiple .env files with { path: ['.env.local', '.env'] }
[INFO] 2026-03-20T09:06:17.582Z - 🏁 Initiating 60-Second Micro-Amount Arbitrage Refinement Test...
[INFO] 2026-03-20T09:06:20.582Z - [BOOT] Executing initial boot test trace dynamically!
[INFO] 2026-03-20T09:06:20.583Z - [COMPILATION] Constructing payload for Simple-2-Hop-Test with tip: 0.002 SOL
[INFO] 2026-03-20T09:07:17.583Z - ✅ 60-Second Refinement Concluded. Exiting gracefully.
[dotenv@17.3.1] injecting env (16) from .env -- tip: ⚙️  load multiple .env files with { path: ['.env.local', '.env'] }
[dotenv@17.3.1] injecting env (0) from .env -- tip: ⚡️ secrets for agents: https://dotenvx.com/as2
[INFO] 2026-03-20T09:07:18.104Z - 🏁 Initiating 60-Second Micro-Amount Arbitrage Refinement Test...
[INFO] 2026-03-20T09:07:21.105Z - [BOOT] Executing initial boot test trace dynamically!
[INFO] 2026-03-20T09:07:21.106Z - [COMPILATION] Constructing payload for Simple-2-Hop-Test with tip: 0.002 SOL
[INFO] 2026-03-20T09:08:18.105Z - ✅ 60-Second Refinement Concluded. Exiting gracefully.
[dotenv@17.3.1] injecting env (16) from .env -- tip: ⚙️  write to custom object with { processEnv: myObject }
[dotenv@17.3.1] injecting env (0) from .env -- tip: ⚡️ secrets for agents: https://dotenvx.com/as2
[INFO] 2026-03-20T09:08:18.544Z - 🏁 Initiating 60-Second Micro-Amount Arbitrage Refinement Test...
[INFO] 2026-03-20T09:08:21.546Z - [BOOT] Executing initial boot test trace dynamically!
[INFO] 2026-03-20T09:08:21.546Z - [COMPILATION] Constructing payload for Simple-2-Hop-Test with tip: 0.002 SOL
[INFO] 2026-03-20T09:09:18.546Z - ✅ 60-Second Refinement Concluded. Exiting gracefully.
[dotenv@17.3.1] injecting env (16) from .env -- tip: ⚡️ secrets for agents: https://dotenvx.com/as2
[dotenv@17.3.1] injecting env (0) from .env -- tip: ⚙️  enable debug logging with { debug: true }
[INFO] 2026-03-20T09:09:18.927Z - 🏁 Initiating 60-Second Micro-Amount Arbitrage Refinement Test...
[INFO] 2026-03-20T09:09:21.927Z - [BOOT] Executing initial boot test trace dynamically!
[INFO] 2026-03-20T09:09:21.928Z - [COMPILATION] Constructing payload for Simple-2-Hop-Test with tip: 0.002 SOL
[INFO] 2026-03-20T09:10:18.928Z - ✅ 60-Second Refinement Concluded. Exiting gracefully.
[dotenv@17.3.1] injecting env (16) from .env -- tip: ⚙️  enable debug logging with { debug: true }
[dotenv@17.3.1] injecting env (0) from .env -- tip: ⚙️  write to custom object with { processEnv: myObject }
[INFO] 2026-03-20T09:10:19.391Z - 🏁 Initiating 60-Second Micro-Amount Arbitrage Refinement Test...
[INFO] 2026-03-20T09:10:22.392Z - [BOOT] Executing initial boot test trace dynamically!
[INFO] 2026-03-20T09:10:22.392Z - [COMPILATION] Constructing payload for Simple-2-Hop-Test with tip: 0.002 SOL
[INFO] 2026-03-20T09:11:19.393Z - ✅ 60-Second Refinement Concluded. Exiting gracefully.
[dotenv@17.3.1] injecting env (16) from .env -- tip: ⚙️  load multiple .env files with { path: ['.env.local', '.env'] }
[dotenv@17.3.1] injecting env (0) from .env -- tip: ⚙️  load multiple .env files with { path: ['.env.local', '.env'] }
[INFO] 2026-03-20T09:11:19.949Z - 🏁 Initiating 60-Second Micro-Amount Arbitrage Refinement Test...
[INFO] 2026-03-20T09:11:22.951Z - [BOOT] Executing initial boot test trace dynamically!
[INFO] 2026-03-20T09:11:22.952Z - [COMPILATION] Constructing payload for Simple-2-Hop-Test with tip: 0.002 SOL
[INFO] 2026-03-20T09:12:19.951Z - ✅ 60-Second Refinement Concluded. Exiting gracefully.
[dotenv@17.3.1] injecting env (16) from .env -- tip: ⚙️  suppress all logs with { quiet: true }
[dotenv@17.3.1] injecting env (0) from .env -- tip: ⚡️ secrets for agents: https://dotenvx.com/as2
[INFO] 2026-03-20T09:12:20.380Z - 🏁 Initiating 60-Second Micro-Amount Arbitrage Refinement Test...
[INFO] 2026-03-20T09:12:23.382Z - [BOOT] Executing initial boot test trace dynamically!
[INFO] 2026-03-20T09:12:23.384Z - [COMPILATION] Constructing payload for Simple-2-Hop-Test with tip: 0.002 SOL
[INFO] 2026-03-20T09:13:20.381Z - ✅ 60-Second Refinement Concluded. Exiting gracefully.
[dotenv@17.3.1] injecting env (16) from .env -- tip: 🤖 agentic secret storage: https://dotenvx.com/as2
[dotenv@17.3.1] injecting env (0) from .env -- tip: 🔐 prevent building .env in docker: https://dotenvx.com/prebuild
[INFO] 2026-03-20T09:13:20.871Z - 🏁 Initiating 60-Second Micro-Amount Arbitrage Refinement Test...
[INFO] 2026-03-20T09:13:23.872Z - [BOOT] Executing initial boot test trace dynamically!
[INFO] 2026-03-20T09:13:23.873Z - [COMPILATION] Constructing payload for Simple-2-Hop-Test with tip: 0.002 SOL
[INFO] 2026-03-20T09:14:20.871Z - ✅ 60-Second Refinement Concluded. Exiting gracefully.
[dotenv@17.3.1] injecting env (16) from .env -- tip: 🛠️  run anywhere with `dotenvx run -- yourcommand`
[dotenv@17.3.1] injecting env (0) from .env -- tip: 🛠️  run anywhere with `dotenvx run -- yourcommand`
[INFO] 2026-03-20T09:14:21.354Z - 🏁 Initiating 60-Second Micro-Amount Arbitrage Refinement Test...
[INFO] 2026-03-20T09:14:24.356Z - [BOOT] Executing initial boot test trace dynamically!
[INFO] 2026-03-20T09:14:24.356Z - [COMPILATION] Constructing payload for Simple-2-Hop-Test with tip: 0.002 SOL
[INFO] 2026-03-20T09:15:21.356Z - ✅ 60-Second Refinement Concluded. Exiting gracefully.
[dotenv@17.3.1] injecting env (16) from .env -- tip: 🔐 prevent building .env in docker: https://dotenvx.com/prebuild
[dotenv@17.3.1] injecting env (0) from .env -- tip: 🔐 prevent committing .env to code: https://dotenvx.com/precommit
[INFO] 2026-03-20T09:15:21.900Z - 🏁 Initiating 60-Second Micro-Amount Arbitrage Refinement Test...
[INFO] 2026-03-20T09:15:24.901Z - [BOOT] Executing initial boot test trace dynamically!
[INFO] 2026-03-20T09:15:24.902Z - [COMPILATION] Constructing payload for Simple-2-Hop-Test with tip: 0.002 SOL
[INFO] 2026-03-20T09:16:21.901Z - ✅ 60-Second Refinement Concluded. Exiting gracefully.
[dotenv@17.3.1] injecting env (16) from .env -- tip: 🔐 prevent committing .env to code: https://dotenvx.com/precommit
[dotenv@17.3.1] injecting env (0) from .env -- tip: ⚙️  override existing env vars with { override: true }
[INFO] 2026-03-20T09:16:22.377Z - 🏁 Initiating 60-Second Micro-Amount Arbitrage Refinement Test...
[INFO] 2026-03-20T09:16:25.379Z - [BOOT] Executing initial boot test trace dynamically!
[INFO] 2026-03-20T09:16:25.379Z - [COMPILATION] Constructing payload for Simple-2-Hop-Test with tip: 0.002 SOL
[INFO] 2026-03-20T09:17:22.378Z - ✅ 60-Second Refinement Concluded. Exiting gracefully.
[dotenv@17.3.1] injecting env (16) from .env -- tip: ⚙️  enable debug logging with { debug: true }
[dotenv@17.3.1] injecting env (0) from .env -- tip: 🛡️ auth for agents: https://vestauth.com
[INFO] 2026-03-20T09:17:22.848Z - 🏁 Initiating 60-Second Micro-Amount Arbitrage Refinement Test...
[INFO] 2026-03-20T09:17:25.850Z - [BOOT] Executing initial boot test trace dynamically!
[INFO] 2026-03-20T09:17:25.851Z - [COMPILATION] Constructing payload for Simple-2-Hop-Test with tip: 0.002 SOL
[dotenv@17.3.1] injecting env (16) from .env -- tip: ⚙️  specify custom .env file path with { path: '/custom/path/.env' }
[dotenv@17.3.1] injecting env (0) from .env -- tip: 🔐 prevent committing .env to code: https://dotenvx.com/precommit
[INFO] 2026-03-20T09:18:06.048Z - 🏁 Initiating 60-Second Micro-Amount Arbitrage Refinement Test...
[INFO] 2026-03-20T09:18:09.049Z - [BOOT] Executing initial boot test trace dynamically!
[INFO] 2026-03-20T09:18:09.050Z - [COMPILATION] Constructing payload for Simple-2-Hop-Test with tip: 0.002 SOL
[INFO] 2026-03-20T09:19:06.050Z - ✅ 60-Second Refinement Concluded. Exiting gracefully.
[dotenv@17.3.1] injecting env (16) from .env -- tip: ⚙️  suppress all logs with { quiet: true }
[dotenv@17.3.1] injecting env (0) from .env -- tip: 🔐 prevent building .env in docker: https://dotenvx.com/prebuild
[INFO] 2026-03-20T09:19:06.743Z - 🏁 Initiating 60-Second Micro-Amount Arbitrage Refinement Test...
[dotenv@17.3.1] injecting env (16) from .env -- tip: 🤖 agentic secret storage: https://dotenvx.com/as2
[dotenv@17.3.1] injecting env (0) from .env -- tip: ⚙️  write to custom object with { processEnv: myObject }
[INFO] 2026-03-20T09:19:07.599Z - 🏁 Initiating 60-Second Micro-Amount Arbitrage Refinement Test...
[INFO] 2026-03-20T09:19:10.601Z - [BOOT] Executing initial boot test trace dynamically!
[INFO] 2026-03-20T09:19:10.602Z - [COMPILATION] Constructing payload for Simple-2-Hop-Test with tip: 0.002 SOL
[INFO] 2026-03-20T09:20:07.600Z - ✅ 60-Second Refinement Concluded. Exiting gracefully.
[dotenv@17.3.1] injecting env (16) from .env -- tip: 🔐 encrypt with Dotenvx: https://dotenvx.com
[dotenv@17.3.1] injecting env (0) from .env -- tip: 🤖 agentic secret storage: https://dotenvx.com/as2
[INFO] 2026-03-20T09:20:08.139Z - 🏁 Initiating 60-Second Micro-Amount Arbitrage Refinement Test...
[INFO] 2026-03-20T09:20:11.141Z - [BOOT] Executing initial boot test trace dynamically!
[INFO] 2026-03-20T09:20:11.142Z - [COMPILATION] Constructing payload for Simple-2-Hop-Test with tip: 0.002 SOL
[INFO] 2026-03-20T09:21:08.140Z - ✅ 60-Second Refinement Concluded. Exiting gracefully.
[dotenv@17.3.1] injecting env (16) from .env -- tip: 🔐 encrypt with Dotenvx: https://dotenvx.com
[dotenv@17.3.1] injecting env (0) from .env -- tip: 🤖 agentic secret storage: https://dotenvx.com/as2
[INFO] 2026-03-20T09:21:08.637Z - 🏁 Initiating 60-Second Micro-Amount Arbitrage Refinement Test...
[INFO] 2026-03-20T09:21:11.640Z - [BOOT] Executing initial boot test trace dynamically!
[INFO] 2026-03-20T09:21:11.641Z - [COMPILATION] Constructing payload for Simple-2-Hop-Test with tip: 0.002 SOL
[INFO] 2026-03-20T09:22:08.640Z - ✅ 60-Second Refinement Concluded. Exiting gracefully.
[dotenv@17.3.1] injecting env (16) from .env -- tip: ⚡️ secrets for agents: https://dotenvx.com/as2
[dotenv@17.3.1] injecting env (0) from .env -- tip: ⚙️  suppress all logs with { quiet: true }
[INFO] 2026-03-20T09:22:09.069Z - 🏁 Initiating 60-Second Micro-Amount Arbitrage Refinement Test...
[INFO] 2026-03-20T09:22:12.071Z - [BOOT] Executing initial boot test trace dynamically!
[INFO] 2026-03-20T09:22:12.071Z - [COMPILATION] Constructing payload for Simple-2-Hop-Test with tip: 0.002 SOL
[INFO] 2026-03-20T09:23:09.071Z - ✅ 60-Second Refinement Concluded. Exiting gracefully.
[dotenv@17.3.1] injecting env (16) from .env -- tip: 🛠️  run anywhere with `dotenvx run -- yourcommand`
[dotenv@17.3.1] injecting env (0) from .env -- tip: ⚙️  override existing env vars with { override: true }
[INFO] 2026-03-20T09:23:09.605Z - 🏁 Initiating 60-Second Micro-Amount Arbitrage Refinement Test...
[INFO] 2026-03-20T09:23:12.607Z - [BOOT] Executing initial boot test trace dynamically!
[INFO] 2026-03-20T09:23:12.608Z - [COMPILATION] Constructing payload for Simple-2-Hop-Test with tip: 0.002 SOL
[INFO] 2026-03-20T09:24:09.606Z - ✅ 60-Second Refinement Concluded. Exiting gracefully.
[dotenv@17.3.1] injecting env (16) from .env -- tip: 🔐 prevent committing .env to code: https://dotenvx.com/precommit
[dotenv@17.3.1] injecting env (0) from .env -- tip: ⚡️ secrets for agents: https://dotenvx.com/as2
[INFO] 2026-03-20T09:24:09.990Z - 🏁 Initiating 60-Second Micro-Amount Arbitrage Refinement Test...
[INFO] 2026-03-20T09:24:12.991Z - [BOOT] Executing initial boot test trace dynamically!
[INFO] 2026-03-20T09:24:12.992Z - [COMPILATION] Constructing payload for Simple-2-Hop-Test with tip: 0.002 SOL
[INFO] 2026-03-20T09:25:09.992Z - ✅ 60-Second Refinement Concluded. Exiting gracefully.
[dotenv@17.3.1] injecting env (16) from .env -- tip: ⚙️  suppress all logs with { quiet: true }
[dotenv@17.3.1] injecting env (0) from .env -- tip: 🔐 prevent building .env in docker: https://dotenvx.com/prebuild
[INFO] 2026-03-20T09:25:10.482Z - 🏁 Initiating 60-Second Micro-Amount Arbitrage Refinement Test...
[INFO] 2026-03-20T09:25:13.484Z - [BOOT] Executing initial boot test trace dynamically!
[INFO] 2026-03-20T09:25:13.484Z - [COMPILATION] Constructing payload for Simple-2-Hop-Test with tip: 0.002 SOL
[INFO] 2026-03-20T09:26:10.483Z - ✅ 60-Second Refinement Concluded. Exiting gracefully.
[dotenv@17.3.1] injecting env (16) from .env -- tip: 🔐 prevent building .env in docker: https://dotenvx.com/prebuild
[dotenv@17.3.1] injecting env (0) from .env -- tip: 🔐 prevent committing .env to code: https://dotenvx.com/precommit
[INFO] 2026-03-20T09:26:11.026Z - 🏁 Initiating 60-Second Micro-Amount Arbitrage Refinement Test...
[INFO] 2026-03-20T09:26:14.028Z - [BOOT] Executing initial boot test trace dynamically!
[INFO] 2026-03-20T09:26:14.029Z - [COMPILATION] Constructing payload for Simple-2-Hop-Test with tip: 0.002 SOL
[INFO] 2026-03-20T09:26:14.873Z - --- TRANSACTION PAYLOAD STRUCTURE (9 Instructions) ---
[INFO] 2026-03-20T09:26:14.873Z - [IX 0] Program: ATokenGPvbdGVxr1b2hvZbsiqW5xWH25efTNsLJA8knL
[INFO] 2026-03-20T09:26:14.875Z - [IX 1] Program: 11111111111111111111111111111111
[INFO] 2026-03-20T09:26:14.875Z - [IX 2] Program: TokenkegQfeZyiNwAJbNbGKPFXCWuBvf9Ss623VQ5DA
[INFO] 2026-03-20T09:26:14.876Z - [IX 3] Program: ATokenGPvbdGVxr1b2hvZbsiqW5xWH25efTNsLJA8knL
[INFO] 2026-03-20T09:26:14.876Z - [IX 4] Program: JUP6LkbZbjS1jKKwapdHNy74zcZ3tLUZoi5QNyVTaV4
[INFO] 2026-03-20T09:26:14.876Z - [IX 5] Program: TokenkegQfeZyiNwAJbNbGKPFXCWuBvf9Ss623VQ5DA
[INFO] 2026-03-20T09:26:14.876Z - [IX 6] Program: ATokenGPvbdGVxr1b2hvZbsiqW5xWH25efTNsLJA8knL
[INFO] 2026-03-20T09:26:14.876Z - [IX 7] Program: JUP6LkbZbjS1jKKwapdHNy74zcZ3tLUZoi5QNyVTaV4
[INFO] 2026-03-20T09:26:14.877Z - [IX 8] Program: TokenkegQfeZyiNwAJbNbGKPFXCWuBvf9Ss623VQ5DA
[INFO] 2026-03-20T09:26:14.877Z - -----------------------------------------------------
[INFO] 2026-03-20T09:26:14.878Z - 🔥 Attached Strict Baseline Gas Priority: 250000 microLamports (Bypassing Priority Auctions!)
[INFO] 2026-03-20T09:26:14.879Z - 💰 Appended Jito Tip Execution successfully: 0.002 SOL to 3AVi9T...
[INFO] 2026-03-20T09:26:14.916Z - Executing MEV Bundle securely via High-Speed Chainstack Node + BloXroute + Jito for ultimate throughput...
[INFO] 2026-03-20T09:26:14.934Z - [COMPILATION] Synced local Blockhash/ALT states sequentially mapping atomic instructions in 1.4ms!
[INFO] 2026-03-20T09:27:11.028Z - ✅ 60-Second Refinement Concluded. Exiting gracefully.
[dotenv@17.3.1] injecting env (16) from .env -- tip: 🛡️ auth for agents: https://vestauth.com
[dotenv@17.3.1] injecting env (0) from .env -- tip: ⚙️  enable debug logging with { debug: true }
[INFO] 2026-03-20T09:27:11.569Z - 🏁 Initiating 60-Second Micro-Amount Arbitrage Refinement Test...
[INFO] 2026-03-20T09:27:14.571Z - [BOOT] Executing initial boot test trace dynamically!
[INFO] 2026-03-20T09:27:14.572Z - [COMPILATION] Constructing payload for Simple-2-Hop-Test with tip: 0.002 SOL
[INFO] 2026-03-20T09:27:15.415Z - --- TRANSACTION PAYLOAD STRUCTURE (9 Instructions) ---
[INFO] 2026-03-20T09:27:15.415Z - [IX 0] Program: ATokenGPvbdGVxr1b2hvZbsiqW5xWH25efTNsLJA8knL
[INFO] 2026-03-20T09:27:15.416Z - [IX 1] Program: 11111111111111111111111111111111
[INFO] 2026-03-20T09:27:15.416Z - [IX 2] Program: TokenkegQfeZyiNwAJbNbGKPFXCWuBvf9Ss623VQ5DA
[INFO] 2026-03-20T09:27:15.417Z - [IX 3] Program: ATokenGPvbdGVxr1b2hvZbsiqW5xWH25efTNsLJA8knL
[INFO] 2026-03-20T09:27:15.417Z - [IX 4] Program: JUP6LkbZbjS1jKKwapdHNy74zcZ3tLUZoi5QNyVTaV4
[INFO] 2026-03-20T09:27:15.417Z - [IX 5] Program: TokenkegQfeZyiNwAJbNbGKPFXCWuBvf9Ss623VQ5DA
[INFO] 2026-03-20T09:27:15.417Z - [IX 6] Program: ATokenGPvbdGVxr1b2hvZbsiqW5xWH25efTNsLJA8knL
[INFO] 2026-03-20T09:27:15.417Z - [IX 7] Program: JUP6LkbZbjS1jKKwapdHNy74zcZ3tLUZoi5QNyVTaV4
[INFO] 2026-03-20T09:27:15.418Z - [IX 8] Program: TokenkegQfeZyiNwAJbNbGKPFXCWuBvf9Ss623VQ5DA
[INFO] 2026-03-20T09:27:15.418Z - -----------------------------------------------------
[INFO] 2026-03-20T09:27:15.419Z - 🔥 Attached Strict Baseline Gas Priority: 250000 microLamports (Bypassing Priority Auctions!)
[INFO] 2026-03-20T09:27:15.420Z - 💰 Appended Jito Tip Execution successfully: 0.002 SOL to AD15vs...
[INFO] 2026-03-20T09:27:15.466Z - Executing MEV Bundle securely via High-Speed Chainstack Node + BloXroute + Jito for ultimate throughput...
[INFO] 2026-03-20T09:27:15.481Z - [COMPILATION] Synced local Blockhash/ALT states sequentially mapping atomic instructions in 1.4ms!
[INFO] 2026-03-20T09:28:11.571Z - ✅ 60-Second Refinement Concluded. Exiting gracefully.
[dotenv@17.3.1] injecting env (16) from .env -- tip: ⚙️  override existing env vars with { override: true }
[dotenv@17.3.1] injecting env (0) from .env -- tip: 🤖 agentic secret storage: https://dotenvx.com/as2
[INFO] 2026-03-20T09:28:12.280Z - 🏁 Initiating 60-Second Micro-Amount Arbitrage Refinement Test...
[INFO] 2026-03-20T09:28:18.282Z - [BOOT] Executing initial boot test trace dynamically!
[INFO] 2026-03-20T09:28:18.283Z - [COMPILATION] Constructing payload for Simple-2-Hop-Test with tip: 0.002 SOL
[INFO] 2026-03-20T09:28:19.167Z - --- TRANSACTION PAYLOAD STRUCTURE (9 Instructions) ---
[INFO] 2026-03-20T09:28:19.168Z - [IX 0] Program: ATokenGPvbdGVxr1b2hvZbsiqW5xWH25efTNsLJA8knL
[INFO] 2026-03-20T09:28:19.169Z - [IX 1] Program: 11111111111111111111111111111111
[INFO] 2026-03-20T09:28:19.169Z - [IX 2] Program: TokenkegQfeZyiNwAJbNbGKPFXCWuBvf9Ss623VQ5DA
[INFO] 2026-03-20T09:28:19.169Z - [IX 3] Program: ATokenGPvbdGVxr1b2hvZbsiqW5xWH25efTNsLJA8knL
[INFO] 2026-03-20T09:28:19.169Z - [IX 4] Program: JUP6LkbZbjS1jKKwapdHNy74zcZ3tLUZoi5QNyVTaV4
[INFO] 2026-03-20T09:28:19.170Z - [IX 5] Program: TokenkegQfeZyiNwAJbNbGKPFXCWuBvf9Ss623VQ5DA
[INFO] 2026-03-20T09:28:19.170Z - [IX 6] Program: ATokenGPvbdGVxr1b2hvZbsiqW5xWH25efTNsLJA8knL
[INFO] 2026-03-20T09:28:19.170Z - [IX 7] Program: JUP6LkbZbjS1jKKwapdHNy74zcZ3tLUZoi5QNyVTaV4
[INFO] 2026-03-20T09:28:19.170Z - [IX 8] Program: TokenkegQfeZyiNwAJbNbGKPFXCWuBvf9Ss623VQ5DA
[INFO] 2026-03-20T09:28:19.170Z - -----------------------------------------------------
[INFO] 2026-03-20T09:28:19.172Z - 🔥 Attached Strict Baseline Gas Priority: 250000 microLamports (Bypassing Priority Auctions!)
[INFO] 2026-03-20T09:28:19.172Z - 💰 Appended Jito Tip Execution successfully: 0.002 SOL to 96gYZG...
[INFO] 2026-03-20T09:28:19.213Z - Executing MEV Bundle securely via High-Speed Chainstack Node + BloXroute + Jito for ultimate throughput...
[INFO] 2026-03-20T09:28:19.230Z - [COMPILATION] Synced local Blockhash/ALT states sequentially mapping atomic instructions in 1.4ms!
[INFO] 2026-03-20T09:29:12.282Z - ✅ 60-Second Refinement Concluded. Exiting gracefully.
[dotenv@17.3.1] injecting env (16) from .env -- tip: ⚙️  specify custom .env file path with { path: '/custom/path/.env' }
[dotenv@17.3.1] injecting env (0) from .env -- tip: ⚙️  write to custom object with { processEnv: myObject }
[INFO] 2026-03-20T09:29:12.892Z - 🏁 Initiating 60-Second Micro-Amount Arbitrage Refinement Test...
[INFO] 2026-03-20T09:29:18.893Z - [BOOT] Executing initial boot test trace dynamically!
[INFO] 2026-03-20T09:29:18.894Z - [COMPILATION] Constructing payload for Simple-2-Hop-Test with tip: 0.002 SOL
[INFO] 2026-03-20T09:29:19.705Z - --- TRANSACTION PAYLOAD STRUCTURE (9 Instructions) ---
[INFO] 2026-03-20T09:29:19.706Z - [IX 0] Program: ATokenGPvbdGVxr1b2hvZbsiqW5xWH25efTNsLJA8knL
[INFO] 2026-03-20T09:29:19.706Z - [IX 1] Program: 11111111111111111111111111111111
[INFO] 2026-03-20T09:29:19.706Z - [IX 2] Program: TokenkegQfeZyiNwAJbNbGKPFXCWuBvf9Ss623VQ5DA
[INFO] 2026-03-20T09:29:19.706Z - [IX 3] Program: ATokenGPvbdGVxr1b2hvZbsiqW5xWH25efTNsLJA8knL
[INFO] 2026-03-20T09:29:19.707Z - [IX 4] Program: JUP6LkbZbjS1jKKwapdHNy74zcZ3tLUZoi5QNyVTaV4
[INFO] 2026-03-20T09:29:19.707Z - [IX 5] Program: TokenkegQfeZyiNwAJbNbGKPFXCWuBvf9Ss623VQ5DA
[INFO] 2026-03-20T09:29:19.707Z - [IX 6] Program: ATokenGPvbdGVxr1b2hvZbsiqW5xWH25efTNsLJA8knL
[INFO] 2026-03-20T09:29:19.707Z - [IX 7] Program: JUP6LkbZbjS1jKKwapdHNy74zcZ3tLUZoi5QNyVTaV4
[INFO] 2026-03-20T09:29:19.707Z - [IX 8] Program: TokenkegQfeZyiNwAJbNbGKPFXCWuBvf9Ss623VQ5DA
[INFO] 2026-03-20T09:29:19.708Z - -----------------------------------------------------
[INFO] 2026-03-20T09:29:19.709Z - 🔥 Attached Strict Baseline Gas Priority: 250000 microLamports (Bypassing Priority Auctions!)
[INFO] 2026-03-20T09:29:19.709Z - 💰 Appended Jito Tip Execution successfully: 0.002 SOL to Cw8CFy...
[INFO] 2026-03-20T09:29:19.748Z - Executing MEV Bundle securely via High-Speed Chainstack Node + BloXroute + Jito for ultimate throughput...
[INFO] 2026-03-20T09:29:19.761Z - [COMPILATION] Synced local Blockhash/ALT states sequentially mapping atomic instructions in 1.4ms!
[INFO] 2026-03-20T09:30:12.894Z - ✅ 60-Second Refinement Concluded. Exiting gracefully.
[dotenv@17.3.1] injecting env (16) from .env -- tip: ⚙️  enable debug logging with { debug: true }
[dotenv@17.3.1] injecting env (0) from .env -- tip: ⚙️  write to custom object with { processEnv: myObject }
[INFO] 2026-03-20T09:30:13.420Z - 🏁 Initiating 60-Second Micro-Amount Arbitrage Refinement Test...
[INFO] 2026-03-20T09:30:19.421Z - [BOOT] Executing initial boot test trace dynamically!
[INFO] 2026-03-20T09:30:19.422Z - [COMPILATION] Constructing payload for Simple-2-Hop-Test with tip: 0.002 SOL
[INFO] 2026-03-20T09:30:20.230Z - --- TRANSACTION PAYLOAD STRUCTURE (9 Instructions) ---
[INFO] 2026-03-20T09:30:20.230Z - [IX 0] Program: ATokenGPvbdGVxr1b2hvZbsiqW5xWH25efTNsLJA8knL
[INFO] 2026-03-20T09:30:20.231Z - [IX 1] Program: 11111111111111111111111111111111
[INFO] 2026-03-20T09:30:20.231Z - [IX 2] Program: TokenkegQfeZyiNwAJbNbGKPFXCWuBvf9Ss623VQ5DA
[INFO] 2026-03-20T09:30:20.231Z - [IX 3] Program: ATokenGPvbdGVxr1b2hvZbsiqW5xWH25efTNsLJA8knL
[INFO] 2026-03-20T09:30:20.232Z - [IX 4] Program: JUP6LkbZbjS1jKKwapdHNy74zcZ3tLUZoi5QNyVTaV4
[INFO] 2026-03-20T09:30:20.232Z - [IX 5] Program: TokenkegQfeZyiNwAJbNbGKPFXCWuBvf9Ss623VQ5DA
[INFO] 2026-03-20T09:30:20.232Z - [IX 6] Program: ATokenGPvbdGVxr1b2hvZbsiqW5xWH25efTNsLJA8knL
[INFO] 2026-03-20T09:30:20.232Z - [IX 7] Program: JUP6LkbZbjS1jKKwapdHNy74zcZ3tLUZoi5QNyVTaV4
[INFO] 2026-03-20T09:30:20.233Z - [IX 8] Program: TokenkegQfeZyiNwAJbNbGKPFXCWuBvf9Ss623VQ5DA
[INFO] 2026-03-20T09:30:20.233Z - -----------------------------------------------------
[INFO] 2026-03-20T09:30:20.236Z - 🔥 Attached Strict Baseline Gas Priority: 250000 microLamports (Bypassing Priority Auctions!)
[INFO] 2026-03-20T09:30:20.238Z - 💰 Appended Jito Tip Execution successfully: 0.002 SOL to 3AVi9T...
[INFO] 2026-03-20T09:30:20.289Z - Executing MEV Bundle securely via High-Speed Chainstack Node + BloXroute + Jito for ultimate throughput...
[INFO] 2026-03-20T09:30:20.308Z - [COMPILATION] Synced local Blockhash/ALT states sequentially mapping atomic instructions in 1.4ms!
[INFO] 2026-03-20T09:31:13.421Z - ✅ 60-Second Refinement Concluded. Exiting gracefully.
[dotenv@17.3.1] injecting env (16) from .env -- tip: ⚙️  enable debug logging with { debug: true }
[dotenv@17.3.1] injecting env (0) from .env -- tip: 🔐 prevent committing .env to code: https://dotenvx.com/precommit
[INFO] 2026-03-20T09:31:14.049Z - 🏁 Initiating 60-Second Micro-Amount Arbitrage Refinement Test...
[INFO] 2026-03-20T09:31:20.050Z - [BOOT] Executing initial boot test trace dynamically!
[INFO] 2026-03-20T09:31:20.051Z - [COMPILATION] Constructing payload for Simple-2-Hop-Test with tip: 0.002 SOL
[INFO] 2026-03-20T09:31:20.901Z - --- TRANSACTION PAYLOAD STRUCTURE (9 Instructions) ---
[INFO] 2026-03-20T09:31:20.902Z - [IX 0] Program: ATokenGPvbdGVxr1b2hvZbsiqW5xWH25efTNsLJA8knL
[INFO] 2026-03-20T09:31:20.903Z - [IX 1] Program: 11111111111111111111111111111111
[INFO] 2026-03-20T09:31:20.904Z - [IX 2] Program: TokenkegQfeZyiNwAJbNbGKPFXCWuBvf9Ss623VQ5DA
[INFO] 2026-03-20T09:31:20.904Z - [IX 3] Program: ATokenGPvbdGVxr1b2hvZbsiqW5xWH25efTNsLJA8knL
[INFO] 2026-03-20T09:31:20.904Z - [IX 4] Program: JUP6LkbZbjS1jKKwapdHNy74zcZ3tLUZoi5QNyVTaV4
[INFO] 2026-03-20T09:31:20.904Z - [IX 5] Program: TokenkegQfeZyiNwAJbNbGKPFXCWuBvf9Ss623VQ5DA
[INFO] 2026-03-20T09:31:20.904Z - [IX 6] Program: ATokenGPvbdGVxr1b2hvZbsiqW5xWH25efTNsLJA8knL
[INFO] 2026-03-20T09:31:20.905Z - [IX 7] Program: JUP6LkbZbjS1jKKwapdHNy74zcZ3tLUZoi5QNyVTaV4
[INFO] 2026-03-20T09:31:20.905Z - [IX 8] Program: TokenkegQfeZyiNwAJbNbGKPFXCWuBvf9Ss623VQ5DA
[INFO] 2026-03-20T09:31:20.905Z - -----------------------------------------------------
[INFO] 2026-03-20T09:31:20.906Z - 🔥 Attached Strict Baseline Gas Priority: 250000 microLamports (Bypassing Priority Auctions!)
[INFO] 2026-03-20T09:31:20.907Z - 💰 Appended Jito Tip Execution successfully: 0.002 SOL to ADaUMi...
[INFO] 2026-03-20T09:31:20.935Z - Executing MEV Bundle securely via High-Speed Chainstack Node + BloXroute + Jito for ultimate throughput...
[INFO] 2026-03-20T09:31:20.950Z - [COMPILATION] Synced local Blockhash/ALT states sequentially mapping atomic instructions in 1.4ms!
[INFO] 2026-03-20T09:32:14.050Z - ✅ 60-Second Refinement Concluded. Exiting gracefully.
[dotenv@17.3.1] injecting env (16) from .env -- tip: 🛡️ auth for agents: https://vestauth.com
[dotenv@17.3.1] injecting env (0) from .env -- tip: ⚙️  suppress all logs with { quiet: true }
[INFO] 2026-03-20T09:32:14.530Z - 🏁 Initiating 60-Second Micro-Amount Arbitrage Refinement Test...
[INFO] 2026-03-20T09:32:20.531Z - [BOOT] Executing initial boot test trace dynamically!
[INFO] 2026-03-20T09:32:20.532Z - [COMPILATION] Constructing payload for Simple-2-Hop-Test with tip: 0.002 SOL
[INFO] 2026-03-20T09:32:21.384Z - --- TRANSACTION PAYLOAD STRUCTURE (9 Instructions) ---
[INFO] 2026-03-20T09:32:21.384Z - [IX 0] Program: ATokenGPvbdGVxr1b2hvZbsiqW5xWH25efTNsLJA8knL
[INFO] 2026-03-20T09:32:21.387Z - [IX 1] Program: 11111111111111111111111111111111
[INFO] 2026-03-20T09:32:21.387Z - [IX 2] Program: TokenkegQfeZyiNwAJbNbGKPFXCWuBvf9Ss623VQ5DA
[INFO] 2026-03-20T09:32:21.387Z - [IX 3] Program: ATokenGPvbdGVxr1b2hvZbsiqW5xWH25efTNsLJA8knL
[INFO] 2026-03-20T09:32:21.387Z - [IX 4] Program: JUP6LkbZbjS1jKKwapdHNy74zcZ3tLUZoi5QNyVTaV4
[INFO] 2026-03-20T09:32:21.387Z - [IX 5] Program: TokenkegQfeZyiNwAJbNbGKPFXCWuBvf9Ss623VQ5DA
[INFO] 2026-03-20T09:32:21.388Z - [IX 6] Program: ATokenGPvbdGVxr1b2hvZbsiqW5xWH25efTNsLJA8knL
[INFO] 2026-03-20T09:32:21.388Z - [IX 7] Program: JUP6LkbZbjS1jKKwapdHNy74zcZ3tLUZoi5QNyVTaV4
[INFO] 2026-03-20T09:32:21.388Z - [IX 8] Program: TokenkegQfeZyiNwAJbNbGKPFXCWuBvf9Ss623VQ5DA
[INFO] 2026-03-20T09:32:21.388Z - -----------------------------------------------------
[INFO] 2026-03-20T09:32:21.389Z - 🔥 Attached Strict Baseline Gas Priority: 250000 microLamports (Bypassing Priority Auctions!)
[INFO] 2026-03-20T09:32:21.390Z - 💰 Appended Jito Tip Execution successfully: 0.002 SOL to 96gYZG...
[INFO] 2026-03-20T09:32:21.455Z - Executing MEV Bundle securely via High-Speed Chainstack Node + BloXroute + Jito for ultimate throughput...
[INFO] 2026-03-20T09:32:21.476Z - [COMPILATION] Synced local Blockhash/ALT states sequentially mapping atomic instructions in 1.4ms!
[INFO] 2026-03-20T09:33:14.531Z - ✅ 60-Second Refinement Concluded. Exiting gracefully.
[dotenv@17.3.1] injecting env (16) from .env -- tip: ⚙️  load multiple .env files with { path: ['.env.local', '.env'] }
[dotenv@17.3.1] injecting env (0) from .env -- tip: ⚙️  write to custom object with { processEnv: myObject }
[INFO] 2026-03-20T09:33:15.061Z - 🏁 Initiating 60-Second Micro-Amount Arbitrage Refinement Test...
[INFO] 2026-03-20T09:33:21.073Z - [BOOT] Executing initial boot test trace dynamically!
[INFO] 2026-03-20T09:33:21.075Z - [COMPILATION] Constructing payload for Simple-2-Hop-Test with tip: 0.002 SOL
[INFO] 2026-03-20T09:33:21.918Z - --- TRANSACTION PAYLOAD STRUCTURE (9 Instructions) ---
[INFO] 2026-03-20T09:33:21.919Z - [IX 0] Program: ATokenGPvbdGVxr1b2hvZbsiqW5xWH25efTNsLJA8knL
[INFO] 2026-03-20T09:33:21.921Z - [IX 1] Program: 11111111111111111111111111111111
[INFO] 2026-03-20T09:33:21.921Z - [IX 2] Program: TokenkegQfeZyiNwAJbNbGKPFXCWuBvf9Ss623VQ5DA
[INFO] 2026-03-20T09:33:21.921Z - [IX 3] Program: ATokenGPvbdGVxr1b2hvZbsiqW5xWH25efTNsLJA8knL
[INFO] 2026-03-20T09:33:21.922Z - [IX 4] Program: JUP6LkbZbjS1jKKwapdHNy74zcZ3tLUZoi5QNyVTaV4
[INFO] 2026-03-20T09:33:21.922Z - [IX 5] Program: TokenkegQfeZyiNwAJbNbGKPFXCWuBvf9Ss623VQ5DA
[INFO] 2026-03-20T09:33:21.922Z - [IX 6] Program: ATokenGPvbdGVxr1b2hvZbsiqW5xWH25efTNsLJA8knL
[INFO] 2026-03-20T09:33:21.922Z - [IX 7] Program: JUP6LkbZbjS1jKKwapdHNy74zcZ3tLUZoi5QNyVTaV4
[INFO] 2026-03-20T09:33:21.923Z - [IX 8] Program: TokenkegQfeZyiNwAJbNbGKPFXCWuBvf9Ss623VQ5DA
[INFO] 2026-03-20T09:33:21.923Z - -----------------------------------------------------
[INFO] 2026-03-20T09:33:21.924Z - 🔥 Attached Strict Baseline Gas Priority: 250000 microLamports (Bypassing Priority Auctions!)
[INFO] 2026-03-20T09:33:21.925Z - 💰 Appended Jito Tip Execution successfully: 0.002 SOL to DttWaM...
[INFO] 2026-03-20T09:33:21.955Z - Executing MEV Bundle securely via High-Speed Chainstack Node + BloXroute + Jito for ultimate throughput...
[INFO] 2026-03-20T09:33:21.975Z - [COMPILATION] Synced local Blockhash/ALT states sequentially mapping atomic instructions in 1.4ms!
[INFO] 2026-03-20T09:34:15.072Z - ✅ 60-Second Refinement Concluded. Exiting gracefully.
[dotenv@17.3.1] injecting env (16) from .env -- tip: ⚙️  suppress all logs with { quiet: true }
[dotenv@17.3.1] injecting env (0) from .env -- tip: 🤖 agentic secret storage: https://dotenvx.com/as2
[INFO] 2026-03-20T09:34:15.671Z - 🏁 Initiating 60-Second Micro-Amount Arbitrage Refinement Test...
[INFO] 2026-03-20T09:34:21.673Z - [BOOT] Executing initial boot test trace dynamically!
[INFO] 2026-03-20T09:34:21.674Z - [COMPILATION] Constructing payload for Simple-2-Hop-Test with tip: 0.002 SOL
[INFO] 2026-03-20T09:34:22.501Z - --- TRANSACTION PAYLOAD STRUCTURE (9 Instructions) ---
[INFO] 2026-03-20T09:34:22.502Z - [IX 0] Program: ATokenGPvbdGVxr1b2hvZbsiqW5xWH25efTNsLJA8knL
[INFO] 2026-03-20T09:34:22.502Z - [IX 1] Program: 11111111111111111111111111111111
[INFO] 2026-03-20T09:34:22.502Z - [IX 2] Program: TokenkegQfeZyiNwAJbNbGKPFXCWuBvf9Ss623VQ5DA
[INFO] 2026-03-20T09:34:22.503Z - [IX 3] Program: ATokenGPvbdGVxr1b2hvZbsiqW5xWH25efTNsLJA8knL
[INFO] 2026-03-20T09:34:22.503Z - [IX 4] Program: JUP6LkbZbjS1jKKwapdHNy74zcZ3tLUZoi5QNyVTaV4
[INFO] 2026-03-20T09:34:22.503Z - [IX 5] Program: TokenkegQfeZyiNwAJbNbGKPFXCWuBvf9Ss623VQ5DA
[INFO] 2026-03-20T09:34:22.503Z - [IX 6] Program: ATokenGPvbdGVxr1b2hvZbsiqW5xWH25efTNsLJA8knL
[INFO] 2026-03-20T09:34:22.504Z - [IX 7] Program: JUP6LkbZbjS1jKKwapdHNy74zcZ3tLUZoi5QNyVTaV4
[INFO] 2026-03-20T09:34:22.507Z - [IX 8] Program: TokenkegQfeZyiNwAJbNbGKPFXCWuBvf9Ss623VQ5DA
[INFO] 2026-03-20T09:34:22.507Z - -----------------------------------------------------
[INFO] 2026-03-20T09:34:22.509Z - 🔥 Attached Strict Baseline Gas Priority: 250000 microLamports (Bypassing Priority Auctions!)
[INFO] 2026-03-20T09:34:22.510Z - 💰 Appended Jito Tip Execution successfully: 0.002 SOL to 3AVi9T...
[INFO] 2026-03-20T09:34:22.560Z - Executing MEV Bundle securely via High-Speed Chainstack Node + BloXroute + Jito for ultimate throughput...
[INFO] 2026-03-20T09:34:22.576Z - [COMPILATION] Synced local Blockhash/ALT states sequentially mapping atomic instructions in 1.4ms!
