[dotenv@17.3.1] injecting env (16) from .env -- tip: 🔐 prevent committing .env to code: https://dotenvx.com/precommit
[dotenv@17.3.1] injecting env (0) from .env -- tip: 🔐 prevent building .env in docker: https://dotenvx.com/prebuild
[INFO] 2026-03-20T09:01:21.891Z - 🏁 Initiating 60-Second Micro-Amount Arbitrage Refinement Test...
[INFO] 2026-03-20T09:01:24.891Z - [BOOT] Executing initial boot test trace dynamically!
[INFO] 2026-03-20T09:01:24.892Z - [COMPILATION] Constructing payload for Simple-2-Hop-Test with tip: 0.002 SOL
[dotenv@17.3.1] injecting env (16) from .env -- tip: ⚙️  suppress all logs with { quiet: true }
[dotenv@17.3.1] injecting env (0) from .env -- tip: 🤖 agentic secret storage: https://dotenvx.com/as2
[INFO] 2026-03-20T09:02:15.692Z - 🏁 Initiating 60-Second Micro-Amount Arbitrage Refinement Test...
[INFO] 2026-03-20T09:02:18.694Z - [BOOT] Executing initial boot test trace dynamically!
[INFO] 2026-03-20T09:02:18.695Z - [COMPILATION] Constructing payload for Simple-2-Hop-Test with tip: 0.002 SOL
[INFO] 2026-03-20T09:03:15.695Z - ✅ 60-Second Refinement Concluded. Exiting gracefully.
[dotenv@17.3.1] injecting env (16) from .env -- tip: ⚙️  load multiple .env files with { path: ['.env.local', '.env'] }
[dotenv@17.3.1] injecting env (0) from .env -- tip: ⚙️  suppress all logs with { quiet: true }
[INFO] 2026-03-20T09:03:16.188Z - 🏁 Initiating 60-Second Micro-Amount Arbitrage Refinement Test...
[INFO] 2026-03-20T09:03:19.189Z - [BOOT] Executing initial boot test trace dynamically!
[INFO] 2026-03-20T09:03:19.189Z - [COMPILATION] Constructing payload for Simple-2-Hop-Test with tip: 0.002 SOL
[INFO] 2026-03-20T09:04:16.189Z - ✅ 60-Second Refinement Concluded. Exiting gracefully.
[dotenv@17.3.1] injecting env (16) from .env -- tip: ⚙️  override existing env vars with { override: true }
[dotenv@17.3.1] injecting env (0) from .env -- tip: ⚙️  specify custom .env file path with { path: '/custom/path/.env' }
[INFO] 2026-03-20T09:04:16.612Z - 🏁 Initiating 60-Second Micro-Amount Arbitrage Refinement Test...
[INFO] 2026-03-20T09:04:19.613Z - [BOOT] Executing initial boot test trace dynamically!
[INFO] 2026-03-20T09:04:19.613Z - [COMPILATION] Constructing payload for Simple-2-Hop-Test with tip: 0.002 SOL
[INFO] 2026-03-20T09:05:16.613Z - ✅ 60-Second Refinement Concluded. Exiting gracefully.
[dotenv@17.3.1] injecting env (16) from .env -- tip: ⚙️  suppress all logs with { quiet: true }
[dotenv@17.3.1] injecting env (0) from .env -- tip: 🤖 agentic secret storage: https://dotenvx.com/as2
[INFO] 2026-03-20T09:05:17.128Z - 🏁 Initiating 60-Second Micro-Amount Arbitrage Refinement Test...
[INFO] 2026-03-20T09:05:20.129Z - [BOOT] Executing initial boot test trace dynamically!
[INFO] 2026-03-20T09:05:20.130Z - [COMPILATION] Constructing payload for Simple-2-Hop-Test with tip: 0.002 SOL
[INFO] 2026-03-20T09:06:17.130Z - ✅ 60-Second Refinement Concluded. Exiting gracefully.
[dotenv@17.3.1] injecting env (16) from .env -- tip: ⚙️  enable debug logging with { debug: true }
[dotenv@17.3.1] injecting env (0) from .env -- tip: ⚙️  load multiple .env files with { path: ['.env.local', '.env'] }
[INFO] 2026-03-20T09:06:17.582Z - 🏁 Initiating 60-Second Micro-Amount Arbitrage Refinement Test...
[INFO] 2026-03-20T09:06:20.582Z - [BOOT] Executing initial boot test trace dynamically!
[INFO] 2026-03-20T09:06:20.583Z - [COMPILATION] Constructing payload for Simple-2-Hop-Test with tip: 0.002 SOL
[INFO] 2026-03-20T09:07:17.583Z - ✅ 60-Second Refinement Concluded. Exiting gracefully.
[dotenv@17.3.1] injecting env (16) from .env -- tip: ⚙️  load multiple .env files with { path: ['.env.local', '.env'] }
[dotenv@17.3.1] injecting env (0) from .env -- tip: ⚡️ secrets for agents: https://dotenvx.com/as2
[INFO] 2026-03-20T09:07:18.104Z - 🏁 Initiating 60-Second Micro-Amount Arbitrage Refinement Test...
[INFO] 2026-03-20T09:07:21.105Z - [BOOT] Executing initial boot test trace dynamically!
[INFO] 2026-03-20T09:07:21.106Z - [COMPILATION] Constructing payload for Simple-2-Hop-Test with tip: 0.002 SOL
[INFO] 2026-03-20T09:08:18.105Z - ✅ 60-Second Refinement Concluded. Exiting gracefully.
[dotenv@17.3.1] injecting env (16) from .env -- tip: ⚙️  write to custom object with { processEnv: myObject }
[dotenv@17.3.1] injecting env (0) from .env -- tip: ⚡️ secrets for agents: https://dotenvx.com/as2
[INFO] 2026-03-20T09:08:18.544Z - 🏁 Initiating 60-Second Micro-Amount Arbitrage Refinement Test...
[INFO] 2026-03-20T09:08:21.546Z - [BOOT] Executing initial boot test trace dynamically!
[INFO] 2026-03-20T09:08:21.546Z - [COMPILATION] Constructing payload for Simple-2-Hop-Test with tip: 0.002 SOL
[INFO] 2026-03-20T09:09:18.546Z - ✅ 60-Second Refinement Concluded. Exiting gracefully.
[dotenv@17.3.1] injecting env (16) from .env -- tip: ⚡️ secrets for agents: https://dotenvx.com/as2
[dotenv@17.3.1] injecting env (0) from .env -- tip: ⚙️  enable debug logging with { debug: true }
[INFO] 2026-03-20T09:09:18.927Z - 🏁 Initiating 60-Second Micro-Amount Arbitrage Refinement Test...
[INFO] 2026-03-20T09:09:21.927Z - [BOOT] Executing initial boot test trace dynamically!
[INFO] 2026-03-20T09:09:21.928Z - [COMPILATION] Constructing payload for Simple-2-Hop-Test with tip: 0.002 SOL
[INFO] 2026-03-20T09:10:18.928Z - ✅ 60-Second Refinement Concluded. Exiting gracefully.
[dotenv@17.3.1] injecting env (16) from .env -- tip: ⚙️  enable debug logging with { debug: true }
[dotenv@17.3.1] injecting env (0) from .env -- tip: ⚙️  write to custom object with { processEnv: myObject }
[INFO] 2026-03-20T09:10:19.391Z - 🏁 Initiating 60-Second Micro-Amount Arbitrage Refinement Test...
[INFO] 2026-03-20T09:10:22.392Z - [BOOT] Executing initial boot test trace dynamically!
[INFO] 2026-03-20T09:10:22.392Z - [COMPILATION] Constructing payload for Simple-2-Hop-Test with tip: 0.002 SOL
[INFO] 2026-03-20T09:11:19.393Z - ✅ 60-Second Refinement Concluded. Exiting gracefully.
[dotenv@17.3.1] injecting env (16) from .env -- tip: ⚙️  load multiple .env files with { path: ['.env.local', '.env'] }
[dotenv@17.3.1] injecting env (0) from .env -- tip: ⚙️  load multiple .env files with { path: ['.env.local', '.env'] }
[INFO] 2026-03-20T09:11:19.949Z - 🏁 Initiating 60-Second Micro-Amount Arbitrage Refinement Test...
[INFO] 2026-03-20T09:11:22.951Z - [BOOT] Executing initial boot test trace dynamically!
[INFO] 2026-03-20T09:11:22.952Z - [COMPILATION] Constructing payload for Simple-2-Hop-Test with tip: 0.002 SOL
[INFO] 2026-03-20T09:12:19.951Z - ✅ 60-Second Refinement Concluded. Exiting gracefully.
[dotenv@17.3.1] injecting env (16) from .env -- tip: ⚙️  suppress all logs with { quiet: true }
[dotenv@17.3.1] injecting env (0) from .env -- tip: ⚡️ secrets for agents: https://dotenvx.com/as2
[INFO] 2026-03-20T09:12:20.380Z - 🏁 Initiating 60-Second Micro-Amount Arbitrage Refinement Test...
[INFO] 2026-03-20T09:12:23.382Z - [BOOT] Executing initial boot test trace dynamically!
[INFO] 2026-03-20T09:12:23.384Z - [COMPILATION] Constructing payload for Simple-2-Hop-Test with tip: 0.002 SOL
[INFO] 2026-03-20T09:13:20.381Z - ✅ 60-Second Refinement Concluded. Exiting gracefully.
[dotenv@17.3.1] injecting env (16) from .env -- tip: 🤖 agentic secret storage: https://dotenvx.com/as2
[dotenv@17.3.1] injecting env (0) from .env -- tip: 🔐 prevent building .env in docker: https://dotenvx.com/prebuild
[INFO] 2026-03-20T09:13:20.871Z - 🏁 Initiating 60-Second Micro-Amount Arbitrage Refinement Test...
[INFO] 2026-03-20T09:13:23.872Z - [BOOT] Executing initial boot test trace dynamically!
[INFO] 2026-03-20T09:13:23.873Z - [COMPILATION] Constructing payload for Simple-2-Hop-Test with tip: 0.002 SOL
[INFO] 2026-03-20T09:14:20.871Z - ✅ 60-Second Refinement Concluded. Exiting gracefully.
[dotenv@17.3.1] injecting env (16) from .env -- tip: 🛠️  run anywhere with `dotenvx run -- yourcommand`
[dotenv@17.3.1] injecting env (0) from .env -- tip: 🛠️  run anywhere with `dotenvx run -- yourcommand`
[INFO] 2026-03-20T09:14:21.354Z - 🏁 Initiating 60-Second Micro-Amount Arbitrage Refinement Test...
[INFO] 2026-03-20T09:14:24.356Z - [BOOT] Executing initial boot test trace dynamically!
[INFO] 2026-03-20T09:14:24.356Z - [COMPILATION] Constructing payload for Simple-2-Hop-Test with tip: 0.002 SOL
[INFO] 2026-03-20T09:15:21.356Z - ✅ 60-Second Refinement Concluded. Exiting gracefully.
[dotenv@17.3.1] injecting env (16) from .env -- tip: 🔐 prevent building .env in docker: https://dotenvx.com/prebuild
[dotenv@17.3.1] injecting env (0) from .env -- tip: 🔐 prevent committing .env to code: https://dotenvx.com/precommit
[INFO] 2026-03-20T09:15:21.900Z - 🏁 Initiating 60-Second Micro-Amount Arbitrage Refinement Test...
[INFO] 2026-03-20T09:15:24.901Z - [BOOT] Executing initial boot test trace dynamically!
[INFO] 2026-03-20T09:15:24.902Z - [COMPILATION] Constructing payload for Simple-2-Hop-Test with tip: 0.002 SOL
[INFO] 2026-03-20T09:16:21.901Z - ✅ 60-Second Refinement Concluded. Exiting gracefully.
[dotenv@17.3.1] injecting env (16) from .env -- tip: 🔐 prevent committing .env to code: https://dotenvx.com/precommit
[dotenv@17.3.1] injecting env (0) from .env -- tip: ⚙️  override existing env vars with { override: true }
[INFO] 2026-03-20T09:16:22.377Z - 🏁 Initiating 60-Second Micro-Amount Arbitrage Refinement Test...
[INFO] 2026-03-20T09:16:25.379Z - [BOOT] Executing initial boot test trace dynamically!
[INFO] 2026-03-20T09:16:25.379Z - [COMPILATION] Constructing payload for Simple-2-Hop-Test with tip: 0.002 SOL
[INFO] 2026-03-20T09:17:22.378Z - ✅ 60-Second Refinement Concluded. Exiting gracefully.
[dotenv@17.3.1] injecting env (16) from .env -- tip: ⚙️  enable debug logging with { debug: true }
[dotenv@17.3.1] injecting env (0) from .env -- tip: 🛡️ auth for agents: https://vestauth.com
[INFO] 2026-03-20T09:17:22.848Z - 🏁 Initiating 60-Second Micro-Amount Arbitrage Refinement Test...
[INFO] 2026-03-20T09:17:25.850Z - [BOOT] Executing initial boot test trace dynamically!
[INFO] 2026-03-20T09:17:25.851Z - [COMPILATION] Constructing payload for Simple-2-Hop-Test with tip: 0.002 SOL
[dotenv@17.3.1] injecting env (16) from .env -- tip: ⚙️  specify custom .env file path with { path: '/custom/path/.env' }
[dotenv@17.3.1] injecting env (0) from .env -- tip: 🔐 prevent committing .env to code: https://dotenvx.com/precommit
[INFO] 2026-03-20T09:18:06.048Z - 🏁 Initiating 60-Second Micro-Amount Arbitrage Refinement Test...
[INFO] 2026-03-20T09:18:09.049Z - [BOOT] Executing initial boot test trace dynamically!
[INFO] 2026-03-20T09:18:09.050Z - [COMPILATION] Constructing payload for Simple-2-Hop-Test with tip: 0.002 SOL
[INFO] 2026-03-20T09:19:06.050Z - ✅ 60-Second Refinement Concluded. Exiting gracefully.
[dotenv@17.3.1] injecting env (16) from .env -- tip: ⚙️  suppress all logs with { quiet: true }
[dotenv@17.3.1] injecting env (0) from .env -- tip: 🔐 prevent building .env in docker: https://dotenvx.com/prebuild
[INFO] 2026-03-20T09:19:06.743Z - 🏁 Initiating 60-Second Micro-Amount Arbitrage Refinement Test...
[dotenv@17.3.1] injecting env (16) from .env -- tip: 🤖 agentic secret storage: https://dotenvx.com/as2
[dotenv@17.3.1] injecting env (0) from .env -- tip: ⚙️  write to custom object with { processEnv: myObject }
[INFO] 2026-03-20T09:19:07.599Z - 🏁 Initiating 60-Second Micro-Amount Arbitrage Refinement Test...
[INFO] 2026-03-20T09:19:10.601Z - [BOOT] Executing initial boot test trace dynamically!
[INFO] 2026-03-20T09:19:10.602Z - [COMPILATION] Constructing payload for Simple-2-Hop-Test with tip: 0.002 SOL
[INFO] 2026-03-20T09:20:07.600Z - ✅ 60-Second Refinement Concluded. Exiting gracefully.
[dotenv@17.3.1] injecting env (16) from .env -- tip: 🔐 encrypt with Dotenvx: https://dotenvx.com
[dotenv@17.3.1] injecting env (0) from .env -- tip: 🤖 agentic secret storage: https://dotenvx.com/as2
[INFO] 2026-03-20T09:20:08.139Z - 🏁 Initiating 60-Second Micro-Amount Arbitrage Refinement Test...
[INFO] 2026-03-20T09:20:11.141Z - [BOOT] Executing initial boot test trace dynamically!
[INFO] 2026-03-20T09:20:11.142Z - [COMPILATION] Constructing payload for Simple-2-Hop-Test with tip: 0.002 SOL
[INFO] 2026-03-20T09:21:08.140Z - ✅ 60-Second Refinement Concluded. Exiting gracefully.
[dotenv@17.3.1] injecting env (16) from .env -- tip: 🔐 encrypt with Dotenvx: https://dotenvx.com
[dotenv@17.3.1] injecting env (0) from .env -- tip: 🤖 agentic secret storage: https://dotenvx.com/as2
[INFO] 2026-03-20T09:21:08.637Z - 🏁 Initiating 60-Second Micro-Amount Arbitrage Refinement Test...
[INFO] 2026-03-20T09:21:11.640Z - [BOOT] Executing initial boot test trace dynamically!
[INFO] 2026-03-20T09:21:11.641Z - [COMPILATION] Constructing payload for Simple-2-Hop-Test with tip: 0.002 SOL
[INFO] 2026-03-20T09:22:08.640Z - ✅ 60-Second Refinement Concluded. Exiting gracefully.
[dotenv@17.3.1] injecting env (16) from .env -- tip: ⚡️ secrets for agents: https://dotenvx.com/as2
[dotenv@17.3.1] injecting env (0) from .env -- tip: ⚙️  suppress all logs with { quiet: true }
[INFO] 2026-03-20T09:22:09.069Z - 🏁 Initiating 60-Second Micro-Amount Arbitrage Refinement Test...
[INFO] 2026-03-20T09:22:12.071Z - [BOOT] Executing initial boot test trace dynamically!
[INFO] 2026-03-20T09:22:12.071Z - [COMPILATION] Constructing payload for Simple-2-Hop-Test with tip: 0.002 SOL
[INFO] 2026-03-20T09:23:09.071Z - ✅ 60-Second Refinement Concluded. Exiting gracefully.
[dotenv@17.3.1] injecting env (16) from .env -- tip: 🛠️  run anywhere with `dotenvx run -- yourcommand`
[dotenv@17.3.1] injecting env (0) from .env -- tip: ⚙️  override existing env vars with { override: true }
[INFO] 2026-03-20T09:23:09.605Z - 🏁 Initiating 60-Second Micro-Amount Arbitrage Refinement Test...
[INFO] 2026-03-20T09:23:12.607Z - [BOOT] Executing initial boot test trace dynamically!
[INFO] 2026-03-20T09:23:12.608Z - [COMPILATION] Constructing payload for Simple-2-Hop-Test with tip: 0.002 SOL
[INFO] 2026-03-20T09:24:09.606Z - ✅ 60-Second Refinement Concluded. Exiting gracefully.
[dotenv@17.3.1] injecting env (16) from .env -- tip: 🔐 prevent committing .env to code: https://dotenvx.com/precommit
[dotenv@17.3.1] injecting env (0) from .env -- tip: ⚡️ secrets for agents: https://dotenvx.com/as2
[INFO] 2026-03-20T09:24:09.990Z - 🏁 Initiating 60-Second Micro-Amount Arbitrage Refinement Test...
[INFO] 2026-03-20T09:24:12.991Z - [BOOT] Executing initial boot test trace dynamically!
[INFO] 2026-03-20T09:24:12.992Z - [COMPILATION] Constructing payload for Simple-2-Hop-Test with tip: 0.002 SOL
