ws error: Unexpected server response: 503
ws error: Unexpected server response: 503
ws error: Unexpected server response: 503
ws error: Unexpected server response: 503
ws error: Unexpected server response: 503
ws error: Unexpected server response: 503
ws error: Unexpected server response: 503
ws error: Unexpected server response: 503
ws error: Unexpected server response: 503
ws error: Unexpected server response: 503
ws error: Unexpected server response: 503
ws error: Unexpected server response: 503
ws error: Unexpected server response: 503
ws error: Unexpected server response: 503
ws error: Unexpected server response: 503
   ❌ Jito: No tip accounts returned
❌ Critical check "Jito API" failed. Aborting startup.
   ❌ Jito: API Endpoint rejected checks. HTTP 429
❌ Critical check "Jito API" failed. Aborting startup.
   ❌ Jito: API Endpoint rejected checks. HTTP 429
❌ Critical check "Jito API" failed. Aborting startup.
   ❌ Test simulation natively threw error: require is not defined
❌ Critical check "Live Test Simulation" failed. Aborting startup.
   ❌ Test simulation natively threw error: require is not defined
❌ Critical check "Live Test Simulation" failed. Aborting startup.
   ❌ Test simulation natively threw error: require is not defined
❌ Critical check "Live Test Simulation" failed. Aborting startup.
   ❌ Test simulation natively threw error: require is not defined
❌ Critical check "Live Test Simulation" failed. Aborting startup.
   ❌ Test simulation natively threw error: require is not defined
❌ Critical check "Live Test Simulation" failed. Aborting startup.
   ❌ Test simulation natively threw error: require is not defined
❌ Critical check "Live Test Simulation" failed. Aborting startup.
   ❌ Test simulation natively threw error: require is not defined
❌ Critical check "Live Test Simulation" failed. Aborting startup.
   ❌ Test simulation natively threw error: require is not defined
❌ Critical check "Live Test Simulation" failed. Aborting startup.
   ❌ Test simulation natively threw error: require is not defined
❌ Critical check "Live Test Simulation" failed. Aborting startup.
   ❌ Test simulation natively threw error: require is not defined
❌ Critical check "Live Test Simulation" failed. Aborting startup.
   ❌ Test simulation natively threw error: require is not defined
❌ Critical check "Live Test Simulation" failed. Aborting startup.
   ❌ Test simulation natively threw error: require is not defined
❌ Critical check "Live Test Simulation" failed. Aborting startup.
   ❌ Test simulation natively threw error: require is not defined
❌ Critical check "Live Test Simulation" failed. Aborting startup.
   ❌ Test simulation natively threw error: require is not defined
❌ Critical check "Live Test Simulation" failed. Aborting startup.
   ❌ Test simulation natively threw error: require is not defined
❌ Critical check "Live Test Simulation" failed. Aborting startup.
   ❌ Test simulation natively threw error: require is not defined
❌ Critical check "Live Test Simulation" failed. Aborting startup.
   ❌ Test simulation natively threw error: require is not defined
❌ Critical check "Live Test Simulation" failed. Aborting startup.
   ❌ Test simulation natively threw error: require is not defined
❌ Critical check "Live Test Simulation" failed. Aborting startup.
   ❌ Test simulation natively threw error: require is not defined
❌ Critical check "Live Test Simulation" failed. Aborting startup.
   ❌ Test simulation natively threw error: require is not defined
❌ Critical check "Live Test Simulation" failed. Aborting startup.
   ❌ Test simulation natively threw error: require is not defined
❌ Critical check "Live Test Simulation" failed. Aborting startup.
   ❌ Test simulation natively threw error: require is not defined
❌ Critical check "Live Test Simulation" failed. Aborting startup.
   ❌ Test simulation natively threw error: require is not defined
❌ Critical check "Live Test Simulation" failed. Aborting startup.
   ❌ Test simulation natively threw error: require is not defined
❌ Critical check "Live Test Simulation" failed. Aborting startup.
   ❌ Test simulation natively threw error: require is not defined
❌ Critical check "Live Test Simulation" failed. Aborting startup.
   ❌ Test simulation natively threw error: require is not defined
❌ Critical check "Live Test Simulation" failed. Aborting startup.
   ❌ Test simulation natively threw error: require is not defined
❌ Critical check "Live Test Simulation" failed. Aborting startup.
   ❌ Test simulation natively threw error: require is not defined
❌ Critical check "Live Test Simulation" failed. Aborting startup.
   ❌ Test simulation natively threw error: require is not defined
❌ Critical check "Live Test Simulation" failed. Aborting startup.
   ❌ Test simulation natively threw error: require is not defined
❌ Critical check "Live Test Simulation" failed. Aborting startup.
   ❌ Test simulation natively threw error: require is not defined
❌ Critical check "Live Test Simulation" failed. Aborting startup.
   ❌ Test simulation natively threw error: require is not defined
❌ Critical check "Live Test Simulation" failed. Aborting startup.
   ❌ Test simulation natively threw error: require is not defined
❌ Critical check "Live Test Simulation" failed. Aborting startup.
   ❌ Test simulation natively threw error: require is not defined
❌ Critical check "Live Test Simulation" failed. Aborting startup.
   ❌ Test simulation natively threw error: require is not defined
❌ Critical check "Live Test Simulation" failed. Aborting startup.
   ❌ Test simulation natively threw error: require is not defined
❌ Critical check "Live Test Simulation" failed. Aborting startup.
   ❌ Test simulation natively threw error: require is not defined
❌ Critical check "Live Test Simulation" failed. Aborting startup.
   ❌ Test simulation natively threw error: require is not defined
❌ Critical check "Live Test Simulation" failed. Aborting startup.
   ❌ Test simulation natively threw error: require is not defined
❌ Critical check "Live Test Simulation" failed. Aborting startup.
   ❌ Test simulation natively threw error: require is not defined
❌ Critical check "Live Test Simulation" failed. Aborting startup.
   ❌ Test simulation natively threw error: require is not defined
❌ Critical check "Live Test Simulation" failed. Aborting startup.
   ❌ Test simulation natively threw error: require is not defined
❌ Critical check "Live Test Simulation" failed. Aborting startup.
   ❌ Test simulation natively threw error: require is not defined
❌ Critical check "Live Test Simulation" failed. Aborting startup.
   ❌ Test simulation natively threw error: require is not defined
❌ Critical check "Live Test Simulation" failed. Aborting startup.
   ❌ Test simulation natively threw error: require is not defined
❌ Critical check "Live Test Simulation" failed. Aborting startup.
   ❌ Test simulation natively threw error: require is not defined
❌ Critical check "Live Test Simulation" failed. Aborting startup.
   ❌ Test simulation natively threw error: require is not defined
❌ Critical check "Live Test Simulation" failed. Aborting startup.
   ❌ Test simulation natively threw error: require is not defined
❌ Critical check "Live Test Simulation" failed. Aborting startup.
   ❌ Test simulation natively threw error: require is not defined
❌ Critical check "Live Test Simulation" failed. Aborting startup.
   ❌ Test simulation natively threw error: require is not defined
❌ Critical check "Live Test Simulation" failed. Aborting startup.
   ❌ Test simulation natively threw error: require is not defined
❌ Critical check "Live Test Simulation" failed. Aborting startup.
   ❌ Test simulation natively threw error: require is not defined
❌ Critical check "Live Test Simulation" failed. Aborting startup.
   ❌ Test simulation natively threw error: require is not defined
❌ Critical check "Live Test Simulation" failed. Aborting startup.
   ❌ Test simulation natively threw error: require is not defined
❌ Critical check "Live Test Simulation" failed. Aborting startup.
   ❌ Test simulation natively threw error: require is not defined
❌ Critical check "Live Test Simulation" failed. Aborting startup.
   ❌ Test simulation natively threw error: require is not defined
❌ Critical check "Live Test Simulation" failed. Aborting startup.
   ❌ Test simulation natively threw error: require is not defined
❌ Critical check "Live Test Simulation" failed. Aborting startup.
   ❌ Test simulation natively threw error: require is not defined
❌ Critical check "Live Test Simulation" failed. Aborting startup.
   ❌ Jupiter API error: FetchError: request to https://quote-api.jup.ag/v6/quote?inputMint=So11111111111111111111111111111111111111112&outputMint=EPjFWdd5AufqSSqeM2qN1xzybapC8G4wEGGkZwyTDt1v&amount=1000000 failed, reason: getaddrinfo ENOTFOUND quote-api.jup.ag
    at ClientRequest.<anonymous> (/opt/pcprotocol/node_modules/node-fetch/lib/index.js:1501:11)
    at ClientRequest.emit (node:events:524:28)
    at emitErrorEvent (node:_http_client:101:11)
    at TLSSocket.socketErrorListener (node:_http_client:504:5)
    at TLSSocket.emit (node:events:524:28)
    at emitErrorNT (node:internal/streams/destroy:169:8)
    at emitErrorCloseNT (node:internal/streams/destroy:128:3)
    at process.processTicksAndRejections (node:internal/process/task_queues:82:21) {
  type: 'system',
  errno: 'ENOTFOUND',
  code: 'ENOTFOUND'
}
❌ Critical check "Jupiter API" failed. Aborting startup.
   ❌ Jupiter API error: FetchError: request to https://quote-api.jup.ag/v6/quote?inputMint=So11111111111111111111111111111111111111112&outputMint=EPjFWdd5AufqSSqeM2qN1xzybapC8G4wEGGkZwyTDt1v&amount=1000000 failed, reason: getaddrinfo ENOTFOUND quote-api.jup.ag
    at ClientRequest.<anonymous> (/opt/pcprotocol/node_modules/node-fetch/lib/index.js:1501:11)
    at ClientRequest.emit (node:events:524:28)
    at emitErrorEvent (node:_http_client:101:11)
    at TLSSocket.socketErrorListener (node:_http_client:504:5)
    at TLSSocket.emit (node:events:524:28)
    at emitErrorNT (node:internal/streams/destroy:169:8)
    at emitErrorCloseNT (node:internal/streams/destroy:128:3)
    at process.processTicksAndRejections (node:internal/process/task_queues:82:21) {
  type: 'system',
  errno: 'ENOTFOUND',
  code: 'ENOTFOUND'
}
❌ Critical check "Jupiter API" failed. Aborting startup.
   ❌ Jupiter API error: FetchError: request to https://quote-api.jup.ag/v6/quote?inputMint=So11111111111111111111111111111111111111112&outputMint=EPjFWdd5AufqSSqeM2qN1xzybapC8G4wEGGkZwyTDt1v&amount=1000000 failed, reason: getaddrinfo ENOTFOUND quote-api.jup.ag
    at ClientRequest.<anonymous> (/opt/pcprotocol/node_modules/node-fetch/lib/index.js:1501:11)
    at ClientRequest.emit (node:events:524:28)
    at emitErrorEvent (node:_http_client:101:11)
    at TLSSocket.socketErrorListener (node:_http_client:504:5)
    at TLSSocket.emit (node:events:524:28)
    at emitErrorNT (node:internal/streams/destroy:169:8)
    at emitErrorCloseNT (node:internal/streams/destroy:128:3)
    at process.processTicksAndRejections (node:internal/process/task_queues:82:21) {
  type: 'system',
  errno: 'ENOTFOUND',
  code: 'ENOTFOUND'
}
❌ Critical check "Jupiter API" failed. Aborting startup.
   ❌ Jupiter API error: FetchError: request to https://quote-api.jup.ag/v6/quote?inputMint=So11111111111111111111111111111111111111112&outputMint=EPjFWdd5AufqSSqeM2qN1xzybapC8G4wEGGkZwyTDt1v&amount=1000000 failed, reason: getaddrinfo ENOTFOUND quote-api.jup.ag
    at ClientRequest.<anonymous> (/opt/pcprotocol/node_modules/node-fetch/lib/index.js:1501:11)
    at ClientRequest.emit (node:events:524:28)
    at emitErrorEvent (node:_http_client:101:11)
    at TLSSocket.socketErrorListener (node:_http_client:504:5)
    at TLSSocket.emit (node:events:524:28)
    at emitErrorNT (node:internal/streams/destroy:169:8)
    at emitErrorCloseNT (node:internal/streams/destroy:128:3)
    at process.processTicksAndRejections (node:internal/process/task_queues:82:21) {
  type: 'system',
  errno: 'ENOTFOUND',
  code: 'ENOTFOUND'
}
❌ Critical check "Jupiter API" failed. Aborting startup.
   ❌ Jupiter API error: FetchError: request to https://quote-api.jup.ag/v6/quote?inputMint=So11111111111111111111111111111111111111112&outputMint=EPjFWdd5AufqSSqeM2qN1xzybapC8G4wEGGkZwyTDt1v&amount=1000000 failed, reason: getaddrinfo ENOTFOUND quote-api.jup.ag
    at ClientRequest.<anonymous> (/opt/pcprotocol/node_modules/node-fetch/lib/index.js:1501:11)
    at ClientRequest.emit (node:events:524:28)
    at emitErrorEvent (node:_http_client:101:11)
    at TLSSocket.socketErrorListener (node:_http_client:504:5)
    at TLSSocket.emit (node:events:524:28)
    at emitErrorNT (node:internal/streams/destroy:169:8)
    at emitErrorCloseNT (node:internal/streams/destroy:128:3)
    at process.processTicksAndRejections (node:internal/process/task_queues:82:21) {
  type: 'system',
  errno: 'ENOTFOUND',
  code: 'ENOTFOUND'
}
❌ Critical check "Jupiter API" failed. Aborting startup.
   ❌ Jupiter API error: FetchError: request to https://quote-api.jup.ag/v6/quote?inputMint=So11111111111111111111111111111111111111112&outputMint=EPjFWdd5AufqSSqeM2qN1xzybapC8G4wEGGkZwyTDt1v&amount=1000000 failed, reason: getaddrinfo ENOTFOUND quote-api.jup.ag
    at ClientRequest.<anonymous> (/opt/pcprotocol/node_modules/node-fetch/lib/index.js:1501:11)
    at ClientRequest.emit (node:events:524:28)
    at emitErrorEvent (node:_http_client:101:11)
    at TLSSocket.socketErrorListener (node:_http_client:504:5)
    at TLSSocket.emit (node:events:524:28)
    at emitErrorNT (node:internal/streams/destroy:169:8)
    at emitErrorCloseNT (node:internal/streams/destroy:128:3)
    at process.processTicksAndRejections (node:internal/process/task_queues:82:21) {
  type: 'system',
  errno: 'ENOTFOUND',
  code: 'ENOTFOUND'
}
❌ Critical check "Jupiter API" failed. Aborting startup.
   ❌ Jupiter API error: FetchError: request to https://quote-api.jup.ag/v6/quote?inputMint=So11111111111111111111111111111111111111112&outputMint=EPjFWdd5AufqSSqeM2qN1xzybapC8G4wEGGkZwyTDt1v&amount=1000000 failed, reason: getaddrinfo ENOTFOUND quote-api.jup.ag
    at ClientRequest.<anonymous> (/opt/pcprotocol/node_modules/node-fetch/lib/index.js:1501:11)
    at ClientRequest.emit (node:events:524:28)
    at emitErrorEvent (node:_http_client:101:11)
    at TLSSocket.socketErrorListener (node:_http_client:504:5)
    at TLSSocket.emit (node:events:524:28)
    at emitErrorNT (node:internal/streams/destroy:169:8)
    at emitErrorCloseNT (node:internal/streams/destroy:128:3)
    at process.processTicksAndRejections (node:internal/process/task_queues:82:21) {
  type: 'system',
  errno: 'ENOTFOUND',
  code: 'ENOTFOUND'
}
❌ Critical check "Jupiter API" failed. Aborting startup.
   ❌ Jupiter API error: FetchError: request to https://quote-api.jup.ag/v6/quote?inputMint=So11111111111111111111111111111111111111112&outputMint=EPjFWdd5AufqSSqeM2qN1xzybapC8G4wEGGkZwyTDt1v&amount=1000000 failed, reason: getaddrinfo ENOTFOUND quote-api.jup.ag
    at ClientRequest.<anonymous> (/opt/pcprotocol/node_modules/node-fetch/lib/index.js:1501:11)
    at ClientRequest.emit (node:events:524:28)
    at emitErrorEvent (node:_http_client:101:11)
    at TLSSocket.socketErrorListener (node:_http_client:504:5)
    at TLSSocket.emit (node:events:524:28)
    at emitErrorNT (node:internal/streams/destroy:169:8)
    at emitErrorCloseNT (node:internal/streams/destroy:128:3)
    at process.processTicksAndRejections (node:internal/process/task_queues:82:21) {
  type: 'system',
  errno: 'ENOTFOUND',
  code: 'ENOTFOUND'
}
❌ Critical check "Jupiter API" failed. Aborting startup.
   ❌ Jupiter API error: FetchError: request to https://quote-api.jup.ag/v6/quote?inputMint=So11111111111111111111111111111111111111112&outputMint=EPjFWdd5AufqSSqeM2qN1xzybapC8G4wEGGkZwyTDt1v&amount=1000000 failed, reason: getaddrinfo ENOTFOUND quote-api.jup.ag
    at ClientRequest.<anonymous> (/opt/pcprotocol/node_modules/node-fetch/lib/index.js:1501:11)
    at ClientRequest.emit (node:events:524:28)
    at emitErrorEvent (node:_http_client:101:11)
    at TLSSocket.socketErrorListener (node:_http_client:504:5)
    at TLSSocket.emit (node:events:524:28)
    at emitErrorNT (node:internal/streams/destroy:169:8)
    at emitErrorCloseNT (node:internal/streams/destroy:128:3)
    at process.processTicksAndRejections (node:internal/process/task_queues:82:21) {
  type: 'system',
  errno: 'ENOTFOUND',
  code: 'ENOTFOUND'
}
❌ Critical check "Jupiter API" failed. Aborting startup.
   ❌ Jupiter API error: FetchError: request to https://quote-api.jup.ag/v6/quote?inputMint=So11111111111111111111111111111111111111112&outputMint=EPjFWdd5AufqSSqeM2qN1xzybapC8G4wEGGkZwyTDt1v&amount=1000000 failed, reason: getaddrinfo ENOTFOUND quote-api.jup.ag
    at ClientRequest.<anonymous> (/opt/pcprotocol/node_modules/node-fetch/lib/index.js:1501:11)
    at ClientRequest.emit (node:events:524:28)
    at emitErrorEvent (node:_http_client:101:11)
    at TLSSocket.socketErrorListener (node:_http_client:504:5)
    at TLSSocket.emit (node:events:524:28)
    at emitErrorNT (node:internal/streams/destroy:169:8)
    at emitErrorCloseNT (node:internal/streams/destroy:128:3)
    at process.processTicksAndRejections (node:internal/process/task_queues:82:21) {
  type: 'system',
  errno: 'ENOTFOUND',
  code: 'ENOTFOUND'
}
❌ Critical check "Jupiter API" failed. Aborting startup.
   ❌ Jupiter API error: FetchError: request to https://quote-api.jup.ag/v6/quote?inputMint=So11111111111111111111111111111111111111112&outputMint=EPjFWdd5AufqSSqeM2qN1xzybapC8G4wEGGkZwyTDt1v&amount=1000000 failed, reason: getaddrinfo ENOTFOUND quote-api.jup.ag
    at ClientRequest.<anonymous> (/opt/pcprotocol/node_modules/node-fetch/lib/index.js:1501:11)
    at ClientRequest.emit (node:events:524:28)
    at emitErrorEvent (node:_http_client:101:11)
    at TLSSocket.socketErrorListener (node:_http_client:504:5)
    at TLSSocket.emit (node:events:524:28)
    at emitErrorNT (node:internal/streams/destroy:169:8)
    at emitErrorCloseNT (node:internal/streams/destroy:128:3)
    at process.processTicksAndRejections (node:internal/process/task_queues:82:21) {
  type: 'system',
  errno: 'ENOTFOUND',
  code: 'ENOTFOUND'
}
❌ Critical check "Jupiter API" failed. Aborting startup.
   ❌ Jupiter API error: FetchError: request to https://quote-api.jup.ag/v6/quote?inputMint=So11111111111111111111111111111111111111112&outputMint=EPjFWdd5AufqSSqeM2qN1xzybapC8G4wEGGkZwyTDt1v&amount=1000000 failed, reason: getaddrinfo ENOTFOUND quote-api.jup.ag
    at ClientRequest.<anonymous> (/opt/pcprotocol/node_modules/node-fetch/lib/index.js:1501:11)
    at ClientRequest.emit (node:events:524:28)
    at emitErrorEvent (node:_http_client:101:11)
    at TLSSocket.socketErrorListener (node:_http_client:504:5)
    at TLSSocket.emit (node:events:524:28)
    at emitErrorNT (node:internal/streams/destroy:169:8)
    at emitErrorCloseNT (node:internal/streams/destroy:128:3)
    at process.processTicksAndRejections (node:internal/process/task_queues:82:21) {
  type: 'system',
  errno: 'ENOTFOUND',
  code: 'ENOTFOUND'
}
❌ Critical check "Jupiter API" failed. Aborting startup.
   ❌ Jupiter API error: FetchError: request to https://quote-api.jup.ag/v6/quote?inputMint=So11111111111111111111111111111111111111112&outputMint=EPjFWdd5AufqSSqeM2qN1xzybapC8G4wEGGkZwyTDt1v&amount=1000000 failed, reason: getaddrinfo ENOTFOUND quote-api.jup.ag
    at ClientRequest.<anonymous> (/opt/pcprotocol/node_modules/node-fetch/lib/index.js:1501:11)
    at ClientRequest.emit (node:events:524:28)
    at emitErrorEvent (node:_http_client:101:11)
    at TLSSocket.socketErrorListener (node:_http_client:504:5)
    at TLSSocket.emit (node:events:524:28)
    at emitErrorNT (node:internal/streams/destroy:169:8)
    at emitErrorCloseNT (node:internal/streams/destroy:128:3)
    at process.processTicksAndRejections (node:internal/process/task_queues:82:21) {
  type: 'system',
  errno: 'ENOTFOUND',
  code: 'ENOTFOUND'
}
❌ Critical check "Jupiter API" failed. Aborting startup.
   ❌ Jupiter API error: FetchError: request to https://quote-api.jup.ag/v6/quote?inputMint=So11111111111111111111111111111111111111112&outputMint=EPjFWdd5AufqSSqeM2qN1xzybapC8G4wEGGkZwyTDt1v&amount=1000000 failed, reason: getaddrinfo ENOTFOUND quote-api.jup.ag
    at ClientRequest.<anonymous> (/opt/pcprotocol/node_modules/node-fetch/lib/index.js:1501:11)
    at ClientRequest.emit (node:events:524:28)
    at emitErrorEvent (node:_http_client:101:11)
    at TLSSocket.socketErrorListener (node:_http_client:504:5)
    at TLSSocket.emit (node:events:524:28)
    at emitErrorNT (node:internal/streams/destroy:169:8)
    at emitErrorCloseNT (node:internal/streams/destroy:128:3)
    at process.processTicksAndRejections (node:internal/process/task_queues:82:21) {
  type: 'system',
  errno: 'ENOTFOUND',
  code: 'ENOTFOUND'
}
❌ Critical check "Jupiter API" failed. Aborting startup.
   ❌ Jupiter API error: FetchError: request to https://quote-api.jup.ag/v6/quote?inputMint=So11111111111111111111111111111111111111112&outputMint=EPjFWdd5AufqSSqeM2qN1xzybapC8G4wEGGkZwyTDt1v&amount=1000000 failed, reason: getaddrinfo ENOTFOUND quote-api.jup.ag
    at ClientRequest.<anonymous> (/opt/pcprotocol/node_modules/node-fetch/lib/index.js:1501:11)
    at ClientRequest.emit (node:events:524:28)
    at emitErrorEvent (node:_http_client:101:11)
    at TLSSocket.socketErrorListener (node:_http_client:504:5)
    at TLSSocket.emit (node:events:524:28)
    at emitErrorNT (node:internal/streams/destroy:169:8)
    at emitErrorCloseNT (node:internal/streams/destroy:128:3)
    at process.processTicksAndRejections (node:internal/process/task_queues:82:21) {
  type: 'system',
  errno: 'ENOTFOUND',
  code: 'ENOTFOUND'
}
❌ Critical check "Jupiter API" failed. Aborting startup.
   ❌ Jupiter API error: FetchError: request to https://quote-api.jup.ag/v6/quote?inputMint=So11111111111111111111111111111111111111112&outputMint=EPjFWdd5AufqSSqeM2qN1xzybapC8G4wEGGkZwyTDt1v&amount=1000000 failed, reason: getaddrinfo ENOTFOUND quote-api.jup.ag
    at ClientRequest.<anonymous> (/opt/pcprotocol/node_modules/node-fetch/lib/index.js:1501:11)
    at ClientRequest.emit (node:events:524:28)
    at emitErrorEvent (node:_http_client:101:11)
    at TLSSocket.socketErrorListener (node:_http_client:504:5)
    at TLSSocket.emit (node:events:524:28)
    at emitErrorNT (node:internal/streams/destroy:169:8)
    at emitErrorCloseNT (node:internal/streams/destroy:128:3)
    at process.processTicksAndRejections (node:internal/process/task_queues:82:21) {
  type: 'system',
  errno: 'ENOTFOUND',
  code: 'ENOTFOUND'
}
❌ Critical check "Jupiter API" failed. Aborting startup.
   ❌ Jupiter API error: FetchError: request to https://quote-api.jup.ag/v6/quote?inputMint=So11111111111111111111111111111111111111112&outputMint=EPjFWdd5AufqSSqeM2qN1xzybapC8G4wEGGkZwyTDt1v&amount=1000000 failed, reason: getaddrinfo ENOTFOUND quote-api.jup.ag
    at ClientRequest.<anonymous> (/opt/pcprotocol/node_modules/node-fetch/lib/index.js:1501:11)
    at ClientRequest.emit (node:events:524:28)
    at emitErrorEvent (node:_http_client:101:11)
    at TLSSocket.socketErrorListener (node:_http_client:504:5)
    at TLSSocket.emit (node:events:524:28)
    at emitErrorNT (node:internal/streams/destroy:169:8)
    at emitErrorCloseNT (node:internal/streams/destroy:128:3)
    at process.processTicksAndRejections (node:internal/process/task_queues:82:21) {
  type: 'system',
  errno: 'ENOTFOUND',
  code: 'ENOTFOUND'
}
❌ Critical check "Jupiter API" failed. Aborting startup.
