[dotenv@17.3.1] injecting env (16) from .env -- tip: ≡ƒöÉ prevent committing .env to code: https://dotenvx.com/precommit
[INFO] 2026-03-20T07:51:15.518Z - [COMPILATION] Constructing payload for Simple-2-Hop with tip: 0.0001 SOL
node : [ERROR] 2026-03-20T07:51:16.130Z 
- Failed to build versioned 
transaction: Error: No cached blockhash 
available
At line:1 char:1
+ node -e "
+ ~~~~~~~~~
    + CategoryInfo          : NotSpecif 
   ied: ([ERROR] 2026-03...khash avail  
  able:String) [], RemoteException
    + FullyQualifiedErrorId : NativeCom 
   mandError
 
    at buildVersionedTransaction (C:\pcp
rotocol\optimized-jupiter-bot\dist\execu
tion\transaction.js:49:19)
    at ArbEngine.executeArbitrage (C:\pc
protocol\optimized-jupiter-bot\dist\loca
l_calc\arb_engine.js:263:83)
    at 
process.processTicksAndRejections (node:
internal/process/task_queues:104:5)
Test completed.
