node : C:\pcprotocol\optimized-jupiter-bot\node_modules\better-sqlite3\lib\methods\wrappers.js:5
At line:1 char:1
+ node -e "
+ ~~~~~~~~~
    + CategoryInfo          : No    tSpecified: (C:\pcprotocol\o    ...s\wrappers.js:5:String) [    ], RemoteException
    + FullyQualifiedErrorId : Na    tiveCommandError
 
	return this[cppdb].prepare(sql, this, false);
	                   ^

SqliteError: no such table: trades
    at Database.prepare (C:\pcprotocol\optimized-jupiter-bot\node_modules\better-sqlite3\lib\methods\wrappers.js:5:21)
    at [eval]:4:19
    at runScriptInThisContext (node:internal/vm:219:10)
    at node:internal/process/execution:451:12
    at [eval]-wrapper:6:24
    at runScriptInContext (node:internal/process/execution:449:60)
    at evalFunction (node:internal/process/execution:283:30)
    at evalTypeScript (node:internal/process/execution:295:3)
    at node:internal/main/eval_string:71:3 {
  code: 'SQLITE_ERROR'
}

Node.js v24.14.0
