Active Wallet Base58 Pubkey: DnQhJawMXW7ZWA19XbzrV1q3KWZvMnpfyrxe4f74FHVj
Current Active Droplet WSOL SPL Balance: 0.276941288 WSOL

================================================================
📡 INITIATING DUAL-LEG DIAGNOSTIC SWEEP ON TARGET: WIF
================================================================

⚡ Constructing HFT BUY [SOL -> WIF] payload via BloXroute HFT Pipeline...
[1] Quoting payload execution parameter routing...
[2] Compiling Payload with 20000 Lamports ultra-aggressive frontrun MEV bid...
[3] Instantly pushing atomic payload natively through Chainstack Trader UDP Nodes...
✅ [HFT BUY [SOL -> WIF]] Transaction Subsumed into UDP! TX ID: 4dSbRYwiEqfBrucW7GxFVtRgL4ZxbJRUJXNJ6G3shjqirnwrK6ADLKyxmE614f7JSGko8shsbDTWehXGJeRcXAEv
🔗 Verification Link: https://solscan.io/tx/4dSbRYwiEqfBrucW7GxFVtRgL4ZxbJRUJXNJ6G3shjqirnwrK6ADLKyxmE614f7JSGko8shsbDTWehXGJeRcXAEv
⏳ Awaiting physical network confirmation...
✨ [HFT BUY [SOL -> WIF]] TRANSACTION CONFIRMED ON SOLANA MAINNET AT BLOCK  407472263
   ⛽ [GAS PROFILER] Physical Base Network Fee: 0.000025 SOL (24999 lamports)
   ⚙️ [GAS PROFILER] Compute Units Consumed: 54859

================================
💰 Quoted Execution Yield: 764684 WIF base units
🧹 [DUST SYNC] Physical Wallet Target Balance Polled: 764683
Executing immediate high-frequency reverse sell loop!
================================

⚡ Constructing HFT SELL [WIF -> SOL] payload via BloXroute HFT Pipeline...
[1] Quoting payload execution parameter routing...
[2] Compiling Payload with 20000 Lamports ultra-aggressive frontrun MEV bid...
[3] Instantly pushing atomic payload natively through Chainstack Trader UDP Nodes...
✅ [HFT SELL [WIF -> SOL]] Transaction Subsumed into UDP! TX ID: d7kWN2Ytyqvn1bFTPbdXzsLL64yK7EM25XTmcEYxfknb8izWDcpdCBBu7UYiVUY2b4vYS1op8Pv6Nd2NZzkcryf
🔗 Verification Link: https://solscan.io/tx/d7kWN2Ytyqvn1bFTPbdXzsLL64yK7EM25XTmcEYxfknb8izWDcpdCBBu7UYiVUY2b4vYS1op8Pv6Nd2NZzkcryf
⏳ Awaiting physical network confirmation...
✨ [HFT SELL [WIF -> SOL]] TRANSACTION CONFIRMED ON SOLANA MAINNET AT BLOCK  407472272
   ⛽ [GAS PROFILER] Physical Base Network Fee: 0.000025 SOL (24999 lamports)
   ⚙️ [GAS PROFILER] Compute Units Consumed: 136200

================================
🏁 WSOL HFT DIAGNOSTIC COMPLETE.
Final Droplet Output WSOL Balance: 0.276929463 WSOL
Total Output Delta: -0.000011825 WSOL
