[TAILING] Tailing last 50 lines for [jupiter-bot] process (change the value with --lines option)
/root/.pm2/logs/jupiter-bot-error.log last 50 lines:
0|jupiter- | }
0|jupiter- | [WARN] 2026-03-20T10:19:51.063Z - Failed to fetch dynamic tokens: TypeError: fetch failed
0|jupiter- |     at node:internal/deps/undici/undici:14902:13
0|jupiter- |     at processTicksAndRejections (node:internal/process/task_queues:95:5)
0|jupiter- |     at Timeout.refreshDynamicTokens [as _onTimeout] (/opt/pcprotocol/optimized-jupiter-bot/dist/geyser/handlers.js:39:24) {
0|jupiter- |   [cause]: Error: getaddrinfo ENOTFOUND tokens.jup.ag
0|jupiter- |       at GetAddrInfoReqWrap.onlookupall [as oncomplete] (node:dns:122:26) {
0|jupiter- |     errno: -3007,
0|jupiter- |     code: 'ENOTFOUND',
0|jupiter- |     syscall: 'getaddrinfo',
0|jupiter- |     hostname: 'tokens.jup.ag'
0|jupiter- |   }
0|jupiter- | }
0|jupiter- | [WARN] 2026-03-20T10:20:51.064Z - Failed to fetch dynamic tokens: TypeError: fetch failed
0|jupiter- |     at node:internal/deps/undici/undici:14902:13
0|jupiter- |     at processTicksAndRejections (node:internal/process/task_queues:95:5)
0|jupiter- |     at Timeout.refreshDynamicTokens [as _onTimeout] (/opt/pcprotocol/optimized-jupiter-bot/dist/geyser/handlers.js:39:24) {
0|jupiter- |   [cause]: Error: getaddrinfo ENOTFOUND tokens.jup.ag
0|jupiter- |       at GetAddrInfoReqWrap.onlookupall [as oncomplete] (node:dns:122:26) {
0|jupiter- |     errno: -3007,
0|jupiter- |     code: 'ENOTFOUND',
0|jupiter- |     syscall: 'getaddrinfo',
0|jupiter- |     hostname: 'tokens.jup.ag'
0|jupiter- |   }
0|jupiter- | }
0|jupiter- | [WARN] 2026-03-20T10:21:51.065Z - Failed to fetch dynamic tokens: TypeError: fetch failed
0|jupiter- |     at node:internal/deps/undici/undici:14902:13
0|jupiter- |     at processTicksAndRejections (node:internal/process/task_queues:95:5)
0|jupiter- |     at Timeout.refreshDynamicTokens [as _onTimeout] (/opt/pcprotocol/optimized-jupiter-bot/dist/geyser/handlers.js:39:24) {
0|jupiter- |   [cause]: Error: getaddrinfo ENOTFOUND tokens.jup.ag
0|jupiter- |       at GetAddrInfoReqWrap.onlookupall [as oncomplete] (node:dns:122:26) {
0|jupiter- |     errno: -3007,
0|jupiter- |     code: 'ENOTFOUND',
0|jupiter- |     syscall: 'getaddrinfo',
0|jupiter- |     hostname: 'tokens.jup.ag'
0|jupiter- |   }
0|jupiter- | }
0|jupiter- | [WARN] 2026-03-20T10:22:38.468Z - Native Yellowstone gRPC bindings skipped. Injecting MOCK Geyser Stream to verify local structure.
0|jupiter- | [WARN] 2026-03-20T10:22:38.479Z - Failed to fetch dynamic tokens: TypeError: fetch failed
0|jupiter- |     at node:internal/deps/undici/undici:14902:13
0|jupiter- |     at processTicksAndRejections (node:internal/process/task_queues:95:5)
0|jupiter- |     at refreshDynamicTokens (/opt/pcprotocol/optimized-jupiter-bot/dist/geyser/handlers.js:39:24) {
0|jupiter- |   [cause]: Error: getaddrinfo ENOTFOUND tokens.jup.ag
0|jupiter- |       at GetAddrInfoReqWrap.onlookupall [as oncomplete] (node:dns:122:26) {
0|jupiter- |     errno: -3007,
0|jupiter- |     code: 'ENOTFOUND',
0|jupiter- |     syscall: 'getaddrinfo',
0|jupiter- |     hostname: 'tokens.jup.ag'
0|jupiter- |   }
0|jupiter- | }

/root/.pm2/logs/jupiter-bot-out.log last 50 lines:
0|jupiter- | [INFO] 2026-03-20T10:22:21.938Z - [IX 1] Program: 11111111111111111111111111111111
0|jupiter- | [INFO] 2026-03-20T10:22:21.938Z - [IX 2] Program: TokenkegQfeZyiNwAJbNbGKPFXCWuBvf9Ss623VQ5DA
0|jupiter- | [INFO] 2026-03-20T10:22:21.938Z - [IX 3] Program: ATokenGPvbdGVxr1b2hvZbsiqW5xWH25efTNsLJA8knL
0|jupiter- | [INFO] 2026-03-20T10:22:21.938Z - [IX 4] Program: JUP6LkbZbjS1jKKwapdHNy74zcZ3tLUZoi5QNyVTaV4
0|jupiter- | [INFO] 2026-03-20T10:22:21.938Z - [IX 5] Program: TokenkegQfeZyiNwAJbNbGKPFXCWuBvf9Ss623VQ5DA
0|jupiter- | [INFO] 2026-03-20T10:22:21.939Z - [IX 6] Program: ATokenGPvbdGVxr1b2hvZbsiqW5xWH25efTNsLJA8knL
0|jupiter- | [INFO] 2026-03-20T10:22:21.939Z - [IX 7] Program: JUP6LkbZbjS1jKKwapdHNy74zcZ3tLUZoi5QNyVTaV4
0|jupiter- | [INFO] 2026-03-20T10:22:21.939Z - [IX 8] Program: TokenkegQfeZyiNwAJbNbGKPFXCWuBvf9Ss623VQ5DA
0|jupiter- | [INFO] 2026-03-20T10:22:21.939Z - -----------------------------------------------------
0|jupiter- | [INFO] 2026-03-20T10:22:21.939Z - 🔥 Attached Strict Baseline Gas Priority: 250000 microLamports (Bypassing Priority Auctions!)
0|jupiter- | [INFO] 2026-03-20T10:22:22.105Z - [SCAN] Checking 2 pools internally mapped...
0|jupiter- | [INFO] 2026-03-20T10:22:22.372Z - 💰 Appended DYNAMIC Jito Tip Execution successfully: 0.001 SOL to Cw8CFy...
0|jupiter- | [INFO] 2026-03-20T10:22:22.380Z - Executing MEV Bundle securely via High-Speed Chainstack Node + BloXroute + Jito for ultimate throughput...
0|jupiter- | [INFO] 2026-03-20T10:22:22.395Z - [COMPILATION] Synced local Blockhash/ALT states sequentially mapping atomic instructions in 1.4ms!
0|jupiter- | [INFO] 2026-03-20T10:22:22.411Z - Transmitting to Jito AMSTERDAM synchronously bypassing abstractions...
0|jupiter- | [INFO] 2026-03-20T10:22:22.832Z - JITO BUNDLE RESPONSE: {"jsonrpc":"2.0","error":{"code":-32097,"message":"Network congested. Endpoint is globally rate limited.","data":null},"id":null}
0|jupiter- | [INFO] 2026-03-20T10:22:25.221Z - [SCAN] Checking 2 pools internally mapped...
0|jupiter- | [INFO] 2026-03-20T10:22:25.421Z - [SCAN] Checking 2 pools internally mapped...
0|jupiter- | [INFO] 2026-03-20T10:22:30.635Z - [SCAN] Checking 2 pools internally mapped...
0|jupiter- | [INFO] 2026-03-20T10:22:32.040Z - [SCAN] Checking 2 pools internally mapped...
0|jupiter- | [INFO] 2026-03-20T10:22:33.946Z - [SCAN] Checking 2 pools internally mapped...
0|jupiter- | [INFO] 2026-03-20T10:22:36.311Z - 🔥 Triggering synthetic 'Force-Hop' to validate JITO tipping/compilation mechanics dynamically...
0|jupiter- | [INFO] 2026-03-20T10:22:36.311Z - [COMPILATION] Constructing payload for Force-Test-Hop with tip: 0.001 SOL
0|jupiter- | [INFO] 2026-03-20T10:22:36.934Z - --- TRANSACTION PAYLOAD STRUCTURE (9 Instructions) ---
0|jupiter- | [INFO] 2026-03-20T10:22:36.934Z - [IX 0] Program: ATokenGPvbdGVxr1b2hvZbsiqW5xWH25efTNsLJA8knL
0|jupiter- | [INFO] 2026-03-20T10:22:36.934Z - [IX 1] Program: 11111111111111111111111111111111
0|jupiter- | [INFO] 2026-03-20T10:22:36.934Z - [IX 2] Program: TokenkegQfeZyiNwAJbNbGKPFXCWuBvf9Ss623VQ5DA
0|jupiter- | [INFO] 2026-03-20T10:22:36.934Z - [IX 3] Program: ATokenGPvbdGVxr1b2hvZbsiqW5xWH25efTNsLJA8knL
0|jupiter- | [INFO] 2026-03-20T10:22:36.934Z - [IX 4] Program: JUP6LkbZbjS1jKKwapdHNy74zcZ3tLUZoi5QNyVTaV4
0|jupiter- | [INFO] 2026-03-20T10:22:36.934Z - [IX 5] Program: TokenkegQfeZyiNwAJbNbGKPFXCWuBvf9Ss623VQ5DA
0|jupiter- | [INFO] 2026-03-20T10:22:36.934Z - [IX 6] Program: ATokenGPvbdGVxr1b2hvZbsiqW5xWH25efTNsLJA8knL
0|jupiter- | [INFO] 2026-03-20T10:22:36.934Z - [IX 7] Program: JUP6LkbZbjS1jKKwapdHNy74zcZ3tLUZoi5QNyVTaV4
0|jupiter- | [INFO] 2026-03-20T10:22:36.934Z - [IX 8] Program: TokenkegQfeZyiNwAJbNbGKPFXCWuBvf9Ss623VQ5DA
0|jupiter- | [INFO] 2026-03-20T10:22:36.934Z - -----------------------------------------------------
0|jupiter- | [INFO] 2026-03-20T10:22:36.935Z - 🔥 Attached Strict Baseline Gas Priority: 250000 microLamports (Bypassing Priority Auctions!)
0|jupiter- | [INFO] 2026-03-20T10:22:37.359Z - 💰 Appended DYNAMIC Jito Tip Execution successfully: 0.001 SOL to 96gYZG...
0|jupiter- | [INFO] 2026-03-20T10:22:37.379Z - Executing MEV Bundle securely via High-Speed Chainstack Node + BloXroute + Jito for ultimate throughput...
0|jupiter- | [INFO] 2026-03-20T10:22:37.389Z - [COMPILATION] Synced local Blockhash/ALT states sequentially mapping atomic instructions in 1.4ms!
0|jupiter- | [INFO] 2026-03-20T10:22:37.389Z - Transmitting to Jito AMSTERDAM synchronously bypassing abstractions...
0|jupiter- | [dotenv@17.3.1] injecting env (16) from .env -- tip: ⚙️  write to custom object with { processEnv: myObject }
0|jupiter- | [INFO] 2026-03-20T10:22:38.436Z - Starting Optimized Jupiter Arbitrage Bot...
0|jupiter- | [INFO] 2026-03-20T10:22:38.439Z - Starting highly optimized JUPBOT engine using AMSTERDAM bypass...
0|jupiter- | [INFO] 2026-03-20T10:22:38.439Z - Connecting to Chainstack Geyser gRPC...
0|jupiter- | [INFO] 2026-03-20T10:22:38.439Z - Connecting natively to https://yellowstone-solana-mainnet.core.chainstack.com:443...
0|jupiter- | [INFO] 2026-03-20T10:22:38.472Z - Attaching gRPC stream handlers...
0|jupiter- | [INFO] 2026-03-20T10:22:38.473Z - Bot is successfully running and waiting for stream updates.
0|jupiter- | [INFO] 2026-03-20T10:22:38.473Z - Live Geyser Listener securely active across Mainnet physical socket.
0|jupiter- | [INFO] 2026-03-20T10:22:39.672Z - [SCAN] Checking 2 pools internally mapped...
0|jupiter- | [INFO] 2026-03-20T10:22:43.582Z - [SCAN] Checking 2 pools internally mapped...
0|jupiter- | [INFO] 2026-03-20T10:22:45.090Z - [SCAN] Checking 2 pools internally mapped...

