[TAILING] Tailing last 50 lines for [jupiter-bot] process (change the value with --lines option)
/root/.pm2/logs/jupiter-bot-error.log last 50 lines:
0|jupiter- | [WARN] 2026-03-20T10:32:56.160Z - Failed to fetch dynamic tokens: TypeError: fetch failed
0|jupiter- |     at node:internal/deps/undici/undici:14902:13
0|jupiter- |     at processTicksAndRejections (node:internal/process/task_queues:95:5)
0|jupiter- |     at Timeout.refreshDynamicTokens [as _onTimeout] (/opt/pcprotocol/optimized-jupiter-bot/dist/geyser/handlers.js:39:24) {
0|jupiter- |   [cause]: Error: getaddrinfo ENOTFOUND token.jup.ag
0|jupiter- |       at GetAddrInfoReqWrap.onlookupall [as oncomplete] (node:dns:122:26) {
0|jupiter- |     errno: -3007,
0|jupiter- |     code: 'ENOTFOUND',
0|jupiter- |     syscall: 'getaddrinfo',
0|jupiter- |     hostname: 'token.jup.ag'
0|jupiter- |   }
0|jupiter- | }
0|jupiter- | [WARN] 2026-03-20T10:33:56.160Z - Failed to fetch dynamic tokens: TypeError: fetch failed
0|jupiter- |     at node:internal/deps/undici/undici:14902:13
0|jupiter- |     at processTicksAndRejections (node:internal/process/task_queues:95:5)
0|jupiter- |     at Timeout.refreshDynamicTokens [as _onTimeout] (/opt/pcprotocol/optimized-jupiter-bot/dist/geyser/handlers.js:39:24) {
0|jupiter- |   [cause]: Error: getaddrinfo ENOTFOUND token.jup.ag
0|jupiter- |       at GetAddrInfoReqWrap.onlookupall [as oncomplete] (node:dns:122:26) {
0|jupiter- |     errno: -3007,
0|jupiter- |     code: 'ENOTFOUND',
0|jupiter- |     syscall: 'getaddrinfo',
0|jupiter- |     hostname: 'token.jup.ag'
0|jupiter- |   }
0|jupiter- | }
0|jupiter- | [WARN] 2026-03-20T10:34:56.160Z - Failed to fetch dynamic tokens: TypeError: fetch failed
0|jupiter- |     at node:internal/deps/undici/undici:14902:13
0|jupiter- |     at processTicksAndRejections (node:internal/process/task_queues:95:5)
0|jupiter- |     at Timeout.refreshDynamicTokens [as _onTimeout] (/opt/pcprotocol/optimized-jupiter-bot/dist/geyser/handlers.js:39:24) {
0|jupiter- |   [cause]: Error: getaddrinfo ENOTFOUND token.jup.ag
0|jupiter- |       at GetAddrInfoReqWrap.onlookupall [as oncomplete] (node:dns:122:26) {
0|jupiter- |     errno: -3007,
0|jupiter- |     code: 'ENOTFOUND',
0|jupiter- |     syscall: 'getaddrinfo',
0|jupiter- |     hostname: 'token.jup.ag'
0|jupiter- |   }
0|jupiter- | }
0|jupiter- | [WARN] 2026-03-20T10:35:51.364Z - Native Yellowstone gRPC bindings skipped. Injecting MOCK Geyser Stream to verify local structure.
0|jupiter- | [WARN] 2026-03-20T10:35:51.382Z - Failed to fetch dynamic tokens: TypeError: fetch failed
0|jupiter- |     at node:internal/deps/undici/undici:14902:13
0|jupiter- |     at processTicksAndRejections (node:internal/process/task_queues:95:5)
0|jupiter- |     at refreshDynamicTokens (/opt/pcprotocol/optimized-jupiter-bot/dist/geyser/handlers.js:39:24) {
0|jupiter- |   [cause]: Error: getaddrinfo ENOTFOUND token.jup.ag
0|jupiter- |       at GetAddrInfoReqWrap.onlookupall [as oncomplete] (node:dns:122:26) {
0|jupiter- |     errno: -3007,
0|jupiter- |     code: 'ENOTFOUND',
0|jupiter- |     syscall: 'getaddrinfo',
0|jupiter- |     hostname: 'token.jup.ag'
0|jupiter- |   }
0|jupiter- | }
0|jupiter- | [WARN] 2026-03-20T10:35:59.377Z - 🔥 [FORCED TEST START] Constructing comprehensive structural diagnostic trace explicitly via the core Arbitrage Engine natively (SOL -> USDC -> SOL)...

/root/.pm2/logs/jupiter-bot-out.log last 50 lines:
0|jupiter- | [INFO] 2026-03-20T10:33:59.816Z - [SCAN] Checking 2 pools internally mapped...
0|jupiter- | [INFO] 2026-03-20T10:34:15.158Z - [SCAN] Checking 2 pools internally mapped...
0|jupiter- | [INFO] 2026-03-20T10:34:18.169Z - [SCAN] Checking 2 pools internally mapped...
0|jupiter- | [INFO] 2026-03-20T10:34:18.569Z - [SCAN] Checking 2 pools internally mapped...
0|jupiter- | [INFO] 2026-03-20T10:34:20.977Z - [SCAN] Checking 2 pools internally mapped...
0|jupiter- | [INFO] 2026-03-20T10:34:31.507Z - [SCAN] Checking 2 pools internally mapped...
0|jupiter- | [INFO] 2026-03-20T10:34:41.538Z - [SCAN] Checking 2 pools internally mapped...
0|jupiter- | [INFO] 2026-03-20T10:34:43.445Z - [SCAN] Checking 2 pools internally mapped...
0|jupiter- | [INFO] 2026-03-20T10:34:56.078Z - [SCAN] Checking 2 pools internally mapped...
0|jupiter- | [INFO] 2026-03-20T10:35:08.109Z - [SCAN] Checking 2 pools internally mapped...
0|jupiter- | [INFO] 2026-03-20T10:35:15.135Z - [SCAN] Checking 2 pools internally mapped...
0|jupiter- | [INFO] 2026-03-20T10:35:15.736Z - [SCAN] Checking 2 pools internally mapped...
0|jupiter- | [INFO] 2026-03-20T10:35:19.854Z - [SCAN] Checking 2 pools internally mapped...
0|jupiter- | [INFO] 2026-03-20T10:35:21.655Z - [SCAN] Checking 2 pools internally mapped...
0|jupiter- | [INFO] 2026-03-20T10:35:23.759Z - [SCAN] Checking 2 pools internally mapped...
0|jupiter- | [INFO] 2026-03-20T10:35:25.063Z - [SCAN] Checking 2 pools internally mapped...
0|jupiter- | [INFO] 2026-03-20T10:35:28.369Z - [SCAN] Checking 2 pools internally mapped...
0|jupiter- | [dotenv@17.3.1] injecting env (16) from .env -- tip: ⚙️  write to custom object with { processEnv: myObject }
0|jupiter- | [INFO] 2026-03-20T10:35:51.332Z - Starting Optimized Jupiter Arbitrage Bot...
0|jupiter- | [INFO] 2026-03-20T10:35:51.333Z - Starting highly optimized JUPBOT engine using AMSTERDAM bypass...
0|jupiter- | [INFO] 2026-03-20T10:35:51.334Z - Connecting to Chainstack Geyser gRPC...
0|jupiter- | [INFO] 2026-03-20T10:35:51.335Z - Connecting natively to https://yellowstone-solana-mainnet.core.chainstack.com:443...
0|jupiter- | [INFO] 2026-03-20T10:35:51.373Z - Attaching gRPC stream handlers...
0|jupiter- | [INFO] 2026-03-20T10:35:51.375Z - Bot is successfully running and waiting for stream updates.
0|jupiter- | [INFO] 2026-03-20T10:35:51.376Z - Live Geyser Listener securely active across Mainnet physical socket.
0|jupiter- | [INFO] 2026-03-20T10:35:52.681Z - [SCAN] Checking 2 pools internally mapped...
0|jupiter- | [INFO] 2026-03-20T10:35:59.379Z - [COMPILATION] Constructing payload for Force-Test-Hop with tip: 0.001 SOL
0|jupiter- | [INFO] 2026-03-20T10:36:00.350Z - --- TRANSACTION PAYLOAD STRUCTURE (9 Instructions) ---
0|jupiter- | [INFO] 2026-03-20T10:36:00.351Z - [IX 0] Program: ATokenGPvbdGVxr1b2hvZbsiqW5xWH25efTNsLJA8knL
0|jupiter- | [INFO] 2026-03-20T10:36:00.358Z - [IX 1] Program: 11111111111111111111111111111111
0|jupiter- | [INFO] 2026-03-20T10:36:00.358Z - [IX 2] Program: TokenkegQfeZyiNwAJbNbGKPFXCWuBvf9Ss623VQ5DA
0|jupiter- | [INFO] 2026-03-20T10:36:00.359Z - [IX 3] Program: ATokenGPvbdGVxr1b2hvZbsiqW5xWH25efTNsLJA8knL
0|jupiter- | [INFO] 2026-03-20T10:36:00.359Z - [IX 4] Program: JUP6LkbZbjS1jKKwapdHNy74zcZ3tLUZoi5QNyVTaV4
0|jupiter- | [INFO] 2026-03-20T10:36:00.359Z - [IX 5] Program: TokenkegQfeZyiNwAJbNbGKPFXCWuBvf9Ss623VQ5DA
0|jupiter- | [INFO] 2026-03-20T10:36:00.359Z - [IX 6] Program: ATokenGPvbdGVxr1b2hvZbsiqW5xWH25efTNsLJA8knL
0|jupiter- | [INFO] 2026-03-20T10:36:00.359Z - [IX 7] Program: JUP6LkbZbjS1jKKwapdHNy74zcZ3tLUZoi5QNyVTaV4
0|jupiter- | [INFO] 2026-03-20T10:36:00.360Z - [IX 8] Program: TokenkegQfeZyiNwAJbNbGKPFXCWuBvf9Ss623VQ5DA
0|jupiter- | [INFO] 2026-03-20T10:36:00.360Z - -----------------------------------------------------
0|jupiter- | [INFO] 2026-03-20T10:36:00.361Z - 🔥 Attached Strict Baseline Gas Priority: 250000 microLamports (Bypassing Priority Auctions!)
0|jupiter- | [INFO] 2026-03-20T10:36:00.842Z - 💰 Appended DYNAMIC Jito Tip Execution successfully: 0.001 SOL to Cw8CFy...
0|jupiter- | [INFO] 2026-03-20T10:36:00.925Z - Executing MEV Bundle securely via High-Speed Chainstack Node + BloXroute + Jito for ultimate throughput...
0|jupiter- | [INFO] 2026-03-20T10:36:00.958Z - [COMPILATION] Synced local Blockhash/ALT states sequentially mapping atomic instructions in 1.4ms!
0|jupiter- | [INFO] 2026-03-20T10:36:00.958Z - Transmitting MEV traces recursively scaling alongside direct Helius RPC bypasses...
0|jupiter- | [INFO] 2026-03-20T10:36:01.095Z - [https://mainnet.block-engine.jito.wtf/api/v1/bundles] BUNDLE RESPONSE: {"jsonrpc":"2.0","error":{"code":-32097,"message":"Network congested. Endpoint is globally rate limited.","data":null},"id":null}
0|jupiter- | [INFO] 2026-03-20T10:36:01.181Z - [HELIUS] Physical RPC Transmit Hash: 4zdhhtHng6K1tbU1owACZnYWq3qcoxV8nfVXZVW8WmJ2kEubcnaukTQPb8oafVRqZMj3HsYBKQTw1vxSwApGfumz
0|jupiter- | [INFO] 2026-03-20T10:36:01.216Z - [https://ny.mainnet.block-engine.jito.wtf/api/v1/bundles] BUNDLE RESPONSE: {"jsonrpc":"2.0","error":{"code":-32097,"message":"Network congested. Endpoint is globally rate limited.","data":null},"id":null}
0|jupiter- | [INFO] 2026-03-20T10:36:01.424Z - [https://frankfurt.mainnet.block-engine.jito.wtf/api/v1/bundles] BUNDLE RESPONSE: {"jsonrpc":"2.0","error":{"code":-32097,"message":"Network congested. Endpoint is globally rate limited.","data":null},"id":null}
0|jupiter- | [INFO] 2026-03-20T10:36:01.425Z - ✅ [FORCED TEST COMPLETE] Engine securely reverted to mathematically-limited physical Geyser scanner.
0|jupiter- | [INFO] 2026-03-20T10:36:06.095Z - [SCAN] Checking 2 pools internally mapped...
0|jupiter- | [INFO] 2026-03-20T10:36:09.807Z - [SCAN] Checking 2 pools internally mapped...

