[TAILING] Tailing last 40 lines for [jupiter-bot] process (change the value with --lines option)
/root/.pm2/logs/jupiter-bot-error.log last 40 lines:
0|jupiter- |     hostname: 'tokens.jup.ag'
0|jupiter- |   }
0|jupiter- | }
0|jupiter- | [WARN] 2026-03-20T10:30:38.264Z - Failed to fetch dynamic tokens: TypeError: fetch failed
0|jupiter- |     at node:internal/deps/undici/undici:14902:13
0|jupiter- |     at processTicksAndRejections (node:internal/process/task_queues:95:5)
0|jupiter- |     at Timeout.refreshDynamicTokens [as _onTimeout] (/opt/pcprotocol/optimized-jupiter-bot/dist/geyser/handlers.js:39:24) {
0|jupiter- |   [cause]: Error: getaddrinfo ENOTFOUND tokens.jup.ag
0|jupiter- |       at GetAddrInfoReqWrap.onlookupall [as oncomplete] (node:dns:122:26) {
0|jupiter- |     errno: -3007,
0|jupiter- |     code: 'ENOTFOUND',
0|jupiter- |     syscall: 'getaddrinfo',
0|jupiter- |     hostname: 'tokens.jup.ag'
0|jupiter- |   }
0|jupiter- | }
0|jupiter- | [WARN] 2026-03-20T10:31:38.262Z - Failed to fetch dynamic tokens: TypeError: fetch failed
0|jupiter- |     at node:internal/deps/undici/undici:14902:13
0|jupiter- |     at processTicksAndRejections (node:internal/process/task_queues:95:5)
0|jupiter- |     at Timeout.refreshDynamicTokens [as _onTimeout] (/opt/pcprotocol/optimized-jupiter-bot/dist/geyser/handlers.js:39:24) {
0|jupiter- |   [cause]: Error: getaddrinfo ENOTFOUND tokens.jup.ag
0|jupiter- |       at GetAddrInfoReqWrap.onlookupall [as oncomplete] (node:dns:122:26) {
0|jupiter- |     errno: -3007,
0|jupiter- |     code: 'ENOTFOUND',
0|jupiter- |     syscall: 'getaddrinfo',
0|jupiter- |     hostname: 'tokens.jup.ag'
0|jupiter- |   }
0|jupiter- | }
0|jupiter- | [WARN] 2026-03-20T10:31:56.358Z - Native Yellowstone gRPC bindings skipped. Injecting MOCK Geyser Stream to verify local structure.
0|jupiter- | [WARN] 2026-03-20T10:31:56.370Z - Failed to fetch dynamic tokens: TypeError: fetch failed
0|jupiter- |     at node:internal/deps/undici/undici:14902:13
0|jupiter- |     at processTicksAndRejections (node:internal/process/task_queues:95:5)
0|jupiter- |     at refreshDynamicTokens (/opt/pcprotocol/optimized-jupiter-bot/dist/geyser/handlers.js:39:24) {
0|jupiter- |   [cause]: Error: getaddrinfo ENOTFOUND token.jup.ag
0|jupiter- |       at GetAddrInfoReqWrap.onlookupall [as oncomplete] (node:dns:122:26) {
0|jupiter- |     errno: -3007,
0|jupiter- |     code: 'ENOTFOUND',
0|jupiter- |     syscall: 'getaddrinfo',
0|jupiter- |     hostname: 'token.jup.ag'
0|jupiter- |   }
0|jupiter- | }

/root/.pm2/logs/jupiter-bot-out.log last 40 lines:
0|jupiter- | [INFO] 2026-03-20T10:29:07.778Z - [SCAN] Checking 2 pools internally mapped...
0|jupiter- | [INFO] 2026-03-20T10:29:18.518Z - [SCAN] Checking 2 pools internally mapped...
0|jupiter- | [INFO] 2026-03-20T10:29:19.320Z - [SCAN] Checking 2 pools internally mapped...
0|jupiter- | [INFO] 2026-03-20T10:29:27.240Z - [SCAN] Checking 2 pools internally mapped...
0|jupiter- | [INFO] 2026-03-20T10:29:34.667Z - [SCAN] Checking 2 pools internally mapped...
0|jupiter- | [INFO] 2026-03-20T10:29:42.291Z - [SCAN] Checking 2 pools internally mapped...
0|jupiter- | [INFO] 2026-03-20T10:29:42.590Z - [SCAN] Checking 2 pools internally mapped...
0|jupiter- | [INFO] 2026-03-20T10:29:55.229Z - [SCAN] Checking 2 pools internally mapped...
0|jupiter- | [INFO] 2026-03-20T10:29:56.833Z - [SCAN] Checking 2 pools internally mapped...
0|jupiter- | [INFO] 2026-03-20T10:30:02.858Z - [SCAN] Checking 2 pools internally mapped...
0|jupiter- | [INFO] 2026-03-20T10:30:09.376Z - [SCAN] Checking 2 pools internally mapped...
0|jupiter- | [INFO] 2026-03-20T10:30:12.886Z - [SCAN] Checking 2 pools internally mapped...
0|jupiter- | [INFO] 2026-03-20T10:30:36.508Z - [SCAN] Checking 2 pools internally mapped...
0|jupiter- | [INFO] 2026-03-20T10:30:39.916Z - [SCAN] Checking 2 pools internally mapped...
0|jupiter- | [INFO] 2026-03-20T10:30:41.823Z - [SCAN] Checking 2 pools internally mapped...
0|jupiter- | [INFO] 2026-03-20T10:30:44.130Z - [SCAN] Checking 2 pools internally mapped...
0|jupiter- | [INFO] 2026-03-20T10:30:50.050Z - [SCAN] Checking 2 pools internally mapped...
0|jupiter- | [INFO] 2026-03-20T10:30:52.254Z - [SCAN] Checking 2 pools internally mapped...
0|jupiter- | [INFO] 2026-03-20T10:30:56.166Z - [SCAN] Checking 2 pools internally mapped...
0|jupiter- | [INFO] 2026-03-20T10:31:20.049Z - [SCAN] Checking 2 pools internally mapped...
0|jupiter- | [INFO] 2026-03-20T10:31:24.501Z - [SCAN] Checking 2 pools internally mapped...
0|jupiter- | [INFO] 2026-03-20T10:31:25.403Z - [SCAN] Checking 2 pools internally mapped...
0|jupiter- | [INFO] 2026-03-20T10:31:26.305Z - [SCAN] Checking 2 pools internally mapped...
0|jupiter- | [INFO] 2026-03-20T10:31:40.162Z - [SCAN] Checking 2 pools internally mapped...
0|jupiter- | [INFO] 2026-03-20T10:31:44.069Z - [SCAN] Checking 2 pools internally mapped...
0|jupiter- | [INFO] 2026-03-20T10:31:47.188Z - [SCAN] Checking 2 pools internally mapped...
0|jupiter- | [INFO] 2026-03-20T10:31:50.814Z - [SCAN] Checking 2 pools internally mapped...
0|jupiter- | [INFO] 2026-03-20T10:31:54.222Z - [SCAN] Checking 2 pools internally mapped...
0|jupiter- | [dotenv@17.3.1] injecting env (16) from .env -- tip: ⚡️ secrets for agents: https://dotenvx.com/as2
0|jupiter- | [INFO] 2026-03-20T10:31:56.322Z - Starting Optimized Jupiter Arbitrage Bot...
0|jupiter- | [INFO] 2026-03-20T10:31:56.322Z - Starting highly optimized JUPBOT engine using AMSTERDAM bypass...
0|jupiter- | [INFO] 2026-03-20T10:31:56.323Z - Connecting to Chainstack Geyser gRPC...
0|jupiter- | [INFO] 2026-03-20T10:31:56.324Z - Connecting natively to https://yellowstone-solana-mainnet.core.chainstack.com:443...
0|jupiter- | [INFO] 2026-03-20T10:31:56.362Z - Attaching gRPC stream handlers...
0|jupiter- | [INFO] 2026-03-20T10:31:56.363Z - Bot is successfully running and waiting for stream updates.
0|jupiter- | [INFO] 2026-03-20T10:31:56.364Z - Live Geyser Listener securely active across Mainnet physical socket.
0|jupiter- | [INFO] 2026-03-20T10:32:00.067Z - [SCAN] Checking 2 pools internally mapped...
0|jupiter- | [INFO] 2026-03-20T10:32:08.614Z - [SCAN] Checking 2 pools internally mapped...
0|jupiter- | [INFO] 2026-03-20T10:32:13.026Z - [SCAN] Checking 2 pools internally mapped...
0|jupiter- | [INFO] 2026-03-20T10:32:14.630Z - [SCAN] Checking 2 pools internally mapped...

