[dotenv@17.3.1] injecting env (19) from .env -- tip: ⚡️ secrets for agents: https://dotenvx.com/as2
🚦 Initiating explicit Atomic Arbitrage Bundle Structure Test...
📊 Quote 1 [SOL -> USDC]: 0.8909 USDC
📊 Quote 2 [USDC -> SOL]: 0.010002593 SOL
📦 Requesting distinct Raw Execution Instructions...
🔗 Executing Atomic Bundle Logic natively...
[INFO] 2026-03-20T12:41:55.633Z - --- TRANSACTION PAYLOAD STRUCTURE (8 Instructions) ---
[INFO] 2026-03-20T12:41:55.635Z - [IX 0] Program: ATokenGPvbdGVxr1b2hvZbsiqW5xWH25efTNsLJA8knL
[INFO] 2026-03-20T12:41:55.636Z - [IX 1] Program: 11111111111111111111111111111111
[INFO] 2026-03-20T12:41:55.636Z - [IX 2] Program: TokenkegQfeZyiNwAJbNbGKPFXCWuBvf9Ss623VQ5DA
[INFO] 2026-03-20T12:41:55.636Z - [IX 3] Program: JUP6LkbZbjS1jKKwapdHNy74zcZ3tLUZoi5QNyVTaV4
[INFO] 2026-03-20T12:41:55.637Z - [IX 4] Program: TokenkegQfeZyiNwAJbNbGKPFXCWuBvf9Ss623VQ5DA
[INFO] 2026-03-20T12:41:55.638Z - [IX 5] Program: ATokenGPvbdGVxr1b2hvZbsiqW5xWH25efTNsLJA8knL
[INFO] 2026-03-20T12:41:55.638Z - [IX 6] Program: JUP6LkbZbjS1jKKwapdHNy74zcZ3tLUZoi5QNyVTaV4
[INFO] 2026-03-20T12:41:55.638Z - [IX 7] Program: TokenkegQfeZyiNwAJbNbGKPFXCWuBvf9Ss623VQ5DA
[INFO] 2026-03-20T12:41:55.638Z - -----------------------------------------------------
[INFO] 2026-03-20T12:41:55.639Z - 🔥 Attached Strict Baseline Gas Priority: 250000 microLamports (Bypassing Priority Auctions!)
[INFO] 2026-03-20T12:41:56.028Z - 💰 Appended DYNAMIC Jito Tip Execution successfully: 0.00001 SOL to 3AVi9T...

✅ Atomic structural merge complete! Final Payload Buffer: 746 bytes.
🔒 Valid Signature Elements: 1

🚀 FIRE IN THE HOLE! Executing Live Atomic Sandbox Bundle over ShadowLane...
⚡ Broadcast Complete! Network Insertion Latency: 108ms
✅ Fully Synchronous Execution Complete! Payload Hash: https://solscan.io/tx/3auUJMwcdyBFY47PJeWnnyx7SSu58uJF1HYxumpUBgaWbEzbcVv8QKmjQWfmTKDz4VhZvQy2LKEbuW4iXqvqFET4
