[dotenv@17.3.1] injecting env (16) from .env -- tip: ⚙️  override existing env vars with { override: true }
[INFO] 2026-03-20T12:03:05.071Z - 🔥 [FORCE LIVE BUY] Generating true on-chain swap via Jito boundaries...
[INFO] 2026-03-20T12:03:05.072Z - Fetching strict network blockhash temporarily...
[INFO] 2026-03-20T12:03:05.431Z - ⚡ Funneling Swap Instructions into Native Compiler...
[INFO] 2026-03-20T12:03:05.521Z - --- TRANSACTION PAYLOAD STRUCTURE (5 Instructions) ---
[INFO] 2026-03-20T12:03:05.521Z - [IX 0] Program: ATokenGPvbdGVxr1b2hvZbsiqW5xWH25efTNsLJA8knL
[INFO] 2026-03-20T12:03:05.522Z - [IX 1] Program: 11111111111111111111111111111111
[INFO] 2026-03-20T12:03:05.522Z - [IX 2] Program: TokenkegQfeZyiNwAJbNbGKPFXCWuBvf9Ss623VQ5DA
[INFO] 2026-03-20T12:03:05.523Z - [IX 3] Program: JUP6LkbZbjS1jKKwapdHNy74zcZ3tLUZoi5QNyVTaV4
[INFO] 2026-03-20T12:03:05.524Z - [IX 4] Program: TokenkegQfeZyiNwAJbNbGKPFXCWuBvf9Ss623VQ5DA
[INFO] 2026-03-20T12:03:05.524Z - -----------------------------------------------------
[INFO] 2026-03-20T12:03:05.525Z - 🔥 Attached Strict Baseline Gas Priority: 250000 microLamports (Bypassing Priority Auctions!)
[INFO] 2026-03-20T12:03:05.886Z - 💰 Appended DYNAMIC Jito Tip Execution successfully: 0.0001 SOL to ADuUkR...
[INFO] 2026-03-20T12:03:05.893Z - 🚀 Dispatching into BloXroute, Jito, and Chainstack Racing Pipeline!
[INFO] 2026-03-20T12:03:05.893Z - Executing MEV Bundle securely via High-Speed Chainstack Node + BloXroute + Jito for ultimate throughput...
[INFO] 2026-03-20T12:03:05.898Z - [COMPILATION] Synced local Blockhash/ALT states sequentially mapping atomic instructions in 1.4ms!
[INFO] 2026-03-20T12:03:05.898Z - Transmitting MEV traces recursively scaling alongside direct Helius RPC bypasses...
[INFO] 2026-03-20T12:03:06.014Z - [HELIUS] Physical RPC Transmit Hash: 67hiBy7QgXarNxVecbghAto6jAMY2dzaCrXLoAniUu7KMN4mDgpiQF2iuqFmBcvmSfsvQzB65CFgRNnopjPuYSWK
[INFO] 2026-03-20T12:03:06.014Z - ✅ PHYSICAL EXECUTION SUCCESS!
[INFO] 2026-03-20T12:03:06.014Z - 🔗 Explorer: https://solscan.io/tx/67hiBy7QgXarNxVecbghAto6jAMY2dzaCrXLoAniUu7KMN4mDgpiQF2iuqFmBcvmSfsvQzB65CFgRNnopjPuYSWK
