[dotenv@17.3.1] injecting env (19) from .env -- tip: 🔐 encrypt with Dotenvx: https://dotenvx.com
🚀 Starting Jupiter Ultra Arbitrage Bot...
✅ Wallet loaded: DnQhJawMXW7ZWA19XbzrV1q3KWZvMnpfyrxe4f74FHVj

🔄 Bot running. Scanning every 5 seconds...
💰 Min profit threshold: 0.001 SOL
📊 Trade size: 10% of balance (max 1.0 SOL)
🛡️ MEV Protection: ShadowLane (34x stronger) 
⚡ Latency: 50-400ms target 


📊 Scanning: 0.0577 SOL → USDC...
   No profit: 0.0577 SOL → 0.0052 USDC (gross: -0.052517 SOL)
.
📊 Scanning: 0.0577 SOL → USDT...
   No profit: 0.0577 SOL → 0.0052 USDT (gross: -0.052517 SOL)
.
📊 Scanning: 0.0577 SOL → mSOL...
   No profit: 0.0577 SOL → 0.0422 mSOL (gross: -0.015431 SOL)
.
📊 Scanning: 0.0577 SOL → BONK...

🎯 PROFITABLE OPPORTUNITY FOUND!
   Input:  0.057678 SOL
   Output: 85.875027 BONK
   Gross:  85.817349 SOL
   Net:    85.817349 SOL
   Route:  3 hop(s)

🚀 EXECUTING TRADE #1...
📦 Building Ultra swap transaction...

❌ Error in main loop: Response returned an error code
API Response Details: {"error":"Failed to deserialize the JSON body into the target type: data did not match any variant of untagged enum PrioritizationFeeLamports at line 1 column 1269"}
ResponseError: Response returned an error code
    at SwapApi.<anonymous> (C:\pcprotocol\optimized-jupiter-bot\node_modules\@jup-ag\api\dist\index.js:288:13)
    at Generator.next (<anonymous>)
    at fulfilled (C:\pcprotocol\optimized-jupiter-bot\node_modules\@jup-ag\api\dist\index.js:40:24)
    at process.processTicksAndRejections (node:internal/process/task_queues:104:5)

📊 Scanning: 0.0577 SOL → USDC...
   No profit: 0.0577 SOL → 0.0052 USDC (gross: -0.052517 SOL)
.
📊 Scanning: 0.0577 SOL → USDT...
   No profit: 0.0577 SOL → 0.0052 USDT (gross: -0.052517 SOL)
.
📊 Scanning: 0.0577 SOL → mSOL...
   No profit: 0.0577 SOL → 0.0422 mSOL (gross: -0.015431 SOL)
.
📊 Scanning: 0.0577 SOL → BONK...

🎯 PROFITABLE OPPORTUNITY FOUND!
   Input:  0.057678 SOL
   Output: 85.864998 BONK
   Gross:  85.807320 SOL
   Net:    85.807320 SOL
   Route:  2 hop(s)

🚀 EXECUTING TRADE #2...
📦 Building Ultra swap transaction...

❌ Error in main loop: Response returned an error code
API Response Details: {"error":"Failed to deserialize the JSON body into the target type: data did not match any variant of untagged enum PrioritizationFeeLamports at line 1 column 1030"}
ResponseError: Response returned an error code
    at SwapApi.<anonymous> (C:\pcprotocol\optimized-jupiter-bot\node_modules\@jup-ag\api\dist\index.js:288:13)
    at Generator.next (<anonymous>)
    at fulfilled (C:\pcprotocol\optimized-jupiter-bot\node_modules\@jup-ag\api\dist\index.js:40:24)
    at process.processTicksAndRejections (node:internal/process/task_queues:104:5)

📊 Scanning: 0.0577 SOL → USDC...
⏳ Rate limited, retrying in 1000ms...
⏳ Rate limited, retrying in 2000ms...
⏳ Rate limited, retrying in 4000ms...

❌ Error in main loop: Max retries exceeded
Error: Max retries exceeded
    at withRetry (C:\pcprotocol\optimized-jupiter-bot\scripts\run_1min.js:57:9)
    at runNextTicks (node:internal/process/task_queues:65:5)
    at process.processTimers (node:internal/timers:538:9)
    at async findOpportunity (C:\pcprotocol\optimized-jupiter-bot\scripts\run_1min.js:163:17)
    at async main (C:\pcprotocol\optimized-jupiter-bot\scripts\run_1min.js:221:31)

📊 Scanning: 0.0577 SOL → USDC...
⏳ Rate limited, retrying in 1000ms...
⏳ Rate limited, retrying in 2000ms...
⏳ Rate limited, retrying in 4000ms...

❌ Error in main loop: Max retries exceeded
Error: Max retries exceeded
    at withRetry (C:\pcprotocol\optimized-jupiter-bot\scripts\run_1min.js:57:9)
    at async findOpportunity (C:\pcprotocol\optimized-jupiter-bot\scripts\run_1min.js:163:17)
    at async main (C:\pcprotocol\optimized-jupiter-bot\scripts\run_1min.js:221:31)

📊 Scanning: 0.0577 SOL → USDC...
⏳ Rate limited, retrying in 1000ms...
⏳ Rate limited, retrying in 2000ms...
⏳ Rate limited, retrying in 4000ms...

❌ Error in main loop: Max retries exceeded
Error: Max retries exceeded
    at withRetry (C:\pcprotocol\optimized-jupiter-bot\scripts\run_1min.js:57:9)
    at async findOpportunity (C:\pcprotocol\optimized-jupiter-bot\scripts\run_1min.js:163:17)
    at async main (C:\pcprotocol\optimized-jupiter-bot\scripts\run_1min.js:221:31)

📊 Scanning: 0.0577 SOL → USDC...
⏳ Rate limited, retrying in 1000ms...
⏳ Rate limited, retrying in 2000ms...
⏳ Rate limited, retrying in 4000ms...

❌ Error in main loop: Max retries exceeded
Error: Max retries exceeded
    at withRetry (C:\pcprotocol\optimized-jupiter-bot\scripts\run_1min.js:57:9)
    at async findOpportunity (C:\pcprotocol\optimized-jupiter-bot\scripts\run_1min.js:163:17)
    at async main (C:\pcprotocol\optimized-jupiter-bot\scripts\run_1min.js:221:31)

📊 Scanning: 0.0577 SOL → USDC...
⏳ Rate limited, retrying in 1000ms...
⏳ Rate limited, retrying in 2000ms...
⏳ Rate limited, retrying in 4000ms...

❌ Error in main loop: Max retries exceeded
Error: Max retries exceeded
    at withRetry (C:\pcprotocol\optimized-jupiter-bot\scripts\run_1min.js:57:9)
    at async findOpportunity (C:\pcprotocol\optimized-jupiter-bot\scripts\run_1min.js:163:17)
    at async main (C:\pcprotocol\optimized-jupiter-bot\scripts\run_1min.js:221:31)

📊 Scanning: 0.0577 SOL → USDC...
   No profit: 0.0577 SOL → 0.0052 USDC (gross: -0.052516 SOL)
.
📊 Scanning: 0.0577 SOL → USDT...
   No profit: 0.0577 SOL → 0.0052 USDT (gross: -0.052516 SOL)
.
📊 Scanning: 0.0577 SOL → mSOL...
   No profit: 0.0577 SOL → 0.0422 mSOL (gross: -0.015431 SOL)
.
📊 Scanning: 0.0577 SOL → BONK...

🎯 PROFITABLE OPPORTUNITY FOUND!
   Input:  0.057678 SOL
   Output: 85.894267 BONK
   Gross:  85.836589 SOL
   Net:    85.836589 SOL
   Route:  1 hop(s)

🚀 EXECUTING TRADE #3...
📦 Building Ultra swap transaction...

❌ Error in main loop: Response returned an error code
API Response Details: {"error":"Failed to deserialize the JSON body into the target type: data did not match any variant of untagged enum PrioritizationFeeLamports at line 1 column 739"}
ResponseError: Response returned an error code
    at SwapApi.<anonymous> (C:\pcprotocol\optimized-jupiter-bot\node_modules\@jup-ag\api\dist\index.js:288:13)
    at Generator.next (<anonymous>)
    at fulfilled (C:\pcprotocol\optimized-jupiter-bot\node_modules\@jup-ag\api\dist\index.js:40:24)
    at process.processTicksAndRejections (node:internal/process/task_queues:104:5)

📊 Scanning: 0.0577 SOL → USDC...
   No profit: 0.0577 SOL → 0.0052 USDC (gross: -0.052515 SOL)
.
📊 Scanning: 0.0577 SOL → USDT...
   No profit: 0.0577 SOL → 0.0052 USDT (gross: -0.052515 SOL)
.
📊 Scanning: 0.0577 SOL → mSOL...
   No profit: 0.0577 SOL → 0.0422 mSOL (gross: -0.015431 SOL)
.
📊 Scanning: 0.0577 SOL → BONK...

🎯 PROFITABLE OPPORTUNITY FOUND!
   Input:  0.057678 SOL
   Output: 85.894267 BONK
   Gross:  85.836589 SOL
   Net:    85.836589 SOL
   Route:  1 hop(s)

🚀 EXECUTING TRADE #4...
📦 Building Ultra swap transaction...

❌ Error in main loop: Response returned an error code
API Response Details: {"error":"Failed to deserialize the JSON body into the target type: data did not match any variant of untagged enum PrioritizationFeeLamports at line 1 column 739"}
ResponseError: Response returned an error code
    at SwapApi.<anonymous> (C:\pcprotocol\optimized-jupiter-bot\node_modules\@jup-ag\api\dist\index.js:288:13)
    at Generator.next (<anonymous>)
    at fulfilled (C:\pcprotocol\optimized-jupiter-bot\node_modules\@jup-ag\api\dist\index.js:40:24)
    at process.processTicksAndRejections (node:internal/process/task_queues:104:5)

📊 Scanning: 0.0577 SOL → USDC...
⏳ Rate limited, retrying in 1000ms...
⏳ Rate limited, retrying in 2000ms...
⏳ Rate limited, retrying in 4000ms...

❌ Error in main loop: Max retries exceeded
Error: Max retries exceeded
    at withRetry (C:\pcprotocol\optimized-jupiter-bot\scripts\run_1min.js:57:9)
    at async findOpportunity (C:\pcprotocol\optimized-jupiter-bot\scripts\run_1min.js:163:17)
    at async main (C:\pcprotocol\optimized-jupiter-bot\scripts\run_1min.js:221:31)

📊 Scanning: 0.0577 SOL → USDC...
⏳ Rate limited, retrying in 1000ms...
⏳ Rate limited, retrying in 2000ms...
⏳ Rate limited, retrying in 4000ms...

❌ Error in main loop: Max retries exceeded
Error: Max retries exceeded
    at withRetry (C:\pcprotocol\optimized-jupiter-bot\scripts\run_1min.js:57:9)
    at async findOpportunity (C:\pcprotocol\optimized-jupiter-bot\scripts\run_1min.js:163:17)
    at async main (C:\pcprotocol\optimized-jupiter-bot\scripts\run_1min.js:221:31)

📊 Scanning: 0.0577 SOL → USDC...
⏳ Rate limited, retrying in 1000ms...
⏳ Rate limited, retrying in 2000ms...
⏳ Rate limited, retrying in 4000ms...

❌ Error in main loop: Max retries exceeded
Error: Max retries exceeded
    at withRetry (C:\pcprotocol\optimized-jupiter-bot\scripts\run_1min.js:57:9)
    at async findOpportunity (C:\pcprotocol\optimized-jupiter-bot\scripts\run_1min.js:163:17)
    at async main (C:\pcprotocol\optimized-jupiter-bot\scripts\run_1min.js:221:31)

📊 Scanning: 0.0577 SOL → USDC...
⏳ Rate limited, retrying in 1000ms...
⏳ Rate limited, retrying in 2000ms...
⏳ Rate limited, retrying in 4000ms...

❌ Error in main loop: Max retries exceeded
Error: Max retries exceeded
    at withRetry (C:\pcprotocol\optimized-jupiter-bot\scripts\run_1min.js:57:9)
    at async findOpportunity (C:\pcprotocol\optimized-jupiter-bot\scripts\run_1min.js:163:17)
    at async main (C:\pcprotocol\optimized-jupiter-bot\scripts\run_1min.js:221:31)

📊 Scanning: 0.0577 SOL → USDC...
⏳ Rate limited, retrying in 1000ms...
⏳ Rate limited, retrying in 2000ms...
⏳ Rate limited, retrying in 4000ms...

❌ Error in main loop: Max retries exceeded
Error: Max retries exceeded
    at withRetry (C:\pcprotocol\optimized-jupiter-bot\scripts\run_1min.js:57:9)
    at runNextTicks (node:internal/process/task_queues:65:5)
    at process.processTimers (node:internal/timers:538:9)
    at async findOpportunity (C:\pcprotocol\optimized-jupiter-bot\scripts\run_1min.js:163:17)
    at async main (C:\pcprotocol\optimized-jupiter-bot\scripts\run_1min.js:221:31)

📊 Scanning: 0.0577 SOL → USDC...
⏳ Rate limited, retrying in 1000ms...
⏳ Rate limited, retrying in 2000ms...
⏳ Rate limited, retrying in 4000ms...

❌ Error in main loop: Max retries exceeded
Error: Max retries exceeded
    at withRetry (C:\pcprotocol\optimized-jupiter-bot\scripts\run_1min.js:57:9)
    at async findOpportunity (C:\pcprotocol\optimized-jupiter-bot\scripts\run_1min.js:163:17)
    at async main (C:\pcprotocol\optimized-jupiter-bot\scripts\run_1min.js:221:31)

📊 Scanning: 0.0577 SOL → USDC...
⏳ Rate limited, retrying in 1000ms...
⏳ Rate limited, retrying in 2000ms...
⏳ Rate limited, retrying in 4000ms...

❌ Error in main loop: Max retries exceeded
Error: Max retries exceeded
    at withRetry (C:\pcprotocol\optimized-jupiter-bot\scripts\run_1min.js:57:9)
    at async findOpportunity (C:\pcprotocol\optimized-jupiter-bot\scripts\run_1min.js:163:17)
    at async main (C:\pcprotocol\optimized-jupiter-bot\scripts\run_1min.js:221:31)

📊 Scanning: 0.0577 SOL → USDC...
⏳ Rate limited, retrying in 1000ms...
⏳ Rate limited, retrying in 2000ms...
⏳ Rate limited, retrying in 4000ms...

❌ Error in main loop: Max retries exceeded
Error: Max retries exceeded
    at withRetry (C:\pcprotocol\optimized-jupiter-bot\scripts\run_1min.js:57:9)
    at async findOpportunity (C:\pcprotocol\optimized-jupiter-bot\scripts\run_1min.js:163:17)
    at async main (C:\pcprotocol\optimized-jupiter-bot\scripts\run_1min.js:221:31)

📊 Scanning: 0.0577 SOL → USDC...
⏳ Rate limited, retrying in 1000ms...
⏳ Rate limited, retrying in 2000ms...
⏳ Rate limited, retrying in 4000ms...

❌ Error in main loop: Max retries exceeded
Error: Max retries exceeded
    at withRetry (C:\pcprotocol\optimized-jupiter-bot\scripts\run_1min.js:57:9)
    at async findOpportunity (C:\pcprotocol\optimized-jupiter-bot\scripts\run_1min.js:163:17)
    at async main (C:\pcprotocol\optimized-jupiter-bot\scripts\run_1min.js:221:31)

📊 Scanning: 0.0577 SOL → USDC...
⏳ Rate limited, retrying in 1000ms...
⏳ Rate limited, retrying in 2000ms...
⏳ Rate limited, retrying in 4000ms...

❌ Error in main loop: Max retries exceeded
Error: Max retries exceeded
    at withRetry (C:\pcprotocol\optimized-jupiter-bot\scripts\run_1min.js:57:9)
    at async findOpportunity (C:\pcprotocol\optimized-jupiter-bot\scripts\run_1min.js:163:17)
    at async main (C:\pcprotocol\optimized-jupiter-bot\scripts\run_1min.js:221:31)
^C