[dotenv@17.3.1] injecting env (16) from .env -- tip: ⚙️  enable debug logging with { debug: true }
[INFO] 2026-03-20T11:45:15.136Z - 🚨 [LIVE FORCE TEST] Triggering physical local verification node...
[INFO] 2026-03-20T11:45:15.137Z - [COMPILATION] Constructing payload for Force-Test-Hop with tip: 0.001 SOL
DEBUG PUBKEY ERROR on IX: {
  programId: 'JUP6LkbZbjS1jKKwapdH67yXQG3B9F2R3J5A2e8P4rPQ',
  accounts: [
    {
      pubkey: '11111111111111111111111111111111',
      isSigner: false,
      isWritable: false
    }
  ],
  data: 'Aw=='
}
[ERROR] 2026-03-20T11:45:15.351Z - Failed to build versioned transaction: Error: Invalid public key input
    at new PublicKey (C:\pcprotocol\optimized-jupiter-bot\node_modules\@solana\web3.js\src\publickey.ts:65:17)
    at deserializeInstruction (C:\pcprotocol\optimized-jupiter-bot\src\execution\transaction.ts:25:24)
    at buildVersionedTransaction (C:\pcprotocol\optimized-jupiter-bot\src\execution\transaction.ts:54:23)
    at processTicksAndRejections (node:internal/process/task_queues:104:5)
    at async forceExecuteArbitrage (C:\pcprotocol\optimized-jupiter-bot\scripts\force_live_test.ts:26:29)
[DEBUG ERROR] Error: Invalid public key input
    at new PublicKey (C:\pcprotocol\optimized-jupiter-bot\node_modules\@solana\web3.js\src\publickey.ts:65:17)
    at deserializeInstruction (C:\pcprotocol\optimized-jupiter-bot\src\execution\transaction.ts:25:24)
    at buildVersionedTransaction (C:\pcprotocol\optimized-jupiter-bot\src\execution\transaction.ts:54:23)
    at processTicksAndRejections (node:internal/process/task_queues:104:5)
    at async forceExecuteArbitrage (C:\pcprotocol\optimized-jupiter-bot\scripts\force_live_test.ts:26:29)
[INFO] 2026-03-20T11:45:15.369Z - ✅ Live Force Test Suite Execution Completed!
