[dotenv@17.3.1] injecting env (19) from .env -- tip: ⚙️  specify custom .env file path with { path: '/custom/path/.env' }
🚀 Starting Jupiter Ultra Arbitrage Bot...
✅ Wallet loaded: DnQhJawMXW7ZWA19XbzrV1q3KWZvMnpfyrxe4f74FHVj

🔄 Bot running. Scanning every 5 seconds...
💰 Min profit threshold: 0.001 SOL
📊 Trade size: 10% of balance (max 1.0 SOL)
🛡️ MEV Protection: ShadowLane (34x stronger) 
⚡ Latency: 50-400ms target 


📊 Scanning: 0.0577 SOL → USDC...
   No profit: 0.0577 SOL → 0.0051 USDC (gross: -0.052529 SOL)
.
📊 Scanning: 0.0577 SOL → USDC...
   No profit: 0.0577 SOL → 0.0051 USDC (gross: -0.052529 SOL)
.
📊 Scanning: 0.0577 SOL → USDC...
   No profit: 0.0577 SOL → 0.0052 USDC (gross: -0.052526 SOL)
.
📊 Scanning: 0.0577 SOL → USDC...
   No profit: 0.0577 SOL → 0.0052 USDC (gross: -0.052526 SOL)
.
📊 Scanning: 0.0577 SOL → USDC...
   No profit: 0.0577 SOL → 0.0052 USDC (gross: -0.052526 SOL)
.
📊 Scanning: 0.0577 SOL → USDC...
   No profit: 0.0577 SOL → 0.0052 USDC (gross: -0.052526 SOL)
.
📊 Scanning: 0.0577 SOL → USDC...
   No profit: 0.0577 SOL → 0.0052 USDC (gross: -0.052525 SOL)
.
📊 Scanning: 0.0577 SOL → USDC...
   No profit: 0.0577 SOL → 0.0052 USDC (gross: -0.052525 SOL)
.
📊 Scanning: 0.0577 SOL → USDC...
   No profit: 0.0577 SOL → 0.0052 USDC (gross: -0.052525 SOL)
.
📊 Scanning: 0.0577 SOL → USDC...
   No profit: 0.0577 SOL → 0.0052 USDC (gross: -0.052525 SOL)
.
📊 Scanning: 0.0577 SOL → USDC...
   No profit: 0.0577 SOL → 0.0052 USDC (gross: -0.052525 SOL)
.
📊 Scanning: 0.0577 SOL → USDC...
   No profit: 0.0577 SOL → 0.0052 USDC (gross: -0.052525 SOL)
.
📊 Scanning: 0.0577 SOL → USDC...
   No profit: 0.0577 SOL → 0.0052 USDC (gross: -0.052525 SOL)
.
📊 Scanning: 0.0577 SOL → USDC...
   No profit: 0.0577 SOL → 0.0052 USDC (gross: -0.052526 SOL)
.
📊 Scanning: 0.0577 SOL → USDC...
   No profit: 0.0577 SOL → 0.0052 USDC (gross: -0.052524 SOL)
.
📊 Scanning: 0.0577 SOL → USDC...
   No profit: 0.0577 SOL → 0.0052 USDC (gross: -0.052524 SOL)
.
📊 Scanning: 0.0577 SOL → USDC...
   No profit: 0.0577 SOL → 0.0052 USDC (gross: -0.052523 SOL)
.
📊 Scanning: 0.0577 SOL → USDC...
   No profit: 0.0577 SOL → 0.0052 USDC (gross: -0.052524 SOL)
.
📊 Scanning: 0.0577 SOL → USDC...
   No profit: 0.0577 SOL → 0.0052 USDC (gross: -0.052523 SOL)
.
📊 Scanning: 0.0577 SOL → USDC...
   No profit: 0.0577 SOL → 0.0052 USDC (gross: -0.052523 SOL)
.
📊 Scanning: 0.0577 SOL → USDC...
   No profit: 0.0577 SOL → 0.0052 USDC (gross: -0.052523 SOL)
.
📊 Scanning: 0.0577 SOL → USDC...
   No profit: 0.0577 SOL → 0.0052 USDC (gross: -0.052519 SOL)
.
📊 Scanning: 0.0577 SOL → USDC...
   No profit: 0.0577 SOL → 0.0052 USDC (gross: -0.052518 SOL)
.
📊 Scanning: 0.0577 SOL → USDC...
   No profit: 0.0577 SOL → 0.0052 USDC (gross: -0.052519 SOL)
.
📊 Scanning: 0.0577 SOL → USDC...
   No profit: 0.0577 SOL → 0.0052 USDC (gross: -0.052517 SOL)
.
📊 Scanning: 0.0577 SOL → USDC...
   No profit: 0.0577 SOL → 0.0052 USDC (gross: -0.052518 SOL)
.
📊 Scanning: 0.0577 SOL → USDC...
   No profit: 0.0577 SOL → 0.0052 USDC (gross: -0.052518 SOL)
.
📊 Scanning: 0.0577 SOL → USDC...
   No profit: 0.0577 SOL → 0.0052 USDC (gross: -0.052515 SOL)
.
📊 Scanning: 0.0577 SOL → USDC...
   No profit: 0.0577 SOL → 0.0052 USDC (gross: -0.052516 SOL)
.^C