[dotenv@17.3.1] injecting env (19) from .env -- tip: 🛠️  run anywhere with `dotenvx run -- yourcommand`
🚀 Starting Jupiter Ultra Arbitrage Bot...
✅ Wallet loaded: DnQhJawMXW7ZWA19XbzrV1q3KWZvMnpfyrxe4f74FHVj

🔄 Bot running. Scanning every 5 seconds...
💰 Min profit threshold: 0.001 SOL
📊 Trade size: 10% of balance (max 1.0 SOL)
🛡️ MEV Protection: ShadowLane (34x stronger) 
⚡ Latency: 50-400ms target 


📊 Scanning: 0.0577 SOL → USDC...
   No profit: 0.0577 SOL → 0.0052 USDC (gross: -0.052521 SOL)
.
📊 Scanning: 0.0577 SOL → USDT...
   No profit: 0.0577 SOL → 0.0052 USDT (gross: -0.052520 SOL)
.
📊 Scanning: 0.0577 SOL → mSOL...
   No profit: 0.0577 SOL → 0.0422 mSOL (gross: -0.015431 SOL)
.
📊 Scanning: 0.0577 SOL → BONK...

🎯 PROFITABLE OPPORTUNITY FOUND!
   Input:  0.057678 SOL
   Output: 85.841117 BONK
   Gross:  85.783439 SOL
   Net:    85.783439 SOL
   Route:  1 hop(s)

🚀 EXECUTING TRADE #1...
📦 Building Ultra swap transaction...

❌ Error in main loop: Response returned an error code
ResponseError: Response returned an error code
    at SwapApi.<anonymous> (C:\pcprotocol\optimized-jupiter-bot\node_modules\@jup-ag\api\dist\index.js:288:13)
    at Generator.next (<anonymous>)
    at fulfilled (C:\pcprotocol\optimized-jupiter-bot\node_modules\@jup-ag\api\dist\index.js:40:24)
    at process.processTicksAndRejections (node:internal/process/task_queues:104:5)

📊 Scanning: 0.0577 SOL → USDC...
   No profit: 0.0577 SOL → 0.0052 USDC (gross: -0.052520 SOL)
.
📊 Scanning: 0.0577 SOL → USDT...
   No profit: 0.0577 SOL → 0.0052 USDT (gross: -0.052520 SOL)
.
📊 Scanning: 0.0577 SOL → mSOL...
   No profit: 0.0577 SOL → 0.0422 mSOL (gross: -0.015431 SOL)
.
📊 Scanning: 0.0577 SOL → BONK...

🎯 PROFITABLE OPPORTUNITY FOUND!
   Input:  0.057678 SOL
   Output: 85.841117 BONK
   Gross:  85.783439 SOL
   Net:    85.783439 SOL
   Route:  1 hop(s)

🚀 EXECUTING TRADE #2...
📦 Building Ultra swap transaction...

❌ Error in main loop: Response returned an error code
ResponseError: Response returned an error code
    at SwapApi.<anonymous> (C:\pcprotocol\optimized-jupiter-bot\node_modules\@jup-ag\api\dist\index.js:288:13)
    at Generator.next (<anonymous>)
    at fulfilled (C:\pcprotocol\optimized-jupiter-bot\node_modules\@jup-ag\api\dist\index.js:40:24)
    at process.processTicksAndRejections (node:internal/process/task_queues:104:5)

📊 Scanning: 0.0577 SOL → USDC...
   No profit: 0.0577 SOL → 0.0052 USDC (gross: -0.052521 SOL)
.
📊 Scanning: 0.0577 SOL → USDT...
   No profit: 0.0577 SOL → 0.0052 USDT (gross: -0.052520 SOL)
.
📊 Scanning: 0.0577 SOL → mSOL...
   No profit: 0.0577 SOL → 0.0422 mSOL (gross: -0.015431 SOL)
.
📊 Scanning: 0.0577 SOL → BONK...

🎯 PROFITABLE OPPORTUNITY FOUND!
   Input:  0.057678 SOL
   Output: 85.841117 BONK
   Gross:  85.783439 SOL
   Net:    85.783439 SOL
   Route:  1 hop(s)

🚀 EXECUTING TRADE #3...
📦 Building Ultra swap transaction...

❌ Error in main loop: Response returned an error code
ResponseError: Response returned an error code
    at SwapApi.<anonymous> (C:\pcprotocol\optimized-jupiter-bot\node_modules\@jup-ag\api\dist\index.js:288:13)
    at Generator.next (<anonymous>)
    at fulfilled (C:\pcprotocol\optimized-jupiter-bot\node_modules\@jup-ag\api\dist\index.js:40:24)
    at process.processTicksAndRejections (node:internal/process/task_queues:104:5)

📊 Scanning: 0.0577 SOL → USDC...
   No profit: 0.0577 SOL → 0.0052 USDC (gross: -0.052521 SOL)
.
📊 Scanning: 0.0577 SOL → USDT...
   No profit: 0.0577 SOL → 0.0052 USDT (gross: -0.052520 SOL)
.
📊 Scanning: 0.0577 SOL → mSOL...
   No profit: 0.0577 SOL → 0.0422 mSOL (gross: -0.015431 SOL)
.
📊 Scanning: 0.0577 SOL → BONK...

🎯 PROFITABLE OPPORTUNITY FOUND!
   Input:  0.057678 SOL
   Output: 85.841117 BONK
   Gross:  85.783439 SOL
   Net:    85.783439 SOL
   Route:  1 hop(s)

🚀 EXECUTING TRADE #4...
📦 Building Ultra swap transaction...

❌ Error in main loop: Response returned an error code
ResponseError: Response returned an error code
    at SwapApi.<anonymous> (C:\pcprotocol\optimized-jupiter-bot\node_modules\@jup-ag\api\dist\index.js:288:13)
    at Generator.next (<anonymous>)
    at fulfilled (C:\pcprotocol\optimized-jupiter-bot\node_modules\@jup-ag\api\dist\index.js:40:24)
    at process.processTicksAndRejections (node:internal/process/task_queues:104:5)

📊 Scanning: 0.0577 SOL → USDC...
   No profit: 0.0577 SOL → 0.0052 USDC (gross: -0.052522 SOL)
.
📊 Scanning: 0.0577 SOL → USDT...
   No profit: 0.0577 SOL → 0.0052 USDT (gross: -0.052522 SOL)
.
📊 Scanning: 0.0577 SOL → mSOL...
   No profit: 0.0577 SOL → 0.0422 mSOL (gross: -0.015431 SOL)
.
📊 Scanning: 0.0577 SOL → BONK...

🎯 PROFITABLE OPPORTUNITY FOUND!
   Input:  0.057678 SOL
   Output: 85.841117 BONK
   Gross:  85.783439 SOL
   Net:    85.783439 SOL
   Route:  1 hop(s)

🚀 EXECUTING TRADE #5...
📦 Building Ultra swap transaction...

❌ Error in main loop: Response returned an error code
ResponseError: Response returned an error code
    at SwapApi.<anonymous> (C:\pcprotocol\optimized-jupiter-bot\node_modules\@jup-ag\api\dist\index.js:288:13)
    at Generator.next (<anonymous>)
    at fulfilled (C:\pcprotocol\optimized-jupiter-bot\node_modules\@jup-ag\api\dist\index.js:40:24)
    at process.processTicksAndRejections (node:internal/process/task_queues:104:5)

📊 Scanning: 0.0577 SOL → USDC...
   No profit: 0.0577 SOL → 0.0052 USDC (gross: -0.052523 SOL)
.
📊 Scanning: 0.0577 SOL → USDT...
   No profit: 0.0577 SOL → 0.0052 USDT (gross: -0.052523 SOL)
.
📊 Scanning: 0.0577 SOL → mSOL...
   No profit: 0.0577 SOL → 0.0422 mSOL (gross: -0.015431 SOL)
.
📊 Scanning: 0.0577 SOL → BONK...

🎯 PROFITABLE OPPORTUNITY FOUND!
   Input:  0.057678 SOL
   Output: 85.841117 BONK
   Gross:  85.783439 SOL
   Net:    85.783439 SOL
   Route:  1 hop(s)

🚀 EXECUTING TRADE #6...
📦 Building Ultra swap transaction...

❌ Error in main loop: Response returned an error code
ResponseError: Response returned an error code
    at SwapApi.<anonymous> (C:\pcprotocol\optimized-jupiter-bot\node_modules\@jup-ag\api\dist\index.js:288:13)
    at Generator.next (<anonymous>)
    at fulfilled (C:\pcprotocol\optimized-jupiter-bot\node_modules\@jup-ag\api\dist\index.js:40:24)
    at process.processTicksAndRejections (node:internal/process/task_queues:104:5)

📊 Scanning: 0.0577 SOL → USDC...
   No profit: 0.0577 SOL → 0.0052 USDC (gross: -0.052523 SOL)
.
📊 Scanning: 0.0577 SOL → USDT...
   No profit: 0.0577 SOL → 0.0052 USDT (gross: -0.052522 SOL)
.
📊 Scanning: 0.0577 SOL → mSOL...
   No profit: 0.0577 SOL → 0.0422 mSOL (gross: -0.015431 SOL)
.
📊 Scanning: 0.0577 SOL → BONK...

🎯 PROFITABLE OPPORTUNITY FOUND!
   Input:  0.057678 SOL
   Output: 85.841117 BONK
   Gross:  85.783439 SOL
   Net:    85.783439 SOL
   Route:  1 hop(s)

🚀 EXECUTING TRADE #7...
📦 Building Ultra swap transaction...

❌ Error in main loop: Response returned an error code
ResponseError: Response returned an error code
    at SwapApi.<anonymous> (C:\pcprotocol\optimized-jupiter-bot\node_modules\@jup-ag\api\dist\index.js:288:13)
    at Generator.next (<anonymous>)
    at fulfilled (C:\pcprotocol\optimized-jupiter-bot\node_modules\@jup-ag\api\dist\index.js:40:24)
    at process.processTicksAndRejections (node:internal/process/task_queues:104:5)

📊 Scanning: 0.0577 SOL → USDC...
   No profit: 0.0577 SOL → 0.0052 USDC (gross: -0.052522 SOL)
.
📊 Scanning: 0.0577 SOL → USDT...
   No profit: 0.0577 SOL → 0.0052 USDT (gross: -0.052521 SOL)
.
📊 Scanning: 0.0577 SOL → mSOL...
   No profit: 0.0577 SOL → 0.0422 mSOL (gross: -0.015431 SOL)
.
📊 Scanning: 0.0577 SOL → BONK...

🎯 PROFITABLE OPPORTUNITY FOUND!
   Input:  0.057678 SOL
   Output: 85.841117 BONK
   Gross:  85.783439 SOL
   Net:    85.783439 SOL
   Route:  1 hop(s)

🚀 EXECUTING TRADE #8...
📦 Building Ultra swap transaction...

❌ Error in main loop: Response returned an error code
ResponseError: Response returned an error code
    at SwapApi.<anonymous> (C:\pcprotocol\optimized-jupiter-bot\node_modules\@jup-ag\api\dist\index.js:288:13)
    at Generator.next (<anonymous>)
    at fulfilled (C:\pcprotocol\optimized-jupiter-bot\node_modules\@jup-ag\api\dist\index.js:40:24)
    at process.processTicksAndRejections (node:internal/process/task_queues:104:5)

📊 Scanning: 0.0577 SOL → USDC...
   No profit: 0.0577 SOL → 0.0052 USDC (gross: -0.052522 SOL)
.
📊 Scanning: 0.0577 SOL → USDT...
   No profit: 0.0577 SOL → 0.0052 USDT (gross: -0.052522 SOL)
.
📊 Scanning: 0.0577 SOL → mSOL...
   No profit: 0.0577 SOL → 0.0422 mSOL (gross: -0.015431 SOL)
.
📊 Scanning: 0.0577 SOL → BONK...

🎯 PROFITABLE OPPORTUNITY FOUND!
   Input:  0.057678 SOL
   Output: 85.841117 BONK
   Gross:  85.783439 SOL
   Net:    85.783439 SOL
   Route:  1 hop(s)

🚀 EXECUTING TRADE #9...
📦 Building Ultra swap transaction...

❌ Error in main loop: Response returned an error code
ResponseError: Response returned an error code
    at SwapApi.<anonymous> (C:\pcprotocol\optimized-jupiter-bot\node_modules\@jup-ag\api\dist\index.js:288:13)
    at Generator.next (<anonymous>)
    at fulfilled (C:\pcprotocol\optimized-jupiter-bot\node_modules\@jup-ag\api\dist\index.js:40:24)
    at process.processTicksAndRejections (node:internal/process/task_queues:104:5)

📊 Scanning: 0.0577 SOL → USDC...
   No profit: 0.0577 SOL → 0.0052 USDC (gross: -0.052521 SOL)
.
📊 Scanning: 0.0577 SOL → USDT...
   No profit: 0.0577 SOL → 0.0052 USDT (gross: -0.052521 SOL)
.
📊 Scanning: 0.0577 SOL → mSOL...
   No profit: 0.0577 SOL → 0.0422 mSOL (gross: -0.015431 SOL)
.
📊 Scanning: 0.0577 SOL → BONK...

🎯 PROFITABLE OPPORTUNITY FOUND!
   Input:  0.057678 SOL
   Output: 85.841117 BONK
   Gross:  85.783439 SOL
   Net:    85.783439 SOL
   Route:  1 hop(s)

🚀 EXECUTING TRADE #10...
📦 Building Ultra swap transaction...

❌ Error in main loop: Response returned an error code
ResponseError: Response returned an error code
    at SwapApi.<anonymous> (C:\pcprotocol\optimized-jupiter-bot\node_modules\@jup-ag\api\dist\index.js:288:13)
    at Generator.next (<anonymous>)
    at fulfilled (C:\pcprotocol\optimized-jupiter-bot\node_modules\@jup-ag\api\dist\index.js:40:24)
    at process.processTicksAndRejections (node:internal/process/task_queues:104:5)

📊 Scanning: 0.0577 SOL → USDC...
   No profit: 0.0577 SOL → 0.0052 USDC (gross: -0.052520 SOL)
.
📊 Scanning: 0.0577 SOL → USDT...
   No profit: 0.0577 SOL → 0.0052 USDT (gross: -0.052520 SOL)
.
📊 Scanning: 0.0577 SOL → mSOL...
   No profit: 0.0577 SOL → 0.0422 mSOL (gross: -0.015431 SOL)
.
📊 Scanning: 0.0577 SOL → BONK...

🎯 PROFITABLE OPPORTUNITY FOUND!
   Input:  0.057678 SOL
   Output: 85.841117 BONK
   Gross:  85.783439 SOL
   Net:    85.783439 SOL
   Route:  1 hop(s)

🚀 EXECUTING TRADE #11...
📦 Building Ultra swap transaction...

❌ Error in main loop: Response returned an error code
ResponseError: Response returned an error code
    at SwapApi.<anonymous> (C:\pcprotocol\optimized-jupiter-bot\node_modules\@jup-ag\api\dist\index.js:288:13)
    at Generator.next (<anonymous>)
    at fulfilled (C:\pcprotocol\optimized-jupiter-bot\node_modules\@jup-ag\api\dist\index.js:40:24)
    at process.processTicksAndRejections (node:internal/process/task_queues:104:5)

📊 Scanning: 0.0577 SOL → USDC...
   No profit: 0.0577 SOL → 0.0052 USDC (gross: -0.052520 SOL)
.
📊 Scanning: 0.0577 SOL → USDT...
   No profit: 0.0577 SOL → 0.0052 USDT (gross: -0.052520 SOL)
.
📊 Scanning: 0.0577 SOL → mSOL...
   No profit: 0.0577 SOL → 0.0422 mSOL (gross: -0.015431 SOL)
.
📊 Scanning: 0.0577 SOL → BONK...

🎯 PROFITABLE OPPORTUNITY FOUND!
   Input:  0.057678 SOL
   Output: 85.841125 BONK
   Gross:  85.783448 SOL
   Net:    85.783448 SOL
   Route:  1 hop(s)

🚀 EXECUTING TRADE #12...
📦 Building Ultra swap transaction...

❌ Error in main loop: Response returned an error code
ResponseError: Response returned an error code
    at SwapApi.<anonymous> (C:\pcprotocol\optimized-jupiter-bot\node_modules\@jup-ag\api\dist\index.js:288:13)
    at Generator.next (<anonymous>)
    at fulfilled (C:\pcprotocol\optimized-jupiter-bot\node_modules\@jup-ag\api\dist\index.js:40:24)
    at process.processTicksAndRejections (node:internal/process/task_queues:104:5)

📊 Scanning: 0.0577 SOL → USDC...
   No profit: 0.0577 SOL → 0.0052 USDC (gross: -0.052519 SOL)
.
📊 Scanning: 0.0577 SOL → USDT...
   No profit: 0.0577 SOL → 0.0052 USDT (gross: -0.052519 SOL)
.
📊 Scanning: 0.0577 SOL → mSOL...
   No profit: 0.0577 SOL → 0.0422 mSOL (gross: -0.015431 SOL)
.
📊 Scanning: 0.0577 SOL → BONK...

🎯 PROFITABLE OPPORTUNITY FOUND!
   Input:  0.057678 SOL
   Output: 85.841125 BONK
   Gross:  85.783448 SOL
   Net:    85.783448 SOL
   Route:  1 hop(s)

🚀 EXECUTING TRADE #13...
📦 Building Ultra swap transaction...

❌ Error in main loop: Response returned an error code
ResponseError: Response returned an error code
    at SwapApi.<anonymous> (C:\pcprotocol\optimized-jupiter-bot\node_modules\@jup-ag\api\dist\index.js:288:13)
    at Generator.next (<anonymous>)
    at fulfilled (C:\pcprotocol\optimized-jupiter-bot\node_modules\@jup-ag\api\dist\index.js:40:24)
    at process.processTicksAndRejections (node:internal/process/task_queues:104:5)

📊 Scanning: 0.0577 SOL → USDC...
   No profit: 0.0577 SOL → 0.0052 USDC (gross: -0.052520 SOL)
.
📊 Scanning: 0.0577 SOL → USDT...
   No profit: 0.0577 SOL → 0.0052 USDT (gross: -0.052519 SOL)
.
📊 Scanning: 0.0577 SOL → mSOL...
   No profit: 0.0577 SOL → 0.0422 mSOL (gross: -0.015431 SOL)
.
📊 Scanning: 0.0577 SOL → BONK...

🎯 PROFITABLE OPPORTUNITY FOUND!
   Input:  0.057678 SOL
   Output: 85.841125 BONK
   Gross:  85.783448 SOL
   Net:    85.783448 SOL
   Route:  1 hop(s)

🚀 EXECUTING TRADE #14...
📦 Building Ultra swap transaction...

❌ Error in main loop: Response returned an error code
ResponseError: Response returned an error code
    at SwapApi.<anonymous> (C:\pcprotocol\optimized-jupiter-bot\node_modules\@jup-ag\api\dist\index.js:288:13)
    at Generator.next (<anonymous>)
    at fulfilled (C:\pcprotocol\optimized-jupiter-bot\node_modules\@jup-ag\api\dist\index.js:40:24)
    at process.processTicksAndRejections (node:internal/process/task_queues:104:5)

📊 Scanning: 0.0577 SOL → USDC...
   No profit: 0.0577 SOL → 0.0052 USDC (gross: -0.052518 SOL)
.
📊 Scanning: 0.0577 SOL → USDT...
   No profit: 0.0577 SOL → 0.0052 USDT (gross: -0.052518 SOL)
.
📊 Scanning: 0.0577 SOL → mSOL...
   No profit: 0.0577 SOL → 0.0422 mSOL (gross: -0.015430 SOL)
.
📊 Scanning: 0.0577 SOL → BONK...

🎯 PROFITABLE OPPORTUNITY FOUND!
   Input:  0.057678 SOL
   Output: 85.874227 BONK
   Gross:  85.816549 SOL
   Net:    85.816549 SOL
   Route:  2 hop(s)

🚀 EXECUTING TRADE #15...
📦 Building Ultra swap transaction...

❌ Error in main loop: Response returned an error code
ResponseError: Response returned an error code
    at SwapApi.<anonymous> (C:\pcprotocol\optimized-jupiter-bot\node_modules\@jup-ag\api\dist\index.js:288:13)
    at Generator.next (<anonymous>)
    at fulfilled (C:\pcprotocol\optimized-jupiter-bot\node_modules\@jup-ag\api\dist\index.js:40:24)
    at process.processTicksAndRejections (node:internal/process/task_queues:104:5)

📊 Scanning: 0.0577 SOL → USDC...
   No profit: 0.0577 SOL → 0.0052 USDC (gross: -0.052517 SOL)
.
📊 Scanning: 0.0577 SOL → USDT...
   No profit: 0.0577 SOL → 0.0052 USDT (gross: -0.052517 SOL)
.
📊 Scanning: 0.0577 SOL → mSOL...
   No profit: 0.0577 SOL → 0.0422 mSOL (gross: -0.015431 SOL)
.
📊 Scanning: 0.0577 SOL → BONK...

🎯 PROFITABLE OPPORTUNITY FOUND!
   Input:  0.057678 SOL
   Output: 85.874942 BONK
   Gross:  85.817264 SOL
   Net:    85.817264 SOL
   Route:  2 hop(s)

🚀 EXECUTING TRADE #16...
📦 Building Ultra swap transaction...

❌ Error in main loop: Response returned an error code
ResponseError: Response returned an error code
    at SwapApi.<anonymous> (C:\pcprotocol\optimized-jupiter-bot\node_modules\@jup-ag\api\dist\index.js:288:13)
    at Generator.next (<anonymous>)
    at fulfilled (C:\pcprotocol\optimized-jupiter-bot\node_modules\@jup-ag\api\dist\index.js:40:24)
    at process.processTicksAndRejections (node:internal/process/task_queues:104:5)

📊 Scanning: 0.0577 SOL → USDC...
   No profit: 0.0577 SOL → 0.0052 USDC (gross: -0.052517 SOL)
.
📊 Scanning: 0.0577 SOL → USDT...
   No profit: 0.0577 SOL → 0.0052 USDT (gross: -0.052517 SOL)
.
📊 Scanning: 0.0577 SOL → mSOL...
   No profit: 0.0577 SOL → 0.0422 mSOL (gross: -0.015431 SOL)
.
📊 Scanning: 0.0577 SOL → BONK...

🎯 PROFITABLE OPPORTUNITY FOUND!
   Input:  0.057678 SOL
   Output: 85.834022 BONK
   Gross:  85.776344 SOL
   Net:    85.776344 SOL
   Route:  3 hop(s)

🚀 EXECUTING TRADE #17...
📦 Building Ultra swap transaction...

❌ Error in main loop: Response returned an error code
ResponseError: Response returned an error code
    at SwapApi.<anonymous> (C:\pcprotocol\optimized-jupiter-bot\node_modules\@jup-ag\api\dist\index.js:288:13)
    at Generator.next (<anonymous>)
    at fulfilled (C:\pcprotocol\optimized-jupiter-bot\node_modules\@jup-ag\api\dist\index.js:40:24)
    at process.processTicksAndRejections (node:internal/process/task_queues:104:5)

📊 Scanning: 0.0577 SOL → USDC...
   No profit: 0.0577 SOL → 0.0052 USDC (gross: -0.052517 SOL)
.
📊 Scanning: 0.0577 SOL → USDT...
   No profit: 0.0577 SOL → 0.0052 USDT (gross: -0.052517 SOL)
.
📊 Scanning: 0.0577 SOL → mSOL...
   No profit: 0.0577 SOL → 0.0422 mSOL (gross: -0.015431 SOL)
.
📊 Scanning: 0.0577 SOL → BONK...

🎯 PROFITABLE OPPORTUNITY FOUND!
   Input:  0.057678 SOL
   Output: 85.859190 BONK
   Gross:  85.801512 SOL
   Net:    85.801512 SOL
   Route:  3 hop(s)

🚀 EXECUTING TRADE #18...
📦 Building Ultra swap transaction...

❌ Error in main loop: Response returned an error code
ResponseError: Response returned an error code
    at SwapApi.<anonymous> (C:\pcprotocol\optimized-jupiter-bot\node_modules\@jup-ag\api\dist\index.js:288:13)
    at Generator.next (<anonymous>)
    at fulfilled (C:\pcprotocol\optimized-jupiter-bot\node_modules\@jup-ag\api\dist\index.js:40:24)
    at process.processTicksAndRejections (node:internal/process/task_queues:104:5)

📊 Scanning: 0.0577 SOL → USDC...
   No profit: 0.0577 SOL → 0.0052 USDC (gross: -0.052516 SOL)
.
📊 Scanning: 0.0577 SOL → USDT...
   No profit: 0.0577 SOL → 0.0052 USDT (gross: -0.052515 SOL)
.
📊 Scanning: 0.0577 SOL → mSOL...
   No profit: 0.0577 SOL → 0.0423 mSOL (gross: -0.015424 SOL)
.
📊 Scanning: 0.0577 SOL → BONK...

🎯 PROFITABLE OPPORTUNITY FOUND!
   Input:  0.057678 SOL
   Output: 85.873049 BONK
   Gross:  85.815371 SOL
   Net:    85.815371 SOL
   Route:  2 hop(s)

🚀 EXECUTING TRADE #19...
📦 Building Ultra swap transaction...

❌ Error in main loop: Response returned an error code
ResponseError: Response returned an error code
    at SwapApi.<anonymous> (C:\pcprotocol\optimized-jupiter-bot\node_modules\@jup-ag\api\dist\index.js:288:13)
    at Generator.next (<anonymous>)
    at fulfilled (C:\pcprotocol\optimized-jupiter-bot\node_modules\@jup-ag\api\dist\index.js:40:24)
    at process.processTicksAndRejections (node:internal/process/task_queues:104:5)

📊 Scanning: 0.0577 SOL → USDC...
   No profit: 0.0577 SOL → 0.0052 USDC (gross: -0.052516 SOL)
.
📊 Scanning: 0.0577 SOL → USDT...
   No profit: 0.0577 SOL → 0.0052 USDT (gross: -0.052516 SOL)
.
📊 Scanning: 0.0577 SOL → mSOL...
   No profit: 0.0577 SOL → 0.0422 mSOL (gross: -0.015428 SOL)
.
📊 Scanning: 0.0577 SOL → BONK...

🎯 PROFITABLE OPPORTUNITY FOUND!
   Input:  0.057678 SOL
   Output: 85.868257 BONK
   Gross:  85.810579 SOL
   Net:    85.810579 SOL
   Route:  3 hop(s)

🚀 EXECUTING TRADE #20...
📦 Building Ultra swap transaction...

❌ Error in main loop: Response returned an error code
ResponseError: Response returned an error code
    at SwapApi.<anonymous> (C:\pcprotocol\optimized-jupiter-bot\node_modules\@jup-ag\api\dist\index.js:288:13)
    at Generator.next (<anonymous>)
    at fulfilled (C:\pcprotocol\optimized-jupiter-bot\node_modules\@jup-ag\api\dist\index.js:40:24)
    at process.processTicksAndRejections (node:internal/process/task_queues:104:5)

📊 Scanning: 0.0577 SOL → USDC...
   No profit: 0.0577 SOL → 0.0052 USDC (gross: -0.052516 SOL)
.
📊 Scanning: 0.0577 SOL → USDT...
   No profit: 0.0577 SOL → 0.0052 USDT (gross: -0.052516 SOL)
.
📊 Scanning: 0.0577 SOL → mSOL...
   No profit: 0.0577 SOL → 0.0422 mSOL (gross: -0.015431 SOL)
.
📊 Scanning: 0.0577 SOL → BONK...

🎯 PROFITABLE OPPORTUNITY FOUND!
   Input:  0.057678 SOL
   Output: 85.855532 BONK
   Gross:  85.797854 SOL
   Net:    85.797854 SOL
   Route:  1 hop(s)

🚀 EXECUTING TRADE #21...
📦 Building Ultra swap transaction...

❌ Error in main loop: Response returned an error code
ResponseError: Response returned an error code
    at SwapApi.<anonymous> (C:\pcprotocol\optimized-jupiter-bot\node_modules\@jup-ag\api\dist\index.js:288:13)
    at Generator.next (<anonymous>)
    at fulfilled (C:\pcprotocol\optimized-jupiter-bot\node_modules\@jup-ag\api\dist\index.js:40:24)
    at process.processTicksAndRejections (node:internal/process/task_queues:104:5)

📊 Scanning: 0.0577 SOL → USDC...
   No profit: 0.0577 SOL → 0.0052 USDC (gross: -0.052516 SOL)
.
📊 Scanning: 0.0577 SOL → USDT...
   No profit: 0.0577 SOL → 0.0052 USDT (gross: -0.052516 SOL)
.
📊 Scanning: 0.0577 SOL → mSOL...
   No profit: 0.0577 SOL → 0.0422 mSOL (gross: -0.015431 SOL)
.
📊 Scanning: 0.0577 SOL → BONK...

🎯 PROFITABLE OPPORTUNITY FOUND!
   Input:  0.057678 SOL
   Output: 85.879985 BONK
   Gross:  85.822307 SOL
   Net:    85.822307 SOL
   Route:  2 hop(s)

🚀 EXECUTING TRADE #22...
📦 Building Ultra swap transaction...

❌ Error in main loop: Response returned an error code
ResponseError: Response returned an error code
    at SwapApi.<anonymous> (C:\pcprotocol\optimized-jupiter-bot\node_modules\@jup-ag\api\dist\index.js:288:13)
    at Generator.next (<anonymous>)
    at fulfilled (C:\pcprotocol\optimized-jupiter-bot\node_modules\@jup-ag\api\dist\index.js:40:24)
    at process.processTicksAndRejections (node:internal/process/task_queues:104:5)

📊 Scanning: 0.0577 SOL → USDC...
   No profit: 0.0577 SOL → 0.0052 USDC (gross: -0.052517 SOL)
.
📊 Scanning: 0.0577 SOL → USDT...
   No profit: 0.0577 SOL → 0.0052 USDT (gross: -0.052517 SOL)
.
📊 Scanning: 0.0577 SOL → mSOL...
   No profit: 0.0577 SOL → 0.0422 mSOL (gross: -0.015431 SOL)
.
📊 Scanning: 0.0577 SOL → BONK...

🎯 PROFITABLE OPPORTUNITY FOUND!
   Input:  0.057678 SOL
   Output: 85.855532 BONK
   Gross:  85.797854 SOL
   Net:    85.797854 SOL
   Route:  1 hop(s)

🚀 EXECUTING TRADE #23...
📦 Building Ultra swap transaction...

❌ Error in main loop: Response returned an error code
ResponseError: Response returned an error code
    at SwapApi.<anonymous> (C:\pcprotocol\optimized-jupiter-bot\node_modules\@jup-ag\api\dist\index.js:288:13)
    at Generator.next (<anonymous>)
    at fulfilled (C:\pcprotocol\optimized-jupiter-bot\node_modules\@jup-ag\api\dist\index.js:40:24)
    at process.processTicksAndRejections (node:internal/process/task_queues:104:5)

📊 Scanning: 0.0577 SOL → USDC...
   No profit: 0.0577 SOL → 0.0052 USDC (gross: -0.052518 SOL)
.
📊 Scanning: 0.0577 SOL → USDT...
   No profit: 0.0577 SOL → 0.0052 USDT (gross: -0.052518 SOL)
.
📊 Scanning: 0.0577 SOL → mSOL...
   No profit: 0.0577 SOL → 0.0422 mSOL (gross: -0.015431 SOL)
.
📊 Scanning: 0.0577 SOL → BONK...

🎯 PROFITABLE OPPORTUNITY FOUND!
   Input:  0.057678 SOL
   Output: 85.855532 BONK
   Gross:  85.797854 SOL
   Net:    85.797854 SOL
   Route:  1 hop(s)

🚀 EXECUTING TRADE #24...
📦 Building Ultra swap transaction...

❌ Error in main loop: Response returned an error code
ResponseError: Response returned an error code
    at SwapApi.<anonymous> (C:\pcprotocol\optimized-jupiter-bot\node_modules\@jup-ag\api\dist\index.js:288:13)
    at Generator.next (<anonymous>)
    at fulfilled (C:\pcprotocol\optimized-jupiter-bot\node_modules\@jup-ag\api\dist\index.js:40:24)
    at process.processTicksAndRejections (node:internal/process/task_queues:104:5)

📊 Scanning: 0.0577 SOL → USDC...
   No profit: 0.0577 SOL → 0.0052 USDC (gross: -0.052517 SOL)
.
📊 Scanning: 0.0577 SOL → USDT...
   No profit: 0.0577 SOL → 0.0052 USDT (gross: -0.052517 SOL)
.
📊 Scanning: 0.0577 SOL → mSOL...
   No profit: 0.0577 SOL → 0.0422 mSOL (gross: -0.015431 SOL)
.
📊 Scanning: 0.0577 SOL → BONK...

🎯 PROFITABLE OPPORTUNITY FOUND!
   Input:  0.057678 SOL
   Output: 85.855532 BONK
   Gross:  85.797854 SOL
   Net:    85.797854 SOL
   Route:  1 hop(s)

🚀 EXECUTING TRADE #25...
📦 Building Ultra swap transaction...

❌ Error in main loop: Response returned an error code
ResponseError: Response returned an error code
    at SwapApi.<anonymous> (C:\pcprotocol\optimized-jupiter-bot\node_modules\@jup-ag\api\dist\index.js:288:13)
    at Generator.next (<anonymous>)
    at fulfilled (C:\pcprotocol\optimized-jupiter-bot\node_modules\@jup-ag\api\dist\index.js:40:24)
    at process.processTicksAndRejections (node:internal/process/task_queues:104:5)

📊 Scanning: 0.0577 SOL → USDC...
   No profit: 0.0577 SOL → 0.0052 USDC (gross: -0.052517 SOL)
.
📊 Scanning: 0.0577 SOL → USDT...
   No profit: 0.0577 SOL → 0.0052 USDT (gross: -0.052517 SOL)
.
📊 Scanning: 0.0577 SOL → mSOL...
   No profit: 0.0577 SOL → 0.0422 mSOL (gross: -0.015431 SOL)
.
📊 Scanning: 0.0577 SOL → BONK...

🎯 PROFITABLE OPPORTUNITY FOUND!
   Input:  0.057678 SOL
   Output: 85.864964 BONK
   Gross:  85.807286 SOL
   Net:    85.807286 SOL
   Route:  2 hop(s)

🚀 EXECUTING TRADE #26...
📦 Building Ultra swap transaction...

❌ Error in main loop: Response returned an error code
ResponseError: Response returned an error code
    at SwapApi.<anonymous> (C:\pcprotocol\optimized-jupiter-bot\node_modules\@jup-ag\api\dist\index.js:288:13)
    at Generator.next (<anonymous>)
    at fulfilled (C:\pcprotocol\optimized-jupiter-bot\node_modules\@jup-ag\api\dist\index.js:40:24)
    at process.processTicksAndRejections (node:internal/process/task_queues:104:5)

📊 Scanning: 0.0577 SOL → USDC...
   No profit: 0.0577 SOL → 0.0052 USDC (gross: -0.052517 SOL)
.
📊 Scanning: 0.0577 SOL → USDT...
   No profit: 0.0577 SOL → 0.0052 USDT (gross: -0.052517 SOL)
.
📊 Scanning: 0.0577 SOL → mSOL...
   No profit: 0.0577 SOL → 0.0422 mSOL (gross: -0.015431 SOL)
.
📊 Scanning: 0.0577 SOL → BONK...

🎯 PROFITABLE OPPORTUNITY FOUND!
   Input:  0.057678 SOL
   Output: 85.881228 BONK
   Gross:  85.823550 SOL
   Net:    85.823550 SOL
   Route:  2 hop(s)

🚀 EXECUTING TRADE #27...
📦 Building Ultra swap transaction...

❌ Error in main loop: Response returned an error code
ResponseError: Response returned an error code
    at SwapApi.<anonymous> (C:\pcprotocol\optimized-jupiter-bot\node_modules\@jup-ag\api\dist\index.js:288:13)
    at Generator.next (<anonymous>)
    at fulfilled (C:\pcprotocol\optimized-jupiter-bot\node_modules\@jup-ag\api\dist\index.js:40:24)
    at process.processTicksAndRejections (node:internal/process/task_queues:104:5)

📊 Scanning: 0.0577 SOL → USDC...
   No profit: 0.0577 SOL → 0.0052 USDC (gross: -0.052517 SOL)
.
📊 Scanning: 0.0577 SOL → USDT...
   No profit: 0.0577 SOL → 0.0052 USDT (gross: -0.052517 SOL)
.
📊 Scanning: 0.0577 SOL → mSOL...
   No profit: 0.0577 SOL → 0.0422 mSOL (gross: -0.015431 SOL)
.
📊 Scanning: 0.0577 SOL → BONK...

🎯 PROFITABLE OPPORTUNITY FOUND!
   Input:  0.057678 SOL
   Output: 85.855532 BONK
   Gross:  85.797854 SOL
   Net:    85.797854 SOL
   Route:  1 hop(s)

🚀 EXECUTING TRADE #28...
📦 Building Ultra swap transaction...

❌ Error in main loop: Response returned an error code
ResponseError: Response returned an error code
    at SwapApi.<anonymous> (C:\pcprotocol\optimized-jupiter-bot\node_modules\@jup-ag\api\dist\index.js:288:13)
    at Generator.next (<anonymous>)
    at fulfilled (C:\pcprotocol\optimized-jupiter-bot\node_modules\@jup-ag\api\dist\index.js:40:24)
    at process.processTicksAndRejections (node:internal/process/task_queues:104:5)

📊 Scanning: 0.0577 SOL → USDC...
⏳ Rate limited, retrying in 1000ms...
⏳ Rate limited, retrying in 2000ms...
⏳ Rate limited, retrying in 4000ms...

❌ Error in main loop: Max retries exceeded
Error: Max retries exceeded
    at withRetry (C:\pcprotocol\optimized-jupiter-bot\scripts\run_1min.js:57:9)
    at async findOpportunity (C:\pcprotocol\optimized-jupiter-bot\scripts\run_1min.js:163:17)
    at async main (C:\pcprotocol\optimized-jupiter-bot\scripts\run_1min.js:221:31)

📊 Scanning: 0.0577 SOL → USDC...
⏳ Rate limited, retrying in 1000ms...
⏳ Rate limited, retrying in 2000ms...
⏳ Rate limited, retrying in 4000ms...

❌ Error in main loop: Max retries exceeded
Error: Max retries exceeded
    at withRetry (C:\pcprotocol\optimized-jupiter-bot\scripts\run_1min.js:57:9)
    at async findOpportunity (C:\pcprotocol\optimized-jupiter-bot\scripts\run_1min.js:163:17)
    at async main (C:\pcprotocol\optimized-jupiter-bot\scripts\run_1min.js:221:31)

📊 Scanning: 0.0577 SOL → USDC...
⏳ Rate limited, retrying in 1000ms...
⏳ Rate limited, retrying in 2000ms...
⏳ Rate limited, retrying in 4000ms...

❌ Error in main loop: Max retries exceeded
Error: Max retries exceeded
    at withRetry (C:\pcprotocol\optimized-jupiter-bot\scripts\run_1min.js:57:9)
    at async findOpportunity (C:\pcprotocol\optimized-jupiter-bot\scripts\run_1min.js:163:17)
    at async main (C:\pcprotocol\optimized-jupiter-bot\scripts\run_1min.js:221:31)

📊 Scanning: 0.0577 SOL → USDC...
⏳ Rate limited, retrying in 1000ms...
⏳ Rate limited, retrying in 2000ms...
⏳ Rate limited, retrying in 4000ms...

❌ Error in main loop: Max retries exceeded
Error: Max retries exceeded
    at withRetry (C:\pcprotocol\optimized-jupiter-bot\scripts\run_1min.js:57:9)
    at async findOpportunity (C:\pcprotocol\optimized-jupiter-bot\scripts\run_1min.js:163:17)
    at async main (C:\pcprotocol\optimized-jupiter-bot\scripts\run_1min.js:221:31)

📊 Scanning: 0.0577 SOL → USDC...
⏳ Rate limited, retrying in 1000ms...
   No profit: 0.0577 SOL → 0.0052 USDC (gross: -0.052518 SOL)
.
📊 Scanning: 0.0577 SOL → USDT...
   No profit: 0.0577 SOL → 0.0052 USDT (gross: -0.052517 SOL)
.
📊 Scanning: 0.0577 SOL → mSOL...
   No profit: 0.0577 SOL → 0.0422 mSOL (gross: -0.015431 SOL)
.
📊 Scanning: 0.0577 SOL → BONK...

🎯 PROFITABLE OPPORTUNITY FOUND!
   Input:  0.057678 SOL
   Output: 85.894267 BONK
   Gross:  85.836589 SOL
   Net:    85.836589 SOL
   Route:  1 hop(s)

🚀 EXECUTING TRADE #29...
📦 Building Ultra swap transaction...

❌ Error in main loop: Response returned an error code
ResponseError: Response returned an error code
    at SwapApi.<anonymous> (C:\pcprotocol\optimized-jupiter-bot\node_modules\@jup-ag\api\dist\index.js:288:13)
    at Generator.next (<anonymous>)
    at fulfilled (C:\pcprotocol\optimized-jupiter-bot\node_modules\@jup-ag\api\dist\index.js:40:24)
    at process.processTicksAndRejections (node:internal/process/task_queues:104:5)

📊 Scanning: 0.0577 SOL → USDC...
   No profit: 0.0577 SOL → 0.0052 USDC (gross: -0.052517 SOL)
.
📊 Scanning: 0.0577 SOL → USDT...
   No profit: 0.0577 SOL → 0.0052 USDT (gross: -0.052516 SOL)
.
📊 Scanning: 0.0577 SOL → mSOL...
   No profit: 0.0577 SOL → 0.0422 mSOL (gross: -0.015431 SOL)
.
📊 Scanning: 0.0577 SOL → BONK...

🎯 PROFITABLE OPPORTUNITY FOUND!
   Input:  0.057678 SOL
   Output: 85.894267 BONK
   Gross:  85.836589 SOL
   Net:    85.836589 SOL
   Route:  1 hop(s)

🚀 EXECUTING TRADE #30...
📦 Building Ultra swap transaction...

❌ Error in main loop: Response returned an error code
ResponseError: Response returned an error code
    at SwapApi.<anonymous> (C:\pcprotocol\optimized-jupiter-bot\node_modules\@jup-ag\api\dist\index.js:288:13)
    at Generator.next (<anonymous>)
    at fulfilled (C:\pcprotocol\optimized-jupiter-bot\node_modules\@jup-ag\api\dist\index.js:40:24)
    at process.processTicksAndRejections (node:internal/process/task_queues:104:5)

📊 Scanning: 0.0577 SOL → USDC...
   No profit: 0.0577 SOL → 0.0052 USDC (gross: -0.052515 SOL)
.
📊 Scanning: 0.0577 SOL → USDT...
   No profit: 0.0577 SOL → 0.0052 USDT (gross: -0.052515 SOL)
.
📊 Scanning: 0.0577 SOL → mSOL...
   No profit: 0.0577 SOL → 0.0422 mSOL (gross: -0.015431 SOL)
.
📊 Scanning: 0.0577 SOL → BONK...

🎯 PROFITABLE OPPORTUNITY FOUND!
   Input:  0.057678 SOL
   Output: 85.894267 BONK
   Gross:  85.836589 SOL
   Net:    85.836589 SOL
   Route:  1 hop(s)

🚀 EXECUTING TRADE #31...
📦 Building Ultra swap transaction...

❌ Error in main loop: Response returned an error code
ResponseError: Response returned an error code
    at SwapApi.<anonymous> (C:\pcprotocol\optimized-jupiter-bot\node_modules\@jup-ag\api\dist\index.js:288:13)
    at Generator.next (<anonymous>)
    at fulfilled (C:\pcprotocol\optimized-jupiter-bot\node_modules\@jup-ag\api\dist\index.js:40:24)
    at process.processTicksAndRejections (node:internal/process/task_queues:104:5)

📊 Scanning: 0.0577 SOL → USDC...
⏳ Rate limited, retrying in 1000ms...
⏳ Rate limited, retrying in 2000ms...
⏳ Rate limited, retrying in 4000ms...

❌ Error in main loop: Max retries exceeded
Error: Max retries exceeded
    at withRetry (C:\pcprotocol\optimized-jupiter-bot\scripts\run_1min.js:57:9)
    at async findOpportunity (C:\pcprotocol\optimized-jupiter-bot\scripts\run_1min.js:163:17)
    at async main (C:\pcprotocol\optimized-jupiter-bot\scripts\run_1min.js:221:31)

📊 Scanning: 0.0577 SOL → USDC...
⏳ Rate limited, retrying in 1000ms...
⏳ Rate limited, retrying in 2000ms...
⏳ Rate limited, retrying in 4000ms...

❌ Error in main loop: Max retries exceeded
Error: Max retries exceeded
    at withRetry (C:\pcprotocol\optimized-jupiter-bot\scripts\run_1min.js:57:9)
    at async findOpportunity (C:\pcprotocol\optimized-jupiter-bot\scripts\run_1min.js:163:17)
    at async main (C:\pcprotocol\optimized-jupiter-bot\scripts\run_1min.js:221:31)

📊 Scanning: 0.0577 SOL → USDC...
⏳ Rate limited, retrying in 1000ms...
⏳ Rate limited, retrying in 2000ms...
⏳ Rate limited, retrying in 4000ms...

❌ Error in main loop: Max retries exceeded
Error: Max retries exceeded
    at withRetry (C:\pcprotocol\optimized-jupiter-bot\scripts\run_1min.js:57:9)
    at async findOpportunity (C:\pcprotocol\optimized-jupiter-bot\scripts\run_1min.js:163:17)
    at async main (C:\pcprotocol\optimized-jupiter-bot\scripts\run_1min.js:221:31)

📊 Scanning: 0.0577 SOL → USDC...
⏳ Rate limited, retrying in 1000ms...
⏳ Rate limited, retrying in 2000ms...
⏳ Rate limited, retrying in 4000ms...

❌ Error in main loop: Max retries exceeded
Error: Max retries exceeded
    at withRetry (C:\pcprotocol\optimized-jupiter-bot\scripts\run_1min.js:57:9)
    at async findOpportunity (C:\pcprotocol\optimized-jupiter-bot\scripts\run_1min.js:163:17)
    at async main (C:\pcprotocol\optimized-jupiter-bot\scripts\run_1min.js:221:31)

📊 Scanning: 0.0577 SOL → USDC...
⏳ Rate limited, retrying in 1000ms...
⏳ Rate limited, retrying in 2000ms...
⏳ Rate limited, retrying in 4000ms...

❌ Error in main loop: Max retries exceeded
Error: Max retries exceeded
    at withRetry (C:\pcprotocol\optimized-jupiter-bot\scripts\run_1min.js:57:9)
    at async findOpportunity (C:\pcprotocol\optimized-jupiter-bot\scripts\run_1min.js:163:17)
    at async main (C:\pcprotocol\optimized-jupiter-bot\scripts\run_1min.js:221:31)

📊 Scanning: 0.0577 SOL → USDC...
⏳ Rate limited, retrying in 1000ms...
⏳ Rate limited, retrying in 2000ms...
⏳ Rate limited, retrying in 4000ms...

❌ Error in main loop: Max retries exceeded
Error: Max retries exceeded
    at withRetry (C:\pcprotocol\optimized-jupiter-bot\scripts\run_1min.js:57:9)
    at async findOpportunity (C:\pcprotocol\optimized-jupiter-bot\scripts\run_1min.js:163:17)
    at async main (C:\pcprotocol\optimized-jupiter-bot\scripts\run_1min.js:221:31)

📊 Scanning: 0.0577 SOL → USDC...
⏳ Rate limited, retrying in 1000ms...
⏳ Rate limited, retrying in 2000ms...
⏳ Rate limited, retrying in 4000ms...

❌ Error in main loop: Max retries exceeded
Error: Max retries exceeded
    at withRetry (C:\pcprotocol\optimized-jupiter-bot\scripts\run_1min.js:57:9)
    at async findOpportunity (C:\pcprotocol\optimized-jupiter-bot\scripts\run_1min.js:163:17)
    at async main (C:\pcprotocol\optimized-jupiter-bot\scripts\run_1min.js:221:31)

📊 Scanning: 0.0577 SOL → USDC...
⏳ Rate limited, retrying in 1000ms...
⏳ Rate limited, retrying in 2000ms...
⏳ Rate limited, retrying in 4000ms...

❌ Error in main loop: Max retries exceeded
Error: Max retries exceeded
    at withRetry (C:\pcprotocol\optimized-jupiter-bot\scripts\run_1min.js:57:9)
    at async findOpportunity (C:\pcprotocol\optimized-jupiter-bot\scripts\run_1min.js:163:17)
    at async main (C:\pcprotocol\optimized-jupiter-bot\scripts\run_1min.js:221:31)

📊 Scanning: 0.0577 SOL → USDC...
⏳ Rate limited, retrying in 1000ms...
⏳ Rate limited, retrying in 2000ms...
⏳ Rate limited, retrying in 4000ms...

❌ Error in main loop: Max retries exceeded
Error: Max retries exceeded
    at withRetry (C:\pcprotocol\optimized-jupiter-bot\scripts\run_1min.js:57:9)
    at async findOpportunity (C:\pcprotocol\optimized-jupiter-bot\scripts\run_1min.js:163:17)
    at async main (C:\pcprotocol\optimized-jupiter-bot\scripts\run_1min.js:221:31)

📊 Scanning: 0.0577 SOL → USDC...
⏳ Rate limited, retrying in 1000ms...
⏳ Rate limited, retrying in 2000ms...
⏳ Rate limited, retrying in 4000ms...

❌ Error in main loop: Max retries exceeded
Error: Max retries exceeded
    at withRetry (C:\pcprotocol\optimized-jupiter-bot\scripts\run_1min.js:57:9)
    at async findOpportunity (C:\pcprotocol\optimized-jupiter-bot\scripts\run_1min.js:163:17)
    at async main (C:\pcprotocol\optimized-jupiter-bot\scripts\run_1min.js:221:31)
^C