[dotenv@17.3.1] injecting env (19) from .env -- tip: 🛠️  run anywhere with `dotenvx run -- yourcommand`
🚀 Starting Jupiter Ultra Arbitrage Bot...
✅ Wallet loaded: DnQhJawMXW7ZWA19XbzrV1q3KWZvMnpfyrxe4f74FHVj

🔄 Bot running. Scanning every 5 seconds...
💰 Min profit threshold: 0.001 SOL
📊 Trade size: 10% of balance (max 1.0 SOL)
🛡️ MEV Protection: ShadowLane (34x stronger) 
⚡ Latency: 50-400ms target 


📊 Scanning: 0.0577 SOL → USDC...
   No profit: 0.0577 SOL → 0.0052 USDC (gross: -0.052523 SOL)
.
📊 Scanning: 0.0577 SOL → USDT...
   No profit: 0.0577 SOL → 0.0052 USDT (gross: -0.052523 SOL)
.
📊 Scanning: 0.0577 SOL → mSOL...
   No profit: 0.0577 SOL → 0.0422 mSOL (gross: -0.015431 SOL)
.
📊 Scanning: 0.0577 SOL → BONK...

🎯 PROFITABLE OPPORTUNITY FOUND!
   Input:  0.057678 SOL
   Output: 85.977866 BONK
   Gross:  85.920188 SOL
   Net:    85.920188 SOL
   Route:  1 hop(s)

🚀 EXECUTING TRADE #1...
📦 Building Ultra swap transaction...

❌ Error in main loop: The first argument must be of type string or an instance of Buffer, ArrayBuffer, or Array or an Array-like Object. Received undefined
TypeError [ERR_INVALID_ARG_TYPE]: The first argument must be of type string or an instance of Buffer, ArrayBuffer, or Array or an Array-like Object. Received undefined
    at Buffer.from (node:buffer:348:9)
    at executeUltraSwap (C:\pcprotocol\optimized-jupiter-bot\scripts\run_1min.js:109:54)
    at async main (C:\pcprotocol\optimized-jupiter-bot\scripts\run_1min.js:228:13)

📊 Scanning: 0.0577 SOL → USDC...
   No profit: 0.0577 SOL → 0.0052 USDC (gross: -0.052523 SOL)
.
📊 Scanning: 0.0577 SOL → USDT...
   No profit: 0.0577 SOL → 0.0052 USDT (gross: -0.052522 SOL)
.
📊 Scanning: 0.0577 SOL → mSOL...
   No profit: 0.0577 SOL → 0.0422 mSOL (gross: -0.015431 SOL)
.
📊 Scanning: 0.0577 SOL → BONK...

🎯 PROFITABLE OPPORTUNITY FOUND!
   Input:  0.057678 SOL
   Output: 85.977866 BONK
   Gross:  85.920188 SOL
   Net:    85.920188 SOL
   Route:  1 hop(s)

🚀 EXECUTING TRADE #2...
📦 Building Ultra swap transaction...

❌ Error in main loop: The first argument must be of type string or an instance of Buffer, ArrayBuffer, or Array or an Array-like Object. Received undefined
TypeError [ERR_INVALID_ARG_TYPE]: The first argument must be of type string or an instance of Buffer, ArrayBuffer, or Array or an Array-like Object. Received undefined
    at Buffer.from (node:buffer:348:9)
    at executeUltraSwap (C:\pcprotocol\optimized-jupiter-bot\scripts\run_1min.js:109:54)
    at async main (C:\pcprotocol\optimized-jupiter-bot\scripts\run_1min.js:228:13)

📊 Scanning: 0.0577 SOL → USDC...
   No profit: 0.0577 SOL → 0.0052 USDC (gross: -0.052523 SOL)
.
📊 Scanning: 0.0577 SOL → USDT...
   No profit: 0.0577 SOL → 0.0052 USDT (gross: -0.052522 SOL)
.
📊 Scanning: 0.0577 SOL → mSOL...
   No profit: 0.0577 SOL → 0.0422 mSOL (gross: -0.015431 SOL)
.
📊 Scanning: 0.0577 SOL → BONK...

🎯 PROFITABLE OPPORTUNITY FOUND!
   Input:  0.057678 SOL
   Output: 85.977866 BONK
   Gross:  85.920188 SOL
   Net:    85.920188 SOL
   Route:  1 hop(s)

🚀 EXECUTING TRADE #3...
📦 Building Ultra swap transaction...

❌ Error in main loop: The first argument must be of type string or an instance of Buffer, ArrayBuffer, or Array or an Array-like Object. Received undefined
TypeError [ERR_INVALID_ARG_TYPE]: The first argument must be of type string or an instance of Buffer, ArrayBuffer, or Array or an Array-like Object. Received undefined
    at Buffer.from (node:buffer:348:9)
    at executeUltraSwap (C:\pcprotocol\optimized-jupiter-bot\scripts\run_1min.js:109:54)
    at async main (C:\pcprotocol\optimized-jupiter-bot\scripts\run_1min.js:228:13)

📊 Scanning: 0.0577 SOL → USDC...
   No profit: 0.0577 SOL → 0.0052 USDC (gross: -0.052523 SOL)
.
📊 Scanning: 0.0577 SOL → USDT...
   No profit: 0.0577 SOL → 0.0052 USDT (gross: -0.052523 SOL)
.
📊 Scanning: 0.0577 SOL → mSOL...
   No profit: 0.0577 SOL → 0.0422 mSOL (gross: -0.015431 SOL)
.
📊 Scanning: 0.0577 SOL → BONK...

🎯 PROFITABLE OPPORTUNITY FOUND!
   Input:  0.057678 SOL
   Output: 85.977866 BONK
   Gross:  85.920188 SOL
   Net:    85.920188 SOL
   Route:  1 hop(s)

🚀 EXECUTING TRADE #4...
📦 Building Ultra swap transaction...

❌ Error in main loop: The first argument must be of type string or an instance of Buffer, ArrayBuffer, or Array or an Array-like Object. Received undefined
TypeError [ERR_INVALID_ARG_TYPE]: The first argument must be of type string or an instance of Buffer, ArrayBuffer, or Array or an Array-like Object. Received undefined
    at Buffer.from (node:buffer:348:9)
    at executeUltraSwap (C:\pcprotocol\optimized-jupiter-bot\scripts\run_1min.js:109:54)
    at async main (C:\pcprotocol\optimized-jupiter-bot\scripts\run_1min.js:228:13)

📊 Scanning: 0.0577 SOL → USDC...
   No profit: 0.0577 SOL → 0.0052 USDC (gross: -0.052523 SOL)
.
📊 Scanning: 0.0577 SOL → USDT...
   No profit: 0.0577 SOL → 0.0052 USDT (gross: -0.052523 SOL)
.
📊 Scanning: 0.0577 SOL → mSOL...
   No profit: 0.0577 SOL → 0.0422 mSOL (gross: -0.015431 SOL)
.
📊 Scanning: 0.0577 SOL → BONK...

🎯 PROFITABLE OPPORTUNITY FOUND!
   Input:  0.057678 SOL
   Output: 85.938368 BONK
   Gross:  85.880690 SOL
   Net:    85.880690 SOL
   Route:  1 hop(s)

🚀 EXECUTING TRADE #5...
📦 Building Ultra swap transaction...

❌ Error in main loop: The first argument must be of type string or an instance of Buffer, ArrayBuffer, or Array or an Array-like Object. Received undefined
TypeError [ERR_INVALID_ARG_TYPE]: The first argument must be of type string or an instance of Buffer, ArrayBuffer, or Array or an Array-like Object. Received undefined
    at Buffer.from (node:buffer:348:9)
    at executeUltraSwap (C:\pcprotocol\optimized-jupiter-bot\scripts\run_1min.js:109:54)
    at async main (C:\pcprotocol\optimized-jupiter-bot\scripts\run_1min.js:228:13)

📊 Scanning: 0.0577 SOL → USDC...
   No profit: 0.0577 SOL → 0.0052 USDC (gross: -0.052523 SOL)
.
📊 Scanning: 0.0577 SOL → USDT...
   No profit: 0.0577 SOL → 0.0052 USDT (gross: -0.052523 SOL)
.
📊 Scanning: 0.0577 SOL → mSOL...
   No profit: 0.0577 SOL → 0.0422 mSOL (gross: -0.015431 SOL)
.
📊 Scanning: 0.0577 SOL → BONK...

🎯 PROFITABLE OPPORTUNITY FOUND!
   Input:  0.057678 SOL
   Output: 85.938368 BONK
   Gross:  85.880690 SOL
   Net:    85.880690 SOL
   Route:  1 hop(s)

🚀 EXECUTING TRADE #6...
📦 Building Ultra swap transaction...

❌ Error in main loop: The first argument must be of type string or an instance of Buffer, ArrayBuffer, or Array or an Array-like Object. Received undefined
TypeError [ERR_INVALID_ARG_TYPE]: The first argument must be of type string or an instance of Buffer, ArrayBuffer, or Array or an Array-like Object. Received undefined
    at Buffer.from (node:buffer:348:9)
    at executeUltraSwap (C:\pcprotocol\optimized-jupiter-bot\scripts\run_1min.js:109:54)
    at async main (C:\pcprotocol\optimized-jupiter-bot\scripts\run_1min.js:228:13)
^C