[dotenv@17.3.1] injecting env (19) from .env -- tip: ⚙️  load multiple .env files with { path: ['.env.local', '.env'] }
🧹 EMERGENCY SWEEPER: Exiting stranded positions back to SOL...

📦 Dumping Token: DezXAZ8z7PnrnRJjz3wXBoRgixCa6xjnB7YaB1pPB263 (Spent 0.033517127 SOL originally)
   Estimated Return: 0.033450812 SOL
   ❌ Failed to dump DezXAZ8z7PnrnRJjz3wXBoRgixCa6xjnB7YaB1pPB263: Simulation failed. 
Message: Transaction simulation failed: Error processing Instruction 2: custom program error: 0x1789. 
Logs: 
[
  "Program TokenkegQfeZyiNwAJbNbGKPFXCWuBvf9Ss623VQ5DA invoke [2]",
  "Program log: Instruction: InitializeAccount3",
  "Program TokenkegQfeZyiNwAJbNbGKPFXCWuBvf9Ss623VQ5DA consumed 3158 of 1375191 compute units",
  "Program TokenkegQfeZyiNwAJbNbGKPFXCWuBvf9Ss623VQ5DA success",
  "Program ATokenGPvbdGVxr1b2hvZbsiqW5xWH25efTNsLJA8knL consumed 28100 of 1399850 compute units",
  "Program ATokenGPvbdGVxr1b2hvZbsiqW5xWH25efTNsLJA8knL success",
  "Program JUP6LkbZbjS1jKKwapdHNy74zcZ3tLUZoi5QNyVTaV4 invoke [1]",
  "Program log: Instruction: Route",
  "Program JUP6LkbZbjS1jKKwapdHNy74zcZ3tLUZoi5QNyVTaV4 consumed 1733 of 1371750 compute units",
  "Program JUP6LkbZbjS1jKKwapdHNy74zcZ3tLUZoi5QNyVTaV4 failed: custom program error: 0x1789"
]. 
Catch the `SendTransactionError` and call `getLogs()` on it for full details.

📦 Dumping Token: ukHH6c7mMyiWCf1b9pnWe25TSpkDDt3H5pQZgZ74J82 (Spent 0.030062725 SOL originally)
   Estimated Return: 0.029908864 SOL
   ❌ Failed to dump ukHH6c7mMyiWCf1b9pnWe25TSpkDDt3H5pQZgZ74J82: Simulation failed. 
Message: Transaction simulation failed: Error processing Instruction 2: custom program error: 0x1788. 
Logs: 
[
  "Program TokenkegQfeZyiNwAJbNbGKPFXCWuBvf9Ss623VQ5DA invoke [2]",
  "Program log: Instruction: InitializeAccount3",
  "Program TokenkegQfeZyiNwAJbNbGKPFXCWuBvf9Ss623VQ5DA consumed 3158 of 1375191 compute units",
  "Program TokenkegQfeZyiNwAJbNbGKPFXCWuBvf9Ss623VQ5DA success",
  "Program ATokenGPvbdGVxr1b2hvZbsiqW5xWH25efTNsLJA8knL consumed 28100 of 1399850 compute units",
  "Program ATokenGPvbdGVxr1b2hvZbsiqW5xWH25efTNsLJA8knL success",
  "Program JUP6LkbZbjS1jKKwapdHNy74zcZ3tLUZoi5QNyVTaV4 invoke [1]",
  "Program log: Instruction: Route",
  "Program JUP6LkbZbjS1jKKwapdHNy74zcZ3tLUZoi5QNyVTaV4 consumed 1330 of 1371750 compute units",
  "Program JUP6LkbZbjS1jKKwapdHNy74zcZ3tLUZoi5QNyVTaV4 failed: custom program error: 0x1788"
]. 
Catch the `SendTransactionError` and call `getLogs()` on it for full details.

📦 Dumping Token: rndrizKT3MK1iimdxRdWabcF7Zg7AR5T4nud4EkHBof (Spent 0.026852025 SOL originally)
   Estimated Return: 0.026798261 SOL
   ❌ Failed to dump rndrizKT3MK1iimdxRdWabcF7Zg7AR5T4nud4EkHBof: Simulation failed. 
Message: Transaction simulation failed: Error processing Instruction 3: custom program error: 0x1788. 
Logs: 
[
  "Program TokenkegQfeZyiNwAJbNbGKPFXCWuBvf9Ss623VQ5DA invoke [2]",
  "Program log: Instruction: InitializeAccount3",
  "Program TokenkegQfeZyiNwAJbNbGKPFXCWuBvf9Ss623VQ5DA consumed 3158 of 1375041 compute units",
  "Program TokenkegQfeZyiNwAJbNbGKPFXCWuBvf9Ss623VQ5DA success",
  "Program ATokenGPvbdGVxr1b2hvZbsiqW5xWH25efTNsLJA8knL consumed 28100 of 1399700 compute units",
  "Program ATokenGPvbdGVxr1b2hvZbsiqW5xWH25efTNsLJA8knL success",
  "Program JUP6LkbZbjS1jKKwapdHNy74zcZ3tLUZoi5QNyVTaV4 invoke [1]",
  "Program log: Instruction: SharedAccountsRoute",
  "Program JUP6LkbZbjS1jKKwapdHNy74zcZ3tLUZoi5QNyVTaV4 consumed 2446 of 1371600 compute units",
  "Program JUP6LkbZbjS1jKKwapdHNy74zcZ3tLUZoi5QNyVTaV4 failed: custom program error: 0x1788"
]. 
Catch the `SendTransactionError` and call `getLogs()` on it for full details.

📦 Dumping Token: hntyVP6YFm1Hg25TN9WGLqM12b8TQmcknKrdu1oxWux (Spent 0.050240065 SOL originally)
   Estimated Return: 0.0501921 SOL
   ❌ Failed to dump hntyVP6YFm1Hg25TN9WGLqM12b8TQmcknKrdu1oxWux: Simulation failed. 
Message: Transaction simulation failed: Error processing Instruction 2: custom program error: 0x1789. 
Logs: 
[
  "Program TokenkegQfeZyiNwAJbNbGKPFXCWuBvf9Ss623VQ5DA invoke [2]",
  "Program log: Instruction: InitializeAccount3",
  "Program TokenkegQfeZyiNwAJbNbGKPFXCWuBvf9Ss623VQ5DA consumed 3158 of 1375191 compute units",
  "Program TokenkegQfeZyiNwAJbNbGKPFXCWuBvf9Ss623VQ5DA success",
  "Program ATokenGPvbdGVxr1b2hvZbsiqW5xWH25efTNsLJA8knL consumed 28100 of 1399850 compute units",
  "Program ATokenGPvbdGVxr1b2hvZbsiqW5xWH25efTNsLJA8knL success",
  "Program JUP6LkbZbjS1jKKwapdHNy74zcZ3tLUZoi5QNyVTaV4 invoke [1]",
  "Program log: Instruction: Route",
  "Program JUP6LkbZbjS1jKKwapdHNy74zcZ3tLUZoi5QNyVTaV4 consumed 1504 of 1371750 compute units",
  "Program JUP6LkbZbjS1jKKwapdHNy74zcZ3tLUZoi5QNyVTaV4 failed: custom program error: 0x1789"
]. 
Catch the `SendTransactionError` and call `getLogs()` on it for full details.

✅ Bag Sweep completely resolved.
